running egg_info
creating ../build/trailblazerml/trailblazerml.egg-info
writing ../build/trailblazerml/trailblazerml.egg-info/PKG-INFO
writing dependency_links to ../build/trailblazerml/trailblazerml.egg-info/dependency_links.txt
writing entry points to ../build/trailblazerml/trailblazerml.egg-info/entry_points.txt
writing requirements to ../build/trailblazerml/trailblazerml.egg-info/requires.txt
writing top-level names to ../build/trailblazerml/trailblazerml.egg-info/top_level.txt
writing manifest file '../build/trailblazerml/trailblazerml.egg-info/SOURCES.txt'
reading manifest file '../build/trailblazerml/trailblazerml.egg-info/SOURCES.txt'
writing manifest file '../build/trailblazerml/trailblazerml.egg-info/SOURCES.txt'
running build
running build_py
creating /home/konrad/TrailblazerML/src/build/trailblazerml/build
creating /home/konrad/TrailblazerML/src/build/trailblazerml/build/lib
creating /home/konrad/TrailblazerML/src/build/trailblazerml/build/lib/trailblazerml
copying trailblazerml/__init__.py -> /home/konrad/TrailblazerML/src/build/trailblazerml/build/lib/trailblazerml
running install
running install_lib
creating /home/konrad/TrailblazerML/src/install/trailblazerml/lib/python3.10/site-packages/trailblazerml
copying /home/konrad/TrailblazerML/src/build/trailblazerml/build/lib/trailblazerml/__init__.py -> /home/konrad/TrailblazerML/src/install/trailblazerml/lib/python3.10/site-packages/trailblazerml
byte-compiling /home/konrad/TrailblazerML/src/install/trailblazerml/lib/python3.10/site-packages/trailblazerml/__init__.py to __init__.cpython-310.pyc
running install_data
creating /home/konrad/TrailblazerML/src/install/trailblazerml/share/ament_index
creating /home/konrad/TrailblazerML/src/install/trailblazerml/share/ament_index/resource_index
creating /home/konrad/TrailblazerML/src/install/trailblazerml/share/ament_index/resource_index/packages
copying resource/trailblazerml -> /home/konrad/TrailblazerML/src/install/trailblazerml/share/ament_index/resource_index/packages
copying package.xml -> /home/konrad/TrailblazerML/src/install/trailblazerml/share/trailblazerml
running install_egg_info
Copying ../build/trailblazerml/trailblazerml.egg-info to /home/konrad/TrailblazerML/src/install/trailblazerml/lib/python3.10/site-packages/trailblazerml-0.0.0-py3.10.egg-info
running install_scripts
writing list of installed files to '/home/konrad/TrailblazerML/src/build/trailblazerml/install.log'
