running egg_info
creating ../build/rover_teleop_twist_joy/rover_teleop_twist_joy.egg-info
writing ../build/rover_teleop_twist_joy/rover_teleop_twist_joy.egg-info/PKG-INFO
writing dependency_links to ../build/rover_teleop_twist_joy/rover_teleop_twist_joy.egg-info/dependency_links.txt
writing entry points to ../build/rover_teleop_twist_joy/rover_teleop_twist_joy.egg-info/entry_points.txt
writing requirements to ../build/rover_teleop_twist_joy/rover_teleop_twist_joy.egg-info/requires.txt
writing top-level names to ../build/rover_teleop_twist_joy/rover_teleop_twist_joy.egg-info/top_level.txt
writing manifest file '../build/rover_teleop_twist_joy/rover_teleop_twist_joy.egg-info/SOURCES.txt'
reading manifest file '../build/rover_teleop_twist_joy/rover_teleop_twist_joy.egg-info/SOURCES.txt'
writing manifest file '../build/rover_teleop_twist_joy/rover_teleop_twist_joy.egg-info/SOURCES.txt'
running build
running build_py
creating /home/konrad/TrailblazerML/src/build/rover_teleop_twist_joy/build
creating /home/konrad/TrailblazerML/src/build/rover_teleop_twist_joy/build/lib
creating /home/konrad/TrailblazerML/src/build/rover_teleop_twist_joy/build/lib/rover_teleop_twist_joy
copying rover_teleop_twist_joy/__init__.py -> /home/konrad/TrailblazerML/src/build/rover_teleop_twist_joy/build/lib/rover_teleop_twist_joy
copying rover_teleop_twist_joy/teleop_twist_node.py -> /home/konrad/TrailblazerML/src/build/rover_teleop_twist_joy/build/lib/rover_teleop_twist_joy
running install
running install_lib
creating /home/konrad/TrailblazerML/src/install/rover_teleop_twist_joy/lib/python3.10/site-packages/rover_teleop_twist_joy
copying /home/konrad/TrailblazerML/src/build/rover_teleop_twist_joy/build/lib/rover_teleop_twist_joy/__init__.py -> /home/konrad/TrailblazerML/src/install/rover_teleop_twist_joy/lib/python3.10/site-packages/rover_teleop_twist_joy
copying /home/konrad/TrailblazerML/src/build/rover_teleop_twist_joy/build/lib/rover_teleop_twist_joy/teleop_twist_node.py -> /home/konrad/TrailblazerML/src/install/rover_teleop_twist_joy/lib/python3.10/site-packages/rover_teleop_twist_joy
byte-compiling /home/konrad/TrailblazerML/src/install/rover_teleop_twist_joy/lib/python3.10/site-packages/rover_teleop_twist_joy/__init__.py to __init__.cpython-310.pyc
byte-compiling /home/konrad/TrailblazerML/src/install/rover_teleop_twist_joy/lib/python3.10/site-packages/rover_teleop_twist_joy/teleop_twist_node.py to teleop_twist_node.cpython-310.pyc
running install_data
creating /home/konrad/TrailblazerML/src/install/rover_teleop_twist_joy/share/ament_index
creating /home/konrad/TrailblazerML/src/install/rover_teleop_twist_joy/share/ament_index/resource_index
creating /home/konrad/TrailblazerML/src/install/rover_teleop_twist_joy/share/ament_index/resource_index/packages
copying resource/rover_teleop_twist_joy -> /home/konrad/TrailblazerML/src/install/rover_teleop_twist_joy/share/ament_index/resource_index/packages
copying package.xml -> /home/konrad/TrailblazerML/src/install/rover_teleop_twist_joy/share/rover_teleop_twist_joy
creating /home/konrad/TrailblazerML/src/install/rover_teleop_twist_joy/share/rover_teleop_twist_joy/launch
copying launch/teleop_twist_launch.py -> /home/konrad/TrailblazerML/src/install/rover_teleop_twist_joy/share/rover_teleop_twist_joy/launch
running install_egg_info
Copying ../build/rover_teleop_twist_joy/rover_teleop_twist_joy.egg-info to /home/konrad/TrailblazerML/src/install/rover_teleop_twist_joy/lib/python3.10/site-packages/rover_teleop_twist_joy-0.0.0-py3.10.egg-info
running install_scripts
Installing teleop_twist_node script to /home/konrad/TrailblazerML/src/install/rover_teleop_twist_joy/lib/rover_teleop_twist_joy
writing list of installed files to '/home/konrad/TrailblazerML/src/build/rover_teleop_twist_joy/install.log'
