[1.615s] Invoking command in '/home/konrad/TrailblazerML/src/rover_teleop_twist_joy': PYTHONPATH=/home/konrad/TrailblazerML/src/build/rover_teleop_twist_joy/prefix_override:/usr/lib/python3/dist-packages/colcon_core/task/python/colcon_distutils_commands:/home/konrad/TrailblazerML/src/install/rover_teleop_twist_joy/lib/python3.10/site-packages:${PYTHONPATH} /usr/bin/python3 -W ignore:setup.py install is deprecated -W ignore:easy_install command is deprecated setup.py egg_info --egg-base ../build/rover_teleop_twist_joy build --build-base /home/konrad/TrailblazerML/src/build/rover_teleop_twist_joy/build install --record /home/konrad/TrailblazerML/src/build/rover_teleop_twist_joy/install.log --single-version-externally-managed install_data
[2.097s] running egg_info
[2.100s] creating ../build/rover_teleop_twist_joy/rover_teleop_twist_joy.egg-info
[2.100s] writing ../build/rover_teleop_twist_joy/rover_teleop_twist_joy.egg-info/PKG-INFO
[2.102s] writing dependency_links to ../build/rover_teleop_twist_joy/rover_teleop_twist_joy.egg-info/dependency_links.txt
[2.102s] writing entry points to ../build/rover_teleop_twist_joy/rover_teleop_twist_joy.egg-info/entry_points.txt
[2.102s] writing requirements to ../build/rover_teleop_twist_joy/rover_teleop_twist_joy.egg-info/requires.txt
[2.103s] writing top-level names to ../build/rover_teleop_twist_joy/rover_teleop_twist_joy.egg-info/top_level.txt
[2.103s] writing manifest file '../build/rover_teleop_twist_joy/rover_teleop_twist_joy.egg-info/SOURCES.txt'
[2.105s] reading manifest file '../build/rover_teleop_twist_joy/rover_teleop_twist_joy.egg-info/SOURCES.txt'
[2.106s] writing manifest file '../build/rover_teleop_twist_joy/rover_teleop_twist_joy.egg-info/SOURCES.txt'
[2.107s] running build
[2.107s] running build_py
[2.107s] creating /home/konrad/TrailblazerML/src/build/rover_teleop_twist_joy/build
[2.109s] creating /home/konrad/TrailblazerML/src/build/rover_teleop_twist_joy/build/lib
[2.110s] creating /home/konrad/TrailblazerML/src/build/rover_teleop_twist_joy/build/lib/rover_teleop_twist_joy
[2.110s] copying rover_teleop_twist_joy/__init__.py -> /home/konrad/TrailblazerML/src/build/rover_teleop_twist_joy/build/lib/rover_teleop_twist_joy
[2.110s] copying rover_teleop_twist_joy/teleop_twist_node.py -> /home/konrad/TrailblazerML/src/build/rover_teleop_twist_joy/build/lib/rover_teleop_twist_joy
[2.110s] running install
[2.110s] running install_lib
[2.111s] creating /home/konrad/TrailblazerML/src/install/rover_teleop_twist_joy/lib/python3.10/site-packages/rover_teleop_twist_joy
[2.113s] copying /home/konrad/TrailblazerML/src/build/rover_teleop_twist_joy/build/lib/rover_teleop_twist_joy/__init__.py -> /home/konrad/TrailblazerML/src/install/rover_teleop_twist_joy/lib/python3.10/site-packages/rover_teleop_twist_joy
[2.114s] copying /home/konrad/TrailblazerML/src/build/rover_teleop_twist_joy/build/lib/rover_teleop_twist_joy/teleop_twist_node.py -> /home/konrad/TrailblazerML/src/install/rover_teleop_twist_joy/lib/python3.10/site-packages/rover_teleop_twist_joy
[2.122s] byte-compiling /home/konrad/TrailblazerML/src/install/rover_teleop_twist_joy/lib/python3.10/site-packages/rover_teleop_twist_joy/__init__.py to __init__.cpython-310.pyc
[2.122s] byte-compiling /home/konrad/TrailblazerML/src/install/rover_teleop_twist_joy/lib/python3.10/site-packages/rover_teleop_twist_joy/teleop_twist_node.py to teleop_twist_node.cpython-310.pyc
[2.122s] running install_data
[2.122s] creating /home/konrad/TrailblazerML/src/install/rover_teleop_twist_joy/share/ament_index
[2.123s] creating /home/konrad/TrailblazerML/src/install/rover_teleop_twist_joy/share/ament_index/resource_index
[2.123s] creating /home/konrad/TrailblazerML/src/install/rover_teleop_twist_joy/share/ament_index/resource_index/packages
[2.123s] copying resource/rover_teleop_twist_joy -> /home/konrad/TrailblazerML/src/install/rover_teleop_twist_joy/share/ament_index/resource_index/packages
[2.123s] copying package.xml -> /home/konrad/TrailblazerML/src/install/rover_teleop_twist_joy/share/rover_teleop_twist_joy
[2.123s] creating /home/konrad/TrailblazerML/src/install/rover_teleop_twist_joy/share/rover_teleop_twist_joy/launch
[2.123s] copying launch/teleop_twist_launch.py -> /home/konrad/TrailblazerML/src/install/rover_teleop_twist_joy/share/rover_teleop_twist_joy/launch
[2.123s] running install_egg_info
[2.127s] Copying ../build/rover_teleop_twist_joy/rover_teleop_twist_joy.egg-info to /home/konrad/TrailblazerML/src/install/rover_teleop_twist_joy/lib/python3.10/site-packages/rover_teleop_twist_joy-0.0.0-py3.10.egg-info
[2.131s] running install_scripts
[2.177s] Installing teleop_twist_node script to /home/konrad/TrailblazerML/src/install/rover_teleop_twist_joy/lib/rover_teleop_twist_joy
[2.177s] writing list of installed files to '/home/konrad/TrailblazerML/src/build/rover_teleop_twist_joy/install.log'
[2.254s] Invoked command in '/home/konrad/TrailblazerML/src/rover_teleop_twist_joy' returned '0': PYTHONPATH=/home/konrad/TrailblazerML/src/build/rover_teleop_twist_joy/prefix_override:/usr/lib/python3/dist-packages/colcon_core/task/python/colcon_distutils_commands:/home/konrad/TrailblazerML/src/install/rover_teleop_twist_joy/lib/python3.10/site-packages:${PYTHONPATH} /usr/bin/python3 -W ignore:setup.py install is deprecated -W ignore:easy_install command is deprecated setup.py egg_info --egg-base ../build/rover_teleop_twist_joy build --build-base /home/konrad/TrailblazerML/src/build/rover_teleop_twist_joy/build install --record /home/konrad/TrailblazerML/src/build/rover_teleop_twist_joy/install.log --single-version-externally-managed install_data
