/home/konrad/TrailblazerML/src/install/gazebo_viz/lib/python3.10/site-packages/gazebo_viz/__init__.py
/home/konrad/TrailblazerML/src/install/gazebo_viz/lib/python3.10/site-packages/gazebo_viz/__pycache__/__init__.cpython-310.pyc
/home/konrad/TrailblazerML/src/install/gazebo_viz/share/ament_index/resource_index/packages/gazebo_viz
/home/konrad/TrailblazerML/src/install/gazebo_viz/share/gazebo_viz/package.xml
/home/konrad/TrailblazerML/src/install/gazebo_viz/share/gazebo_viz/launch/localization_launch.py
/home/konrad/TrailblazerML/src/install/gazebo_viz/share/gazebo_viz/launch/online_async_launch.py
/home/konrad/TrailblazerML/src/install/gazebo_viz/share/gazebo_viz/launch/camera.launch.py
/home/konrad/TrailblazerML/src/install/gazebo_viz/share/gazebo_viz/launch/navigation_launch.py
/home/konrad/TrailblazerML/src/install/gazebo_viz/share/gazebo_viz/launch/teleop_twist_keyboard.launch.py
/home/konrad/TrailblazerML/src/install/gazebo_viz/share/gazebo_viz/launch/launch_robot.launch.py
/home/konrad/TrailblazerML/src/install/gazebo_viz/share/gazebo_viz/launch/rsp.launch.py
/home/konrad/TrailblazerML/src/install/gazebo_viz/share/gazebo_viz/launch/ball_tracker.launch.py
/home/konrad/TrailblazerML/src/install/gazebo_viz/share/gazebo_viz/launch/launch_sim.launch.py
/home/konrad/TrailblazerML/src/install/gazebo_viz/share/gazebo_viz/launch/joystick.launch.py
/home/konrad/TrailblazerML/src/install/gazebo_viz/share/gazebo_viz/launch/rplidar.launch.py
/home/konrad/TrailblazerML/src/install/gazebo_viz/share/gazebo_viz/worlds/obstacles.world
/home/konrad/TrailblazerML/src/install/gazebo_viz/share/gazebo_viz/worlds/empty.world
/home/konrad/TrailblazerML/src/install/gazebo_viz/share/gazebo_viz/description/gazebo_control.xacro
/home/konrad/TrailblazerML/src/install/gazebo_viz/share/gazebo_viz/description/face.xacro
/home/konrad/TrailblazerML/src/install/gazebo_viz/share/gazebo_viz/description/robot.urdf.xacro
/home/konrad/TrailblazerML/src/install/gazebo_viz/share/gazebo_viz/description/camera.xacro
/home/konrad/TrailblazerML/src/install/gazebo_viz/share/gazebo_viz/description/depth_camera.xacro
/home/konrad/TrailblazerML/src/install/gazebo_viz/share/gazebo_viz/description/inertial_macros.xacro
/home/konrad/TrailblazerML/src/install/gazebo_viz/share/gazebo_viz/description/lidar.xacro
/home/konrad/TrailblazerML/src/install/gazebo_viz/share/gazebo_viz/description/robot_core.xacro
/home/konrad/TrailblazerML/src/install/gazebo_viz/share/gazebo_viz/description/ros2_control.xacro
/home/konrad/TrailblazerML/src/install/gazebo_viz/share/gazebo_viz/config/gaz_ros2_ctl_use_sim.yaml
/home/konrad/TrailblazerML/src/install/gazebo_viz/share/gazebo_viz/config/twist_mux.yaml
/home/konrad/TrailblazerML/src/install/gazebo_viz/share/gazebo_viz/config/joystick.yaml
/home/konrad/TrailblazerML/src/install/gazebo_viz/share/gazebo_viz/config/mapper_params_online_async.yaml
/home/konrad/TrailblazerML/src/install/gazebo_viz/share/gazebo_viz/config/ball_tracker_params_robot.yaml
/home/konrad/TrailblazerML/src/install/gazebo_viz/share/gazebo_viz/config/my_controllers_right.yaml
/home/konrad/TrailblazerML/src/install/gazebo_viz/share/gazebo_viz/config/ball_tracker_params_sim.yaml
/home/konrad/TrailblazerML/src/install/gazebo_viz/share/gazebo_viz/config/my_controllers.yaml
/home/konrad/TrailblazerML/src/install/gazebo_viz/share/gazebo_viz/config/my_controllers_left.yaml
/home/konrad/TrailblazerML/src/install/gazebo_viz/share/gazebo_viz/config/gazebo_params.yaml
/home/konrad/TrailblazerML/src/install/gazebo_viz/share/gazebo_viz/config/empty.yaml
/home/konrad/TrailblazerML/src/install/gazebo_viz/share/gazebo_viz/config/nav2_params.yaml
/home/konrad/TrailblazerML/src/install/gazebo_viz/share/gazebo_viz/meshes
/home/konrad/TrailblazerML/src/install/gazebo_viz/lib/python3.10/site-packages/gazebo_viz-0.0.0-py3.10.egg-info/dependency_links.txt
/home/konrad/TrailblazerML/src/install/gazebo_viz/lib/python3.10/site-packages/gazebo_viz-0.0.0-py3.10.egg-info/zip-safe
/home/konrad/TrailblazerML/src/install/gazebo_viz/lib/python3.10/site-packages/gazebo_viz-0.0.0-py3.10.egg-info/PKG-INFO
/home/konrad/TrailblazerML/src/install/gazebo_viz/lib/python3.10/site-packages/gazebo_viz-0.0.0-py3.10.egg-info/requires.txt
/home/konrad/TrailblazerML/src/install/gazebo_viz/lib/python3.10/site-packages/gazebo_viz-0.0.0-py3.10.egg-info/top_level.txt
/home/konrad/TrailblazerML/src/install/gazebo_viz/lib/python3.10/site-packages/gazebo_viz-0.0.0-py3.10.egg-info/SOURCES.txt
/home/konrad/TrailblazerML/src/install/gazebo_viz/lib/python3.10/site-packages/gazebo_viz-0.0.0-py3.10.egg-info/entry_points.txt
