[0.050s] Invoking command in '/home/konrad/TrailblazerML/src/build/depthai_descriptions': CMAKE_PREFIX_PATH=${CMAKE_PREFIX_PATH}:/home/konrad/TrailblazerML/install/trailblazerml:/home/konrad/TrailblazerML/install/rover_teleop_twist_joy:/home/konrad/TrailblazerML/install/gazebo_viz:/opt/ros/humble /usr/bin/cmake /home/konrad/TrailblazerML/src/depthai-ros/depthai_descriptions -DCMAKE_INSTALL_PREFIX=/home/konrad/TrailblazerML/src/install/depthai_descriptions
[0.428s] -- The C compiler identification is GNU 11.4.0
[0.648s] -- The CXX compiler identification is GNU 11.4.0
[0.663s] -- Detecting C compiler ABI info
[0.801s] -- Detecting C compiler ABI info - done
[0.838s] -- Check for working C compiler: /usr/bin/cc - skipped
[0.840s] -- Detecting C compile features
[0.841s] -- Detecting C compile features - done
[0.848s] -- Detecting CXX compiler ABI info
[1.114s] -- Detecting CXX compiler ABI info - done
[1.157s] -- Check for working CXX compiler: /usr/bin/c++ - skipped
[1.157s] -- Detecting CXX compile features
[1.158s] -- Detecting CXX compile features - done
[1.185s] -- Found ament_cmake: 1.3.11 (/opt/ros/humble/share/ament_cmake/cmake)
[1.631s] -- Found Python3: /usr/bin/python3 (found version "3.10.12") found components: Interpreter 
[2.019s] -- Configuring done
[2.031s] -- Generating done
[2.035s] -- Build files have been written to: /home/konrad/TrailblazerML/src/build/depthai_descriptions
[2.055s] Invoked command in '/home/konrad/TrailblazerML/src/build/depthai_descriptions' returned '0': CMAKE_PREFIX_PATH=${CMAKE_PREFIX_PATH}:/home/konrad/TrailblazerML/install/trailblazerml:/home/konrad/TrailblazerML/install/rover_teleop_twist_joy:/home/konrad/TrailblazerML/install/gazebo_viz:/opt/ros/humble /usr/bin/cmake /home/konrad/TrailblazerML/src/depthai-ros/depthai_descriptions -DCMAKE_INSTALL_PREFIX=/home/konrad/TrailblazerML/src/install/depthai_descriptions
[2.075s] Invoking command in '/home/konrad/TrailblazerML/src/build/depthai_descriptions': CMAKE_PREFIX_PATH=${CMAKE_PREFIX_PATH}:/home/konrad/TrailblazerML/install/trailblazerml:/home/konrad/TrailblazerML/install/rover_teleop_twist_joy:/home/konrad/TrailblazerML/install/gazebo_viz:/opt/ros/humble /usr/bin/cmake --build /home/konrad/TrailblazerML/src/build/depthai_descriptions -- -j4 -l4
[2.168s] Invoked command in '/home/konrad/TrailblazerML/src/build/depthai_descriptions' returned '0': CMAKE_PREFIX_PATH=${CMAKE_PREFIX_PATH}:/home/konrad/TrailblazerML/install/trailblazerml:/home/konrad/TrailblazerML/install/rover_teleop_twist_joy:/home/konrad/TrailblazerML/install/gazebo_viz:/opt/ros/humble /usr/bin/cmake --build /home/konrad/TrailblazerML/src/build/depthai_descriptions -- -j4 -l4
[2.180s] Invoking command in '/home/konrad/TrailblazerML/src/build/depthai_descriptions': CMAKE_PREFIX_PATH=${CMAKE_PREFIX_PATH}:/home/konrad/TrailblazerML/install/trailblazerml:/home/konrad/TrailblazerML/install/rover_teleop_twist_joy:/home/konrad/TrailblazerML/install/gazebo_viz:/opt/ros/humble /usr/bin/cmake --install /home/konrad/TrailblazerML/src/build/depthai_descriptions
[2.201s] -- Install configuration: ""
[2.202s] -- Installing: /home/konrad/TrailblazerML/src/install/depthai_descriptions/share/depthai_descriptions/launch
[2.202s] -- Installing: /home/konrad/TrailblazerML/src/install/depthai_descriptions/share/depthai_descriptions/launch/urdf_launch.py
[2.203s] -- Installing: /home/konrad/TrailblazerML/src/install/depthai_descriptions/share/depthai_descriptions/urdf
[2.203s] -- Installing: /home/konrad/TrailblazerML/src/install/depthai_descriptions/share/depthai_descriptions/urdf/depthai_descr.urdf.xacro
[2.203s] -- Installing: /home/konrad/TrailblazerML/src/install/depthai_descriptions/share/depthai_descriptions/urdf/include
[2.204s] -- Installing: /home/konrad/TrailblazerML/src/install/depthai_descriptions/share/depthai_descriptions/urdf/include/depthai_macro.urdf.xacro
[2.204s] -- Installing: /home/konrad/TrailblazerML/src/install/depthai_descriptions/share/depthai_descriptions/urdf/include/base_macro.urdf.xacro
[2.204s] -- Installing: /home/konrad/TrailblazerML/src/install/depthai_descriptions/share/depthai_descriptions/urdf/base_descr.urdf.xacro
[2.205s] -- Installing: /home/konrad/TrailblazerML/src/install/depthai_descriptions/share/depthai_descriptions/urdf/models
[2.207s] -- Installing: /home/konrad/TrailblazerML/src/install/depthai_descriptions/share/depthai_descriptions/urdf/models/OAK-D-CM4-POE.stl
[2.245s] -- Installing: /home/konrad/TrailblazerML/src/install/depthai_descriptions/share/depthai_descriptions/urdf/models/OAK-D-SR-POE.stl
[2.268s] -- Installing: /home/konrad/TrailblazerML/src/install/depthai_descriptions/share/depthai_descriptions/urdf/models/OAK-D-LITE.stl
[2.280s] -- Installing: /home/konrad/TrailblazerML/src/install/depthai_descriptions/share/depthai_descriptions/urdf/models/OAK-D-LR.stl
[2.290s] -- Installing: /home/konrad/TrailblazerML/src/install/depthai_descriptions/share/depthai_descriptions/urdf/models/OAK-D-S2.stl
[2.305s] -- Installing: /home/konrad/TrailblazerML/src/install/depthai_descriptions/share/depthai_descriptions/urdf/models/OAK-D-SR.stl
[2.326s] -- Installing: /home/konrad/TrailblazerML/src/install/depthai_descriptions/share/depthai_descriptions/urdf/models/OAK-D-PRO-W.stl
[2.345s] -- Installing: /home/konrad/TrailblazerML/src/install/depthai_descriptions/share/depthai_descriptions/urdf/models/OAK-D.stl
[2.358s] -- Installing: /home/konrad/TrailblazerML/src/install/depthai_descriptions/share/depthai_descriptions/urdf/models/OAK-D-IOT-75.stl
[2.408s] -- Installing: /home/konrad/TrailblazerML/src/install/depthai_descriptions/share/depthai_descriptions/urdf/models/OAK-D-PRO.stl
[2.418s] -- Installing: /home/konrad/TrailblazerML/src/install/depthai_descriptions/share/depthai_descriptions/urdf/models/OAK-D-POE.stl
[2.438s] -- Installing: /home/konrad/TrailblazerML/src/install/depthai_descriptions/share/depthai_descriptions/environment/depthai_descriptions.sh
[2.439s] -- Installing: /home/konrad/TrailblazerML/src/install/depthai_descriptions/share/depthai_descriptions/environment/depthai_descriptions.dsv
[2.440s] -- Installing: /home/konrad/TrailblazerML/src/install/depthai_descriptions/share/ament_index/resource_index/package_run_dependencies/depthai_descriptions
[2.440s] -- Installing: /home/konrad/TrailblazerML/src/install/depthai_descriptions/share/ament_index/resource_index/parent_prefix_path/depthai_descriptions
[2.440s] -- Installing: /home/konrad/TrailblazerML/src/install/depthai_descriptions/share/depthai_descriptions/environment/ament_prefix_path.sh
[2.440s] -- Installing: /home/konrad/TrailblazerML/src/install/depthai_descriptions/share/depthai_descriptions/environment/ament_prefix_path.dsv
[2.440s] -- Installing: /home/konrad/TrailblazerML/src/install/depthai_descriptions/share/depthai_descriptions/environment/path.sh
[2.440s] -- Installing: /home/konrad/TrailblazerML/src/install/depthai_descriptions/share/depthai_descriptions/environment/path.dsv
[2.441s] -- Installing: /home/konrad/TrailblazerML/src/install/depthai_descriptions/share/depthai_descriptions/local_setup.bash
[2.441s] -- Installing: /home/konrad/TrailblazerML/src/install/depthai_descriptions/share/depthai_descriptions/local_setup.sh
[2.441s] -- Installing: /home/konrad/TrailblazerML/src/install/depthai_descriptions/share/depthai_descriptions/local_setup.zsh
[2.441s] -- Installing: /home/konrad/TrailblazerML/src/install/depthai_descriptions/share/depthai_descriptions/local_setup.dsv
[2.441s] -- Installing: /home/konrad/TrailblazerML/src/install/depthai_descriptions/share/depthai_descriptions/package.dsv
[2.441s] -- Installing: /home/konrad/TrailblazerML/src/install/depthai_descriptions/share/ament_index/resource_index/packages/depthai_descriptions
[2.441s] -- Installing: /home/konrad/TrailblazerML/src/install/depthai_descriptions/share/depthai_descriptions/cmake/depthai_descriptionsConfig.cmake
[2.441s] -- Installing: /home/konrad/TrailblazerML/src/install/depthai_descriptions/share/depthai_descriptions/cmake/depthai_descriptionsConfig-version.cmake
[2.441s] -- Installing: /home/konrad/TrailblazerML/src/install/depthai_descriptions/share/depthai_descriptions/package.xml
[2.461s] Invoked command in '/home/konrad/TrailblazerML/src/build/depthai_descriptions' returned '0': CMAKE_PREFIX_PATH=${CMAKE_PREFIX_PATH}:/home/konrad/TrailblazerML/install/trailblazerml:/home/konrad/TrailblazerML/install/rover_teleop_twist_joy:/home/konrad/TrailblazerML/install/gazebo_viz:/opt/ros/humble /usr/bin/cmake --install /home/konrad/TrailblazerML/src/build/depthai_descriptions
