[0.038s] Invoking command in '/home/konrad/TrailblazerML/src/build/depthai_examples': AMENT_PREFIX_PATH=/home/konrad/TrailblazerML/src/install/depthai_bridge:/home/konrad/TrailblazerML/src/install/depthai_ros_msgs:/home/konrad/TrailblazerML/src/install/depthai_descriptions:${AMENT_PREFIX_PATH} CMAKE_PREFIX_PATH=/home/konrad/TrailblazerML/src/install/depthai_bridge:/home/konrad/TrailblazerML/src/install/depthai_ros_msgs:/home/konrad/TrailblazerML/src/install/depthai_descriptions:/home/konrad/TrailblazerML/install/depth_camera:/home/konrad/TrailblazerML/install/my_bot:/home/konrad/TrailblazerML/install/depth-camera:/home/konrad/TrailblazerML/install/trailblazerml:/home/konrad/TrailblazerML/install/rover_teleop_twist_joy:/home/konrad/TrailblazerML/install/gazebo_viz:/opt/ros/humble GAZEBO_MODEL_PATH=/home/konrad/TrailblazerML/src/install/depthai_descriptions GAZEBO_RESOURCE_PATH=/home/konrad/TrailblazerML/src/install/depthai_descriptions IGN_GAZEBO_MODEL_PATH=/home/konrad/TrailblazerML/src/install/depthai_descriptions IGN_GAZEBO_RESOURCE_PATH=/home/konrad/TrailblazerML/src/install/depthai_descriptions LD_LIBRARY_PATH=/home/konrad/TrailblazerML/src/install/depthai_bridge/lib:/home/konrad/TrailblazerML/src/install/depthai_ros_msgs/lib:${LD_LIBRARY_PATH} PYTHONPATH=/home/konrad/TrailblazerML/src/install/depthai_ros_msgs/local/lib/python3.10/dist-packages:${PYTHONPATH} /usr/bin/cmake /home/konrad/TrailblazerML/src/depthai-ros/depthai_examples -DCMAKE_INSTALL_PREFIX=/home/konrad/TrailblazerML/src/install/depthai_examples
[0.144s] -- The CXX compiler identification is GNU 11.4.0
[0.335s] -- The C compiler identification is GNU 11.4.0
[0.363s] -- Detecting CXX compiler ABI info
[0.576s] -- Detecting CXX compiler ABI info - done
[0.589s] -- Check for working CXX compiler: /usr/bin/c++ - skipped
[0.591s] -- Detecting CXX compile features
[0.597s] -- Detecting CXX compile features - done
[0.602s] -- Detecting C compiler ABI info
[0.777s] -- Detecting C compiler ABI info - done
[0.785s] -- Check for working C compiler: /usr/bin/cc - skipped
[0.785s] -- Detecting C compile features
[0.785s] -- Detecting C compile features - done
[19.727s] -- Found ament_cmake: 1.3.11 (/opt/ros/humble/share/ament_cmake/cmake)
[19.970s] -- Found Python3: /usr/bin/python3 (found version "3.10.12") found components: Interpreter 
[20.138s] -- ------------------------------------------
[20.138s] -- Depthai Bridge is being built using AMENT.
[20.138s] -- ------------------------------------------
[20.141s] -- Found camera_info_manager: 3.1.10 (/opt/ros/humble/share/camera_info_manager/cmake)
[20.239s] -- Found rosidl_generator_c: 3.1.6 (/opt/ros/humble/share/rosidl_generator_c/cmake)
[20.252s] -- Found rosidl_adapter: 3.1.6 (/opt/ros/humble/share/rosidl_adapter/cmake)
[20.271s] -- Found rosidl_generator_cpp: 3.1.6 (/opt/ros/humble/share/rosidl_generator_cpp/cmake)
[20.306s] -- Using all available rosidl_typesupport_c: rosidl_typesupport_fastrtps_c;rosidl_typesupport_introspection_c
[20.346s] -- Using all available rosidl_typesupport_cpp: rosidl_typesupport_fastrtps_cpp;rosidl_typesupport_introspection_cpp
[20.458s] -- Found rmw_implementation_cmake: 6.1.2 (/opt/ros/humble/share/rmw_implementation_cmake/cmake)
[20.466s] -- Found rmw_fastrtps_cpp: 6.2.7 (/opt/ros/humble/share/rmw_fastrtps_cpp/cmake)
[20.724s] -- Found OpenSSL: /usr/lib/x86_64-linux-gnu/libcrypto.so (found version "3.0.2")  
[20.761s] -- Found FastRTPS: /opt/ros/humble/include  
[20.817s] -- Using RMW implementation 'rmw_fastrtps_cpp' as default
[20.835s] -- Looking for pthread.h
[20.929s] -- Looking for pthread.h - found
[20.929s] -- Performing Test CMAKE_HAVE_LIBC_PTHREAD
[21.030s] -- Performing Test CMAKE_HAVE_LIBC_PTHREAD - Success
[21.031s] -- Found Threads: TRUE  
[21.199s] -- Found cv_bridge: 3.2.1 (/opt/ros/humble/share/cv_bridge/cmake)
[21.224s] -- Found depthai_ros_msgs: 2.10.5 (/home/konrad/TrailblazerML/src/install/depthai_ros_msgs/share/depthai_ros_msgs/cmake)
[21.291s] -- Found depthai_bridge: 2.10.5 (/home/konrad/TrailblazerML/src/install/depthai_bridge/share/depthai_bridge/cmake)
[21.667s] -- Found eigen3_cmake_module: 0.1.1 (/opt/ros/humble/share/eigen3_cmake_module/cmake)
[21.670s] -- Found Eigen3: TRUE (found version "3.4.0") 
[21.670s] -- Ensuring Eigen3 include directory is part of orocos-kdl CMake target
[21.853s] -- Configuring done
[21.947s] -- Generating done
[21.981s] -- Build files have been written to: /home/konrad/TrailblazerML/src/build/depthai_examples
[21.998s] Invoked command in '/home/konrad/TrailblazerML/src/build/depthai_examples' returned '0': AMENT_PREFIX_PATH=/home/konrad/TrailblazerML/src/install/depthai_bridge:/home/konrad/TrailblazerML/src/install/depthai_ros_msgs:/home/konrad/TrailblazerML/src/install/depthai_descriptions:${AMENT_PREFIX_PATH} CMAKE_PREFIX_PATH=/home/konrad/TrailblazerML/src/install/depthai_bridge:/home/konrad/TrailblazerML/src/install/depthai_ros_msgs:/home/konrad/TrailblazerML/src/install/depthai_descriptions:/home/konrad/TrailblazerML/install/depth_camera:/home/konrad/TrailblazerML/install/my_bot:/home/konrad/TrailblazerML/install/depth-camera:/home/konrad/TrailblazerML/install/trailblazerml:/home/konrad/TrailblazerML/install/rover_teleop_twist_joy:/home/konrad/TrailblazerML/install/gazebo_viz:/opt/ros/humble GAZEBO_MODEL_PATH=/home/konrad/TrailblazerML/src/install/depthai_descriptions GAZEBO_RESOURCE_PATH=/home/konrad/TrailblazerML/src/install/depthai_descriptions IGN_GAZEBO_MODEL_PATH=/home/konrad/TrailblazerML/src/install/depthai_descriptions IGN_GAZEBO_RESOURCE_PATH=/home/konrad/TrailblazerML/src/install/depthai_descriptions LD_LIBRARY_PATH=/home/konrad/TrailblazerML/src/install/depthai_bridge/lib:/home/konrad/TrailblazerML/src/install/depthai_ros_msgs/lib:${LD_LIBRARY_PATH} PYTHONPATH=/home/konrad/TrailblazerML/src/install/depthai_ros_msgs/local/lib/python3.10/dist-packages:${PYTHONPATH} /usr/bin/cmake /home/konrad/TrailblazerML/src/depthai-ros/depthai_examples -DCMAKE_INSTALL_PREFIX=/home/konrad/TrailblazerML/src/install/depthai_examples
[22.000s] Invoking command in '/home/konrad/TrailblazerML/src/build/depthai_examples': AMENT_PREFIX_PATH=/home/konrad/TrailblazerML/src/install/depthai_bridge:/home/konrad/TrailblazerML/src/install/depthai_ros_msgs:/home/konrad/TrailblazerML/src/install/depthai_descriptions:${AMENT_PREFIX_PATH} CMAKE_PREFIX_PATH=/home/konrad/TrailblazerML/src/install/depthai_bridge:/home/konrad/TrailblazerML/src/install/depthai_ros_msgs:/home/konrad/TrailblazerML/src/install/depthai_descriptions:/home/konrad/TrailblazerML/install/depth_camera:/home/konrad/TrailblazerML/install/my_bot:/home/konrad/TrailblazerML/install/depth-camera:/home/konrad/TrailblazerML/install/trailblazerml:/home/konrad/TrailblazerML/install/rover_teleop_twist_joy:/home/konrad/TrailblazerML/install/gazebo_viz:/opt/ros/humble GAZEBO_MODEL_PATH=/home/konrad/TrailblazerML/src/install/depthai_descriptions GAZEBO_RESOURCE_PATH=/home/konrad/TrailblazerML/src/install/depthai_descriptions IGN_GAZEBO_MODEL_PATH=/home/konrad/TrailblazerML/src/install/depthai_descriptions IGN_GAZEBO_RESOURCE_PATH=/home/konrad/TrailblazerML/src/install/depthai_descriptions LD_LIBRARY_PATH=/home/konrad/TrailblazerML/src/install/depthai_bridge/lib:/home/konrad/TrailblazerML/src/install/depthai_ros_msgs/lib:${LD_LIBRARY_PATH} PYTHONPATH=/home/konrad/TrailblazerML/src/install/depthai_ros_msgs/local/lib/python3.10/dist-packages:${PYTHONPATH} /usr/bin/cmake --build /home/konrad/TrailblazerML/src/build/depthai_examples -- -j4 -l4
[22.069s] [  5%] [32mBuilding CXX object CMakeFiles/crop_control_service.dir/src/crop_control_service.cpp.o[0m
[28.955s] [ 10%] [32m[1mLinking CXX executable crop_control_service[0m
[29.265s] [ 10%] Built target crop_control_service
[29.318s] [ 15%] [32mBuilding CXX object CMakeFiles/stereo_inertial_node.dir/src/stereo_inertial_publisher.cpp.o[0m
[52.322s] [ 20%] [32m[1mLinking CXX executable stereo_inertial_node[0m
[55.001s] [ 20%] Built target stereo_inertial_node
[55.037s] [ 25%] [32mBuilding CXX object CMakeFiles/feature_tracker.dir/src/feature_tracker_publisher.cpp.o[0m
[71.900s] [ 30%] [32m[1mLinking CXX executable feature_tracker[0m
[73.077s] [ 35%] [32mBuilding CXX object CMakeFiles/stereo_node.dir/src/stereo_publisher.cpp.o[0m
[73.300s] [ 35%] Built target feature_tracker
[73.327s] [ 40%] [32mBuilding CXX object CMakeFiles/rgb_stereo_node.dir/src/rgb_stereo_node.cpp.o[0m
[74.359s] [ 45%] [32mBuilding CXX object CMakeFiles/yolov4_spatial_node.dir/src/yolov4_spatial_publisher.cpp.o[0m
[75.407s] [ 50%] [32mBuilding CXX object CMakeFiles/mobilenet_node.dir/src/mobilenet_publisher.cpp.o[0m
