-- The CXX compiler identification is GNU 11.4.0
-- The C compiler identification is GNU 11.4.0
-- Detecting CXX compiler ABI info
-- Detecting CXX compiler ABI info - done
-- Check for working CXX compiler: /usr/bin/c++ - skipped
-- Detecting CXX compile features
-- Detecting CXX compile features - done
-- Detecting C compiler ABI info
-- Detecting C compiler ABI info - done
-- Check for working C compiler: /usr/bin/cc - skipped
-- Detecting C compile features
-- Detecting C compile features - done
-- ------------------------------------------
-- Depthai Bridge is being built using AMENT.
-- ------------------------------------------
-- Found ament_index_cpp: 1.4.0 (/opt/ros/humble/share/ament_index_cpp/cmake)
-- Found camera_info_manager: 3.1.10 (/opt/ros/humble/share/camera_info_manager/cmake)
-- Found Python3: /usr/bin/python3 (found version "3.10.12") found components: Interpreter 
-- Found rosidl_generator_c: 3.1.6 (/opt/ros/humble/share/rosidl_generator_c/cmake)
-- Found rosidl_adapter: 3.1.6 (/opt/ros/humble/share/rosidl_adapter/cmake)
-- Found rosidl_generator_cpp: 3.1.6 (/opt/ros/humble/share/rosidl_generator_cpp/cmake)
-- Using all available rosidl_typesupport_c: rosidl_typesupport_fastrtps_c;rosidl_typesupport_introspection_c
-- Using all available rosidl_typesupport_cpp: rosidl_typesupport_fastrtps_cpp;rosidl_typesupport_introspection_cpp
-- Found rmw_implementation_cmake: 6.1.2 (/opt/ros/humble/share/rmw_implementation_cmake/cmake)
-- Found rmw_fastrtps_cpp: 6.2.7 (/opt/ros/humble/share/rmw_fastrtps_cpp/cmake)
-- Found OpenSSL: /usr/lib/x86_64-linux-gnu/libcrypto.so (found version "3.0.2")  
-- Found FastRTPS: /opt/ros/humble/include  
-- Using RMW implementation 'rmw_fastrtps_cpp' as default
-- Looking for pthread.h
-- Looking for pthread.h - found
-- Performing Test CMAKE_HAVE_LIBC_PTHREAD
-- Performing Test CMAKE_HAVE_LIBC_PTHREAD - Success
-- Found Threads: TRUE  
-- Found cv_bridge: 3.2.1 (/opt/ros/humble/share/cv_bridge/cmake)
-- Found depthai_ros_msgs: 2.10.5 (/home/konrad/TrailblazerML/src/install/depthai_ros_msgs/share/depthai_ros_msgs/cmake)
-- Found image_transport: 3.1.10 (/opt/ros/humble/share/image_transport/cmake)
-- Found stereo_msgs: 4.2.4 (/opt/ros/humble/share/stereo_msgs/cmake)
-- Found tf2_ros: 0.25.11 (/opt/ros/humble/share/tf2_ros/cmake)
-- Found tf2_geometry_msgs: 0.25.11 (/opt/ros/humble/share/tf2_geometry_msgs/cmake)
-- Found eigen3_cmake_module: 0.1.1 (/opt/ros/humble/share/eigen3_cmake_module/cmake)
-- Found Eigen3: TRUE (found version "3.4.0") 
-- Ensuring Eigen3 include directory is part of orocos-kdl CMake target
-- Found ffmpeg_image_transport_msgs: 1.1.2 (/opt/ros/humble/share/ffmpeg_image_transport_msgs/cmake)
-- --------------------------humble ---
-- humble
-- Configuring done
-- Generating done
-- Build files have been written to: /home/konrad/TrailblazerML/src/build/depthai_bridge
[ 10%] [32mBuilding CXX object CMakeFiles/depthai_bridge.dir/src/DisparityConverter.cpp.o[0m
[ 20%] [32mBuilding CXX object CMakeFiles/depthai_bridge.dir/src/ImuConverter.cpp.o[0m
[ 30%] [32mBuilding CXX object CMakeFiles/depthai_bridge.dir/src/SpatialDetectionConverter.cpp.o[0m
[ 40%] [32mBuilding CXX object CMakeFiles/depthai_bridge.dir/src/TFPublisher.cpp.o[0m
[ 50%] [32mBuilding CXX object CMakeFiles/depthai_bridge.dir/src/TrackDetectionConverter.cpp.o[0m
[ 60%] [32mBuilding CXX object CMakeFiles/depthai_bridge.dir/src/TrackSpatialDetectionConverter.cpp.o[0m
[ 70%] [32mBuilding CXX object CMakeFiles/depthai_bridge.dir/src/TrackedFeaturesConverter.cpp.o[0m
[ 80%] [32mBuilding CXX object CMakeFiles/depthai_bridge.dir/src/ImgDetectionConverter.cpp.o[0m
[ 90%] [32mBuilding CXX object CMakeFiles/depthai_bridge.dir/src/ImageConverter.cpp.o[0m
[100%] [32m[1mLinking CXX shared library libdepthai_bridge.so[0m
[100%] Built target depthai_bridge
-- Install configuration: ""
-- Installing: /home/konrad/TrailblazerML/src/install/depthai_bridge/share/depthai_bridge/environment/library_path.sh
-- Installing: /home/konrad/TrailblazerML/src/install/depthai_bridge/share/depthai_bridge/environment/library_path.dsv
-- Installing: /home/konrad/TrailblazerML/src/install/depthai_bridge/include/
-- Installing: /home/konrad/TrailblazerML/src/install/depthai_bridge/include//depthai_bridge
-- Installing: /home/konrad/TrailblazerML/src/install/depthai_bridge/include//depthai_bridge/ImuConverter.hpp
-- Installing: /home/konrad/TrailblazerML/src/install/depthai_bridge/include//depthai_bridge/TrackedFeaturesConverter.hpp
-- Installing: /home/konrad/TrailblazerML/src/install/depthai_bridge/include//depthai_bridge/TrackDetectionConverter.hpp
-- Installing: /home/konrad/TrailblazerML/src/install/depthai_bridge/include//depthai_bridge/depthaiUtility.hpp
-- Installing: /home/konrad/TrailblazerML/src/install/depthai_bridge/include//depthai_bridge/BridgePublisher.hpp
-- Installing: /home/konrad/TrailblazerML/src/install/depthai_bridge/include//depthai_bridge/ImageConverter.hpp
-- Installing: /home/konrad/TrailblazerML/src/install/depthai_bridge/include//depthai_bridge/ImgDetectionConverter.hpp
-- Installing: /home/konrad/TrailblazerML/src/install/depthai_bridge/include//depthai_bridge/SpatialDetectionConverter.hpp
-- Installing: /home/konrad/TrailblazerML/src/install/depthai_bridge/include//depthai_bridge/DisparityConverter.hpp
-- Installing: /home/konrad/TrailblazerML/src/install/depthai_bridge/include//depthai_bridge/TFPublisher.hpp
-- Installing: /home/konrad/TrailblazerML/src/install/depthai_bridge/include//depthai_bridge/TrackSpatialDetectionConverter.hpp
-- Installing: /home/konrad/TrailblazerML/src/install/depthai_bridge/lib/libdepthai_bridge.so
-- Set runtime path of "/home/konrad/TrailblazerML/src/install/depthai_bridge/lib/libdepthai_bridge.so" to ""
-- Installing: /home/konrad/TrailblazerML/src/install/depthai_bridge/share/depthai_bridge/cmake/depthai_bridgeTargets.cmake
-- Installing: /home/konrad/TrailblazerML/src/install/depthai_bridge/share/depthai_bridge/cmake/depthai_bridgeTargets-noconfig.cmake
-- Installing: /home/konrad/TrailblazerML/src/install/depthai_bridge/share/depthai_bridge/rviz
-- Installing: /home/konrad/TrailblazerML/src/install/depthai_bridge/share/depthai_bridge/rviz/pointCloud.rviz
-- Installing: /home/konrad/TrailblazerML/src/install/depthai_bridge/share/ament_index/resource_index/package_run_dependencies/depthai_bridge
-- Installing: /home/konrad/TrailblazerML/src/install/depthai_bridge/share/ament_index/resource_index/parent_prefix_path/depthai_bridge
-- Installing: /home/konrad/TrailblazerML/src/install/depthai_bridge/share/depthai_bridge/environment/ament_prefix_path.sh
-- Installing: /home/konrad/TrailblazerML/src/install/depthai_bridge/share/depthai_bridge/environment/ament_prefix_path.dsv
-- Installing: /home/konrad/TrailblazerML/src/install/depthai_bridge/share/depthai_bridge/environment/path.sh
-- Installing: /home/konrad/TrailblazerML/src/install/depthai_bridge/share/depthai_bridge/environment/path.dsv
-- Installing: /home/konrad/TrailblazerML/src/install/depthai_bridge/share/depthai_bridge/local_setup.bash
-- Installing: /home/konrad/TrailblazerML/src/install/depthai_bridge/share/depthai_bridge/local_setup.sh
-- Installing: /home/konrad/TrailblazerML/src/install/depthai_bridge/share/depthai_bridge/local_setup.zsh
-- Installing: /home/konrad/TrailblazerML/src/install/depthai_bridge/share/depthai_bridge/local_setup.dsv
-- Installing: /home/konrad/TrailblazerML/src/install/depthai_bridge/share/depthai_bridge/package.dsv
-- Installing: /home/konrad/TrailblazerML/src/install/depthai_bridge/share/ament_index/resource_index/packages/depthai_bridge
-- Installing: /home/konrad/TrailblazerML/src/install/depthai_bridge/share/depthai_bridge/cmake/depthai_bridgeTargetsExport.cmake
-- Installing: /home/konrad/TrailblazerML/src/install/depthai_bridge/share/depthai_bridge/cmake/depthai_bridgeTargetsExport-noconfig.cmake
-- Installing: /home/konrad/TrailblazerML/src/install/depthai_bridge/share/depthai_bridge/cmake/ament_cmake_export_targets-extras.cmake
-- Installing: /home/konrad/TrailblazerML/src/install/depthai_bridge/share/depthai_bridge/cmake/ament_cmake_export_include_directories-extras.cmake
-- Installing: /home/konrad/TrailblazerML/src/install/depthai_bridge/share/depthai_bridge/cmake/ament_cmake_export_libraries-extras.cmake
-- Installing: /home/konrad/TrailblazerML/src/install/depthai_bridge/share/depthai_bridge/cmake/ament_cmake_export_dependencies-extras.cmake
-- Installing: /home/konrad/TrailblazerML/src/install/depthai_bridge/share/depthai_bridge/cmake/depthai_bridgeConfig.cmake
-- Installing: /home/konrad/TrailblazerML/src/install/depthai_bridge/share/depthai_bridge/cmake/depthai_bridgeConfig-version.cmake
-- Installing: /home/konrad/TrailblazerML/src/install/depthai_bridge/share/depthai_bridge/package.xml
