[0.011s] Invoking command in '/home/konrad/TrailblazerML/src/build/depthai_bridge': AMENT_PREFIX_PATH=/home/konrad/TrailblazerML/src/install/depthai_ros_msgs:${AMENT_PREFIX_PATH} CMAKE_PREFIX_PATH=/home/konrad/TrailblazerML/src/install/depthai_ros_msgs:/home/konrad/TrailblazerML/install/depth_camera:/home/konrad/TrailblazerML/install/my_bot:/home/konrad/TrailblazerML/install/depth-camera:/home/konrad/TrailblazerML/install/trailblazerml:/home/konrad/TrailblazerML/install/rover_teleop_twist_joy:/home/konrad/TrailblazerML/install/gazebo_viz:/opt/ros/humble LD_LIBRARY_PATH=/home/konrad/TrailblazerML/src/install/depthai_ros_msgs/lib:${LD_LIBRARY_PATH} PYTHONPATH=/home/konrad/TrailblazerML/src/install/depthai_ros_msgs/local/lib/python3.10/dist-packages:${PYTHONPATH} /usr/bin/cmake /home/konrad/TrailblazerML/src/depthai-ros/depthai_bridge -DCMAKE_INSTALL_PREFIX=/home/konrad/TrailblazerML/src/install/depthai_bridge
[0.094s] -- The CXX compiler identification is GNU 11.4.0
[0.164s] -- The C compiler identification is GNU 11.4.0
[0.183s] -- Detecting CXX compiler ABI info
[0.369s] -- Detecting CXX compiler ABI info - done
[0.392s] -- Check for working CXX compiler: /usr/bin/c++ - skipped
[0.392s] -- Detecting CXX compile features
[0.393s] -- Detecting CXX compile features - done
[0.396s] -- Detecting C compiler ABI info
[0.596s] -- Detecting C compiler ABI info - done
[0.610s] -- Check for working C compiler: /usr/bin/cc - skipped
[0.610s] -- Detecting C compile features
[0.611s] -- Detecting C compile features - done
[0.626s] -- ------------------------------------------
[0.626s] -- Depthai Bridge is being built using AMENT.
[0.626s] -- ------------------------------------------
[0.630s] -- Found ament_index_cpp: 1.4.0 (/opt/ros/humble/share/ament_index_cpp/cmake)
[0.640s] -- Found camera_info_manager: 3.1.10 (/opt/ros/humble/share/camera_info_manager/cmake)
[0.925s] -- Found Python3: /usr/bin/python3 (found version "3.10.12") found components: Interpreter 
[1.117s] -- Found rosidl_generator_c: 3.1.6 (/opt/ros/humble/share/rosidl_generator_c/cmake)
[1.124s] -- Found rosidl_adapter: 3.1.6 (/opt/ros/humble/share/rosidl_adapter/cmake)
[1.139s] -- Found rosidl_generator_cpp: 3.1.6 (/opt/ros/humble/share/rosidl_generator_cpp/cmake)
[1.155s] -- Using all available rosidl_typesupport_c: rosidl_typesupport_fastrtps_c;rosidl_typesupport_introspection_c
[1.179s] -- Using all available rosidl_typesupport_cpp: rosidl_typesupport_fastrtps_cpp;rosidl_typesupport_introspection_cpp
[1.267s] -- Found rmw_implementation_cmake: 6.1.2 (/opt/ros/humble/share/rmw_implementation_cmake/cmake)
[1.277s] -- Found rmw_fastrtps_cpp: 6.2.7 (/opt/ros/humble/share/rmw_fastrtps_cpp/cmake)
[1.472s] -- Found OpenSSL: /usr/lib/x86_64-linux-gnu/libcrypto.so (found version "3.0.2")  
[1.518s] -- Found FastRTPS: /opt/ros/humble/include  
[1.585s] -- Using RMW implementation 'rmw_fastrtps_cpp' as default
[1.604s] -- Looking for pthread.h
[1.756s] -- Looking for pthread.h - found
[1.759s] -- Performing Test CMAKE_HAVE_LIBC_PTHREAD
[1.878s] -- Performing Test CMAKE_HAVE_LIBC_PTHREAD - Success
[1.879s] -- Found Threads: TRUE  
[2.012s] -- Found cv_bridge: 3.2.1 (/opt/ros/humble/share/cv_bridge/cmake)
[2.015s] -- Found depthai_ros_msgs: 2.10.5 (/home/konrad/TrailblazerML/src/install/depthai_ros_msgs/share/depthai_ros_msgs/cmake)
[2.079s] -- Found image_transport: 3.1.10 (/opt/ros/humble/share/image_transport/cmake)
[2.122s] -- Found stereo_msgs: 4.2.4 (/opt/ros/humble/share/stereo_msgs/cmake)
[2.154s] -- Found tf2_ros: 0.25.11 (/opt/ros/humble/share/tf2_ros/cmake)
[2.347s] -- Found tf2_geometry_msgs: 0.25.11 (/opt/ros/humble/share/tf2_geometry_msgs/cmake)
[2.375s] -- Found eigen3_cmake_module: 0.1.1 (/opt/ros/humble/share/eigen3_cmake_module/cmake)
[2.379s] -- Found Eigen3: TRUE (found version "3.4.0") 
[2.380s] -- Ensuring Eigen3 include directory is part of orocos-kdl CMake target
[2.384s] -- Found ffmpeg_image_transport_msgs: 1.1.2 (/opt/ros/humble/share/ffmpeg_image_transport_msgs/cmake)
[2.419s] -- --------------------------humble ---
[2.420s] -- humble
[2.550s] -- Configuring done
[2.585s] -- Generating done
[2.593s] -- Build files have been written to: /home/konrad/TrailblazerML/src/build/depthai_bridge
[2.628s] Invoked command in '/home/konrad/TrailblazerML/src/build/depthai_bridge' returned '0': AMENT_PREFIX_PATH=/home/konrad/TrailblazerML/src/install/depthai_ros_msgs:${AMENT_PREFIX_PATH} CMAKE_PREFIX_PATH=/home/konrad/TrailblazerML/src/install/depthai_ros_msgs:/home/konrad/TrailblazerML/install/depth_camera:/home/konrad/TrailblazerML/install/my_bot:/home/konrad/TrailblazerML/install/depth-camera:/home/konrad/TrailblazerML/install/trailblazerml:/home/konrad/TrailblazerML/install/rover_teleop_twist_joy:/home/konrad/TrailblazerML/install/gazebo_viz:/opt/ros/humble LD_LIBRARY_PATH=/home/konrad/TrailblazerML/src/install/depthai_ros_msgs/lib:${LD_LIBRARY_PATH} PYTHONPATH=/home/konrad/TrailblazerML/src/install/depthai_ros_msgs/local/lib/python3.10/dist-packages:${PYTHONPATH} /usr/bin/cmake /home/konrad/TrailblazerML/src/depthai-ros/depthai_bridge -DCMAKE_INSTALL_PREFIX=/home/konrad/TrailblazerML/src/install/depthai_bridge
[2.635s] Invoking command in '/home/konrad/TrailblazerML/src/build/depthai_bridge': AMENT_PREFIX_PATH=/home/konrad/TrailblazerML/src/install/depthai_ros_msgs:${AMENT_PREFIX_PATH} CMAKE_PREFIX_PATH=/home/konrad/TrailblazerML/src/install/depthai_ros_msgs:/home/konrad/TrailblazerML/install/depth_camera:/home/konrad/TrailblazerML/install/my_bot:/home/konrad/TrailblazerML/install/depth-camera:/home/konrad/TrailblazerML/install/trailblazerml:/home/konrad/TrailblazerML/install/rover_teleop_twist_joy:/home/konrad/TrailblazerML/install/gazebo_viz:/opt/ros/humble LD_LIBRARY_PATH=/home/konrad/TrailblazerML/src/install/depthai_ros_msgs/lib:${LD_LIBRARY_PATH} PYTHONPATH=/home/konrad/TrailblazerML/src/install/depthai_ros_msgs/local/lib/python3.10/dist-packages:${PYTHONPATH} /usr/bin/cmake --build /home/konrad/TrailblazerML/src/build/depthai_bridge -- -j4 -l4
[2.738s] [ 10%] [32mBuilding CXX object CMakeFiles/depthai_bridge.dir/src/DisparityConverter.cpp.o[0m
[9.293s] [ 20%] [32mBuilding CXX object CMakeFiles/depthai_bridge.dir/src/ImuConverter.cpp.o[0m
[16.196s] [ 30%] [32mBuilding CXX object CMakeFiles/depthai_bridge.dir/src/SpatialDetectionConverter.cpp.o[0m
[23.816s] [ 40%] [32mBuilding CXX object CMakeFiles/depthai_bridge.dir/src/TFPublisher.cpp.o[0m
[34.064s] [ 50%] [32mBuilding CXX object CMakeFiles/depthai_bridge.dir/src/TrackDetectionConverter.cpp.o[0m
[52.708s] [ 60%] [32mBuilding CXX object CMakeFiles/depthai_bridge.dir/src/TrackSpatialDetectionConverter.cpp.o[0m
[70.863s] [ 70%] [32mBuilding CXX object CMakeFiles/depthai_bridge.dir/src/TrackedFeaturesConverter.cpp.o[0m
[77.124s] [ 80%] [32mBuilding CXX object CMakeFiles/depthai_bridge.dir/src/ImgDetectionConverter.cpp.o[0m
[83.168s] [ 90%] [32mBuilding CXX object CMakeFiles/depthai_bridge.dir/src/ImageConverter.cpp.o[0m
[91.252s] [100%] [32m[1mLinking CXX shared library libdepthai_bridge.so[0m
[92.993s] [100%] Built target depthai_bridge
[93.018s] Invoked command in '/home/konrad/TrailblazerML/src/build/depthai_bridge' returned '0': AMENT_PREFIX_PATH=/home/konrad/TrailblazerML/src/install/depthai_ros_msgs:${AMENT_PREFIX_PATH} CMAKE_PREFIX_PATH=/home/konrad/TrailblazerML/src/install/depthai_ros_msgs:/home/konrad/TrailblazerML/install/depth_camera:/home/konrad/TrailblazerML/install/my_bot:/home/konrad/TrailblazerML/install/depth-camera:/home/konrad/TrailblazerML/install/trailblazerml:/home/konrad/TrailblazerML/install/rover_teleop_twist_joy:/home/konrad/TrailblazerML/install/gazebo_viz:/opt/ros/humble LD_LIBRARY_PATH=/home/konrad/TrailblazerML/src/install/depthai_ros_msgs/lib:${LD_LIBRARY_PATH} PYTHONPATH=/home/konrad/TrailblazerML/src/install/depthai_ros_msgs/local/lib/python3.10/dist-packages:${PYTHONPATH} /usr/bin/cmake --build /home/konrad/TrailblazerML/src/build/depthai_bridge -- -j4 -l4
[93.022s] Invoking command in '/home/konrad/TrailblazerML/src/build/depthai_bridge': AMENT_PREFIX_PATH=/home/konrad/TrailblazerML/src/install/depthai_ros_msgs:${AMENT_PREFIX_PATH} CMAKE_PREFIX_PATH=/home/konrad/TrailblazerML/src/install/depthai_ros_msgs:/home/konrad/TrailblazerML/install/depth_camera:/home/konrad/TrailblazerML/install/my_bot:/home/konrad/TrailblazerML/install/depth-camera:/home/konrad/TrailblazerML/install/trailblazerml:/home/konrad/TrailblazerML/install/rover_teleop_twist_joy:/home/konrad/TrailblazerML/install/gazebo_viz:/opt/ros/humble LD_LIBRARY_PATH=/home/konrad/TrailblazerML/src/install/depthai_ros_msgs/lib:${LD_LIBRARY_PATH} PYTHONPATH=/home/konrad/TrailblazerML/src/install/depthai_ros_msgs/local/lib/python3.10/dist-packages:${PYTHONPATH} /usr/bin/cmake --install /home/konrad/TrailblazerML/src/build/depthai_bridge
[93.037s] -- Install configuration: ""
[93.039s] -- Installing: /home/konrad/TrailblazerML/src/install/depthai_bridge/share/depthai_bridge/environment/library_path.sh
[93.040s] -- Installing: /home/konrad/TrailblazerML/src/install/depthai_bridge/share/depthai_bridge/environment/library_path.dsv
[93.040s] -- Installing: /home/konrad/TrailblazerML/src/install/depthai_bridge/include/
[93.040s] -- Installing: /home/konrad/TrailblazerML/src/install/depthai_bridge/include//depthai_bridge
[93.040s] -- Installing: /home/konrad/TrailblazerML/src/install/depthai_bridge/include//depthai_bridge/ImuConverter.hpp
[93.044s] -- Installing: /home/konrad/TrailblazerML/src/install/depthai_bridge/include//depthai_bridge/TrackedFeaturesConverter.hpp
[93.044s] -- Installing: /home/konrad/TrailblazerML/src/install/depthai_bridge/include//depthai_bridge/TrackDetectionConverter.hpp
[93.044s] -- Installing: /home/konrad/TrailblazerML/src/install/depthai_bridge/include//depthai_bridge/depthaiUtility.hpp
[93.044s] -- Installing: /home/konrad/TrailblazerML/src/install/depthai_bridge/include//depthai_bridge/BridgePublisher.hpp
[93.044s] -- Installing: /home/konrad/TrailblazerML/src/install/depthai_bridge/include//depthai_bridge/ImageConverter.hpp
[93.044s] -- Installing: /home/konrad/TrailblazerML/src/install/depthai_bridge/include//depthai_bridge/ImgDetectionConverter.hpp
[93.044s] -- Installing: /home/konrad/TrailblazerML/src/install/depthai_bridge/include//depthai_bridge/SpatialDetectionConverter.hpp
[93.044s] -- Installing: /home/konrad/TrailblazerML/src/install/depthai_bridge/include//depthai_bridge/DisparityConverter.hpp
[93.044s] -- Installing: /home/konrad/TrailblazerML/src/install/depthai_bridge/include//depthai_bridge/TFPublisher.hpp
[93.044s] -- Installing: /home/konrad/TrailblazerML/src/install/depthai_bridge/include//depthai_bridge/TrackSpatialDetectionConverter.hpp
[93.044s] -- Installing: /home/konrad/TrailblazerML/src/install/depthai_bridge/lib/libdepthai_bridge.so
[93.049s] -- Set runtime path of "/home/konrad/TrailblazerML/src/install/depthai_bridge/lib/libdepthai_bridge.so" to ""
[93.051s] -- Installing: /home/konrad/TrailblazerML/src/install/depthai_bridge/share/depthai_bridge/cmake/depthai_bridgeTargets.cmake
[93.051s] -- Installing: /home/konrad/TrailblazerML/src/install/depthai_bridge/share/depthai_bridge/cmake/depthai_bridgeTargets-noconfig.cmake
[93.051s] -- Installing: /home/konrad/TrailblazerML/src/install/depthai_bridge/share/depthai_bridge/rviz
[93.052s] -- Installing: /home/konrad/TrailblazerML/src/install/depthai_bridge/share/depthai_bridge/rviz/pointCloud.rviz
[93.053s] -- Installing: /home/konrad/TrailblazerML/src/install/depthai_bridge/share/ament_index/resource_index/package_run_dependencies/depthai_bridge
[93.054s] -- Installing: /home/konrad/TrailblazerML/src/install/depthai_bridge/share/ament_index/resource_index/parent_prefix_path/depthai_bridge
[93.057s] -- Installing: /home/konrad/TrailblazerML/src/install/depthai_bridge/share/depthai_bridge/environment/ament_prefix_path.sh
[93.057s] -- Installing: /home/konrad/TrailblazerML/src/install/depthai_bridge/share/depthai_bridge/environment/ament_prefix_path.dsv
[93.057s] -- Installing: /home/konrad/TrailblazerML/src/install/depthai_bridge/share/depthai_bridge/environment/path.sh
[93.058s] -- Installing: /home/konrad/TrailblazerML/src/install/depthai_bridge/share/depthai_bridge/environment/path.dsv
[93.058s] -- Installing: /home/konrad/TrailblazerML/src/install/depthai_bridge/share/depthai_bridge/local_setup.bash
[93.058s] -- Installing: /home/konrad/TrailblazerML/src/install/depthai_bridge/share/depthai_bridge/local_setup.sh
[93.059s] -- Installing: /home/konrad/TrailblazerML/src/install/depthai_bridge/share/depthai_bridge/local_setup.zsh
[93.059s] -- Installing: /home/konrad/TrailblazerML/src/install/depthai_bridge/share/depthai_bridge/local_setup.dsv
[93.059s] -- Installing: /home/konrad/TrailblazerML/src/install/depthai_bridge/share/depthai_bridge/package.dsv
[93.060s] -- Installing: /home/konrad/TrailblazerML/src/install/depthai_bridge/share/ament_index/resource_index/packages/depthai_bridge
[93.060s] -- Installing: /home/konrad/TrailblazerML/src/install/depthai_bridge/share/depthai_bridge/cmake/depthai_bridgeTargetsExport.cmake
[93.060s] -- Installing: /home/konrad/TrailblazerML/src/install/depthai_bridge/share/depthai_bridge/cmake/depthai_bridgeTargetsExport-noconfig.cmake
[93.061s] -- Installing: /home/konrad/TrailblazerML/src/install/depthai_bridge/share/depthai_bridge/cmake/ament_cmake_export_targets-extras.cmake
[93.061s] -- Installing: /home/konrad/TrailblazerML/src/install/depthai_bridge/share/depthai_bridge/cmake/ament_cmake_export_include_directories-extras.cmake
[93.062s] -- Installing: /home/konrad/TrailblazerML/src/install/depthai_bridge/share/depthai_bridge/cmake/ament_cmake_export_libraries-extras.cmake
[93.062s] -- Installing: /home/konrad/TrailblazerML/src/install/depthai_bridge/share/depthai_bridge/cmake/ament_cmake_export_dependencies-extras.cmake
[93.063s] -- Installing: /home/konrad/TrailblazerML/src/install/depthai_bridge/share/depthai_bridge/cmake/depthai_bridgeConfig.cmake
[93.063s] -- Installing: /home/konrad/TrailblazerML/src/install/depthai_bridge/share/depthai_bridge/cmake/depthai_bridgeConfig-version.cmake
[93.064s] -- Installing: /home/konrad/TrailblazerML/src/install/depthai_bridge/share/depthai_bridge/package.xml
[93.069s] Invoked command in '/home/konrad/TrailblazerML/src/build/depthai_bridge' returned '0': AMENT_PREFIX_PATH=/home/konrad/TrailblazerML/src/install/depthai_ros_msgs:${AMENT_PREFIX_PATH} CMAKE_PREFIX_PATH=/home/konrad/TrailblazerML/src/install/depthai_ros_msgs:/home/konrad/TrailblazerML/install/depth_camera:/home/konrad/TrailblazerML/install/my_bot:/home/konrad/TrailblazerML/install/depth-camera:/home/konrad/TrailblazerML/install/trailblazerml:/home/konrad/TrailblazerML/install/rover_teleop_twist_joy:/home/konrad/TrailblazerML/install/gazebo_viz:/opt/ros/humble LD_LIBRARY_PATH=/home/konrad/TrailblazerML/src/install/depthai_ros_msgs/lib:${LD_LIBRARY_PATH} PYTHONPATH=/home/konrad/TrailblazerML/src/install/depthai_ros_msgs/local/lib/python3.10/dist-packages:${PYTHONPATH} /usr/bin/cmake --install /home/konrad/TrailblazerML/src/build/depthai_bridge
