[0.047s] Invoking command in '/home/konrad/TrailblazerML/src/build/depthai_ros_msgs': CMAKE_PREFIX_PATH=${CMAKE_PREFIX_PATH}:/home/konrad/TrailblazerML/install/trailblazerml:/home/konrad/TrailblazerML/install/rover_teleop_twist_joy:/home/konrad/TrailblazerML/install/gazebo_viz:/opt/ros/humble /usr/bin/cmake /home/konrad/TrailblazerML/src/depthai-ros/depthai_ros_msgs -DCMAKE_INSTALL_PREFIX=/home/konrad/TrailblazerML/src/install/depthai_ros_msgs
[0.434s] -- The C compiler identification is GNU 11.4.0
[0.667s] -- The CXX compiler identification is GNU 11.4.0
[0.679s] -- Detecting C compiler ABI info
[0.813s] -- Detecting C compiler ABI info - done
[0.843s] -- Check for working C compiler: /usr/bin/cc - skipped
[0.844s] -- Detecting C compile features
[0.844s] -- Detecting C compile features - done
[0.869s] -- Detecting CXX compiler ABI info
[1.179s] -- Detecting CXX compiler ABI info - done
[1.196s] -- Check for working CXX compiler: /usr/bin/c++ - skipped
[1.196s] -- Detecting CXX compile features
[1.200s] -- Detecting CXX compile features - done
[1.211s] -- Found ament_cmake: 1.3.11 (/opt/ros/humble/share/ament_cmake/cmake)
[1.627s] -- Found Python3: /usr/bin/python3 (found version "3.10.12") found components: Interpreter 
[1.766s] -- ------------------------------------------
[1.766s] -- Depthai ROS MSGS/INTERFACES is being built using AMENT.
[1.766s] -- ------------------------------------------
[1.771s] -- Found geometry_msgs: 4.2.4 (/opt/ros/humble/share/geometry_msgs/cmake)
[1.955s] -- Found rosidl_generator_c: 3.1.6 (/opt/ros/humble/share/rosidl_generator_c/cmake)
[1.984s] -- Found rosidl_adapter: 3.1.6 (/opt/ros/humble/share/rosidl_adapter/cmake)
[2.022s] -- Found rosidl_generator_cpp: 3.1.6 (/opt/ros/humble/share/rosidl_generator_cpp/cmake)
[2.087s] -- Using all available rosidl_typesupport_c: rosidl_typesupport_fastrtps_c;rosidl_typesupport_introspection_c
[2.156s] -- Using all available rosidl_typesupport_cpp: rosidl_typesupport_fastrtps_cpp;rosidl_typesupport_introspection_cpp
[2.337s] -- Found vision_msgs: 4.1.1 (/opt/ros/humble/share/vision_msgs/cmake)
[2.438s] -- Found sensor_msgs: 4.2.4 (/opt/ros/humble/share/sensor_msgs/cmake)
[2.492s] -- Found rosidl_default_generators: 1.2.0 (/opt/ros/humble/share/rosidl_default_generators/cmake)
[3.119s] -- Found ament_cmake_ros: 0.10.0 (/opt/ros/humble/share/ament_cmake_ros/cmake)
[4.105s] -- Using all available rosidl_typesupport_c: rosidl_typesupport_fastrtps_c;rosidl_typesupport_introspection_c
[4.648s] -- Using all available rosidl_typesupport_cpp: rosidl_typesupport_fastrtps_cpp;rosidl_typesupport_introspection_cpp
[4.692s] -- Found PythonInterp: /usr/bin/python3 (found suitable version "3.10.12", minimum required is "3.6") 
[4.711s] -- Found python_cmake_module: 0.10.0 (/opt/ros/humble/share/python_cmake_module/cmake)
[4.774s] -- Found PythonLibs: /usr/lib/x86_64-linux-gnu/libpython3.10.so (found suitable version "3.10.12", minimum required is "3.5") 
[4.774s] -- Using PYTHON_EXECUTABLE: /usr/bin/python3
[4.774s] -- Using PYTHON_INCLUDE_DIRS: /usr/include/python3.10
[4.775s] -- Using PYTHON_LIBRARIES: /usr/lib/x86_64-linux-gnu/libpython3.10.so
[4.825s] -- Found PythonExtra: .so  
[5.008s] -- Configuring done
[5.144s] -- Generating done
[5.168s] -- Build files have been written to: /home/konrad/TrailblazerML/src/build/depthai_ros_msgs
[5.211s] Invoked command in '/home/konrad/TrailblazerML/src/build/depthai_ros_msgs' returned '0': CMAKE_PREFIX_PATH=${CMAKE_PREFIX_PATH}:/home/konrad/TrailblazerML/install/trailblazerml:/home/konrad/TrailblazerML/install/rover_teleop_twist_joy:/home/konrad/TrailblazerML/install/gazebo_viz:/opt/ros/humble /usr/bin/cmake /home/konrad/TrailblazerML/src/depthai-ros/depthai_ros_msgs -DCMAKE_INSTALL_PREFIX=/home/konrad/TrailblazerML/src/install/depthai_ros_msgs
[5.212s] Invoking command in '/home/konrad/TrailblazerML/src/build/depthai_ros_msgs': CMAKE_PREFIX_PATH=${CMAKE_PREFIX_PATH}:/home/konrad/TrailblazerML/install/trailblazerml:/home/konrad/TrailblazerML/install/rover_teleop_twist_joy:/home/konrad/TrailblazerML/install/gazebo_viz:/opt/ros/humble /usr/bin/cmake --build /home/konrad/TrailblazerML/src/build/depthai_ros_msgs -- -j4 -l4
[5.345s] [  1%] [34m[1mGenerating C code for ROS interfaces[0m
[5.407s] [  1%] Built target ament_cmake_python_copy_depthai_ros_msgs
[5.428s] [  1%] [34m[1mGenerating C++ code for ROS interfaces[0m
[6.398s] running egg_info
[6.399s] creating depthai_ros_msgs.egg-info
[6.400s] writing depthai_ros_msgs.egg-info/PKG-INFO
[6.401s] writing dependency_links to depthai_ros_msgs.egg-info/dependency_links.txt
[6.402s] writing top-level names to depthai_ros_msgs.egg-info/top_level.txt
[6.405s] writing manifest file 'depthai_ros_msgs.egg-info/SOURCES.txt'
[6.411s] reading manifest file 'depthai_ros_msgs.egg-info/SOURCES.txt'
[6.411s] writing manifest file 'depthai_ros_msgs.egg-info/SOURCES.txt'
[6.517s] [  1%] Built target ament_cmake_python_build_depthai_ros_msgs_egg
[8.900s] [  1%] Built target depthai_ros_msgs__cpp
[8.936s] [  2%] [34m[1mGenerating C++ type support dispatch for ROS interfaces[0m
[8.974s] [  3%] [32mBuilding C object CMakeFiles/depthai_ros_msgs__rosidl_generator_c.dir/rosidl_generator_c/depthai_ros_msgs/msg/detail/auto_focus_ctrl__functions.c.o[0m
[9.153s] [  4%] [32mBuilding C object CMakeFiles/depthai_ros_msgs__rosidl_generator_c.dir/rosidl_generator_c/depthai_ros_msgs/msg/detail/hand_landmark__functions.c.o[0m
[9.247s] [  5%] [32mBuilding C object CMakeFiles/depthai_ros_msgs__rosidl_generator_c.dir/rosidl_generator_c/depthai_ros_msgs/msg/detail/hand_landmark_array__functions.c.o[0m
[9.339s] [  5%] [32mBuilding C object CMakeFiles/depthai_ros_msgs__rosidl_generator_c.dir/rosidl_generator_c/depthai_ros_msgs/msg/detail/imu_with_magnetic_field__functions.c.o[0m
[9.427s] [  6%] [32mBuilding C object CMakeFiles/depthai_ros_msgs__rosidl_generator_c.dir/rosidl_generator_c/depthai_ros_msgs/msg/detail/tracked_feature__functions.c.o[0m
[9.513s] [  7%] [32mBuilding C object CMakeFiles/depthai_ros_msgs__rosidl_generator_c.dir/rosidl_generator_c/depthai_ros_msgs/msg/detail/tracked_features__functions.c.o[0m
[9.571s] [  8%] [32mBuilding C object CMakeFiles/depthai_ros_msgs__rosidl_generator_c.dir/rosidl_generator_c/depthai_ros_msgs/msg/detail/spatial_detection__functions.c.o[0m
[9.633s] [  9%] [32mBuilding C object CMakeFiles/depthai_ros_msgs__rosidl_generator_c.dir/rosidl_generator_c/depthai_ros_msgs/msg/detail/spatial_detection_array__functions.c.o[0m
[9.691s] [ 10%] [32mBuilding C object CMakeFiles/depthai_ros_msgs__rosidl_generator_c.dir/rosidl_generator_c/depthai_ros_msgs/msg/detail/track_detection2_d__functions.c.o[0m
[9.750s] [ 10%] [32mBuilding C object CMakeFiles/depthai_ros_msgs__rosidl_generator_c.dir/rosidl_generator_c/depthai_ros_msgs/msg/detail/track_detection2_d_array__functions.c.o[0m
[9.830s] [ 11%] [32mBuilding C object CMakeFiles/depthai_ros_msgs__rosidl_generator_c.dir/rosidl_generator_c/depthai_ros_msgs/srv/detail/trigger_named__functions.c.o[0m
[9.947s] [ 12%] [32mBuilding C object CMakeFiles/depthai_ros_msgs__rosidl_generator_c.dir/rosidl_generator_c/depthai_ros_msgs/srv/detail/normalized_image_crop__functions.c.o[0m
[10.051s] [ 13%] [32m[1mLinking C shared library libdepthai_ros_msgs__rosidl_generator_c.so[0m
[10.156s] [ 13%] Built target depthai_ros_msgs__rosidl_generator_c
[10.177s] [ 14%] [32mBuilding CXX object CMakeFiles/depthai_ros_msgs__rosidl_typesupport_cpp.dir/rosidl_typesupport_cpp/depthai_ros_msgs/msg/auto_focus_ctrl__type_support.cpp.o[0m
[10.183s] [ 15%] [32mBuilding CXX object CMakeFiles/depthai_ros_msgs__rosidl_typesupport_cpp.dir/rosidl_typesupport_cpp/depthai_ros_msgs/msg/hand_landmark__type_support.cpp.o[0m
[10.190s] [ 16%] [34m[1mGenerating C++ introspection for ROS interfaces[0m
[10.683s] [ 17%] [32mBuilding CXX object CMakeFiles/depthai_ros_msgs__rosidl_typesupport_cpp.dir/rosidl_typesupport_cpp/depthai_ros_msgs/msg/hand_landmark_array__type_support.cpp.o[0m
[11.074s] [ 18%] [32mBuilding CXX object CMakeFiles/depthai_ros_msgs__rosidl_typesupport_cpp.dir/rosidl_typesupport_cpp/depthai_ros_msgs/msg/imu_with_magnetic_field__type_support.cpp.o[0m
[11.526s] [ 18%] [32mBuilding CXX object CMakeFiles/depthai_ros_msgs__rosidl_typesupport_cpp.dir/rosidl_typesupport_cpp/depthai_ros_msgs/msg/tracked_feature__type_support.cpp.o[0m
[11.666s] [ 18%] [32mBuilding CXX object CMakeFiles/depthai_ros_msgs__rosidl_typesupport_introspection_cpp.dir/rosidl_typesupport_introspection_cpp/depthai_ros_msgs/msg/detail/auto_focus_ctrl__type_support.cpp.o[0m
[11.667s] [ 19%] [34m[1mGenerating C type support for eProsima Fast-RTPS[0m
[11.856s] [ 20%] [32mBuilding CXX object CMakeFiles/depthai_ros_msgs__rosidl_typesupport_cpp.dir/rosidl_typesupport_cpp/depthai_ros_msgs/msg/tracked_features__type_support.cpp.o[0m
[12.355s] [ 21%] [32mBuilding CXX object CMakeFiles/depthai_ros_msgs__rosidl_typesupport_cpp.dir/rosidl_typesupport_cpp/depthai_ros_msgs/msg/spatial_detection__type_support.cpp.o[0m
[12.480s] [ 22%] [32mBuilding CXX object CMakeFiles/depthai_ros_msgs__rosidl_typesupport_introspection_cpp.dir/rosidl_typesupport_introspection_cpp/depthai_ros_msgs/msg/detail/hand_landmark__type_support.cpp.o[0m
[12.735s] [ 23%] [32mBuilding CXX object CMakeFiles/depthai_ros_msgs__rosidl_typesupport_cpp.dir/rosidl_typesupport_cpp/depthai_ros_msgs/msg/spatial_detection_array__type_support.cpp.o[0m
[13.137s] [ 24%] [32mBuilding CXX object CMakeFiles/depthai_ros_msgs__rosidl_typesupport_cpp.dir/rosidl_typesupport_cpp/depthai_ros_msgs/msg/track_detection2_d__type_support.cpp.o[0m
[13.159s] [ 25%] [32mBuilding CXX object CMakeFiles/depthai_ros_msgs__rosidl_typesupport_introspection_cpp.dir/rosidl_typesupport_introspection_cpp/depthai_ros_msgs/msg/detail/hand_landmark_array__type_support.cpp.o[0m
[13.543s] [ 26%] [32mBuilding CXX object CMakeFiles/depthai_ros_msgs__rosidl_typesupport_fastrtps_c.dir/rosidl_typesupport_fastrtps_c/depthai_ros_msgs/msg/detail/auto_focus_ctrl__type_support_c.cpp.o[0m
[13.650s] [ 27%] [32mBuilding CXX object CMakeFiles/depthai_ros_msgs__rosidl_typesupport_cpp.dir/rosidl_typesupport_cpp/depthai_ros_msgs/msg/track_detection2_d_array__type_support.cpp.o[0m
[13.853s] [ 28%] [32mBuilding CXX object CMakeFiles/depthai_ros_msgs__rosidl_typesupport_introspection_cpp.dir/rosidl_typesupport_introspection_cpp/depthai_ros_msgs/msg/detail/imu_with_magnetic_field__type_support.cpp.o[0m
[14.066s] [ 29%] [32mBuilding CXX object CMakeFiles/depthai_ros_msgs__rosidl_typesupport_fastrtps_c.dir/rosidl_typesupport_fastrtps_c/depthai_ros_msgs/msg/detail/hand_landmark__type_support_c.cpp.o[0m
[14.184s] [ 29%] [32mBuilding CXX object CMakeFiles/depthai_ros_msgs__rosidl_typesupport_cpp.dir/rosidl_typesupport_cpp/depthai_ros_msgs/srv/trigger_named__type_support.cpp.o[0m
[14.602s] [ 30%] [32mBuilding CXX object CMakeFiles/depthai_ros_msgs__rosidl_typesupport_introspection_cpp.dir/rosidl_typesupport_introspection_cpp/depthai_ros_msgs/msg/detail/tracked_feature__type_support.cpp.o[0m
[14.632s] [ 30%] [32mBuilding CXX object CMakeFiles/depthai_ros_msgs__rosidl_typesupport_fastrtps_c.dir/rosidl_typesupport_fastrtps_c/depthai_ros_msgs/msg/detail/hand_landmark_array__type_support_c.cpp.o[0m
[14.664s] [ 31%] [32mBuilding CXX object CMakeFiles/depthai_ros_msgs__rosidl_typesupport_cpp.dir/rosidl_typesupport_cpp/depthai_ros_msgs/srv/normalized_image_crop__type_support.cpp.o[0m
[15.076s] [ 32%] [32m[1mLinking CXX shared library libdepthai_ros_msgs__rosidl_typesupport_cpp.so[0m
[15.145s] [ 33%] [32mBuilding CXX object CMakeFiles/depthai_ros_msgs__rosidl_typesupport_introspection_cpp.dir/rosidl_typesupport_introspection_cpp/depthai_ros_msgs/msg/detail/tracked_features__type_support.cpp.o[0m
[15.187s] [ 33%] Built target depthai_ros_msgs__rosidl_typesupport_cpp
[15.208s] [ 34%] [32mBuilding CXX object CMakeFiles/depthai_ros_msgs__rosidl_typesupport_fastrtps_c.dir/rosidl_typesupport_fastrtps_c/depthai_ros_msgs/msg/detail/imu_with_magnetic_field__type_support_c.cpp.o[0m
[15.684s] [ 35%] [32mBuilding CXX object CMakeFiles/depthai_ros_msgs__rosidl_typesupport_fastrtps_c.dir/rosidl_typesupport_fastrtps_c/depthai_ros_msgs/msg/detail/tracked_feature__type_support_c.cpp.o[0m
[15.749s] [ 35%] [32mBuilding CXX object CMakeFiles/depthai_ros_msgs__rosidl_typesupport_introspection_cpp.dir/rosidl_typesupport_introspection_cpp/depthai_ros_msgs/msg/detail/spatial_detection__type_support.cpp.o[0m
[16.179s] [ 36%] [32mBuilding CXX object CMakeFiles/depthai_ros_msgs__rosidl_typesupport_fastrtps_c.dir/rosidl_typesupport_fastrtps_c/depthai_ros_msgs/msg/detail/tracked_features__type_support_c.cpp.o[0m
[16.451s] [ 37%] [32mBuilding CXX object CMakeFiles/depthai_ros_msgs__rosidl_typesupport_introspection_cpp.dir/rosidl_typesupport_introspection_cpp/depthai_ros_msgs/msg/detail/spatial_detection_array__type_support.cpp.o[0m
[16.647s] [ 38%] [32mBuilding CXX object CMakeFiles/depthai_ros_msgs__rosidl_typesupport_fastrtps_c.dir/rosidl_typesupport_fastrtps_c/depthai_ros_msgs/msg/detail/spatial_detection__type_support_c.cpp.o[0m
[17.145s] [ 39%] [32mBuilding CXX object CMakeFiles/depthai_ros_msgs__rosidl_typesupport_introspection_cpp.dir/rosidl_typesupport_introspection_cpp/depthai_ros_msgs/msg/detail/track_detection2_d__type_support.cpp.o[0m
[17.152s] [ 40%] [32mBuilding CXX object CMakeFiles/depthai_ros_msgs__rosidl_typesupport_fastrtps_c.dir/rosidl_typesupport_fastrtps_c/depthai_ros_msgs/msg/detail/spatial_detection_array__type_support_c.cpp.o[0m
[17.665s] [ 40%] [32mBuilding CXX object CMakeFiles/depthai_ros_msgs__rosidl_typesupport_fastrtps_c.dir/rosidl_typesupport_fastrtps_c/depthai_ros_msgs/msg/detail/track_detection2_d__type_support_c.cpp.o[0m
[17.744s] [ 41%] [32mBuilding CXX object CMakeFiles/depthai_ros_msgs__rosidl_typesupport_introspection_cpp.dir/rosidl_typesupport_introspection_cpp/depthai_ros_msgs/msg/detail/track_detection2_d_array__type_support.cpp.o[0m
[18.166s] [ 42%] [32mBuilding CXX object CMakeFiles/depthai_ros_msgs__rosidl_typesupport_fastrtps_c.dir/rosidl_typesupport_fastrtps_c/depthai_ros_msgs/msg/detail/track_detection2_d_array__type_support_c.cpp.o[0m
[18.488s] [ 43%] [32mBuilding CXX object CMakeFiles/depthai_ros_msgs__rosidl_typesupport_introspection_cpp.dir/rosidl_typesupport_introspection_cpp/depthai_ros_msgs/srv/detail/trigger_named__type_support.cpp.o[0m
[18.655s] [ 44%] [32mBuilding CXX object CMakeFiles/depthai_ros_msgs__rosidl_typesupport_fastrtps_c.dir/rosidl_typesupport_fastrtps_c/depthai_ros_msgs/srv/detail/trigger_named__type_support_c.cpp.o[0m
[19.013s] [ 45%] [32mBuilding CXX object CMakeFiles/depthai_ros_msgs__rosidl_typesupport_introspection_cpp.dir/rosidl_typesupport_introspection_cpp/depthai_ros_msgs/srv/detail/normalized_image_crop__type_support.cpp.o[0m
[19.174s] [ 46%] [32mBuilding CXX object CMakeFiles/depthai_ros_msgs__rosidl_typesupport_fastrtps_c.dir/rosidl_typesupport_fastrtps_c/depthai_ros_msgs/srv/detail/normalized_image_crop__type_support_c.cpp.o[0m
[19.612s] [ 47%] [32m[1mLinking CXX shared library libdepthai_ros_msgs__rosidl_typesupport_introspection_cpp.so[0m
[19.673s] [ 48%] [32m[1mLinking CXX shared library libdepthai_ros_msgs__rosidl_typesupport_fastrtps_c.so[0m
[19.744s] [ 48%] Built target depthai_ros_msgs__rosidl_typesupport_introspection_cpp
[19.786s] [ 48%] Built target depthai_ros_msgs__rosidl_typesupport_fastrtps_c
[19.804s] [ 49%] [34m[1mGenerating C type support dispatch for ROS interfaces[0m
[20.764s] [ 50%] [32mBuilding CXX object CMakeFiles/depthai_ros_msgs__rosidl_typesupport_c.dir/rosidl_typesupport_c/depthai_ros_msgs/msg/auto_focus_ctrl__type_support.cpp.o[0m
[20.805s] [ 50%] [32mBuilding CXX object CMakeFiles/depthai_ros_msgs__rosidl_typesupport_c.dir/rosidl_typesupport_c/depthai_ros_msgs/msg/hand_landmark__type_support.cpp.o[0m
[20.854s] [ 51%] [32mBuilding CXX object CMakeFiles/depthai_ros_msgs__rosidl_typesupport_c.dir/rosidl_typesupport_c/depthai_ros_msgs/msg/hand_landmark_array__type_support.cpp.o[0m
[20.909s] [ 52%] [32mBuilding CXX object CMakeFiles/depthai_ros_msgs__rosidl_typesupport_c.dir/rosidl_typesupport_c/depthai_ros_msgs/msg/imu_with_magnetic_field__type_support.cpp.o[0m
[20.958s] [ 53%] [32mBuilding CXX object CMakeFiles/depthai_ros_msgs__rosidl_typesupport_c.dir/rosidl_typesupport_c/depthai_ros_msgs/msg/tracked_feature__type_support.cpp.o[0m
[21.014s] [ 54%] [32mBuilding CXX object CMakeFiles/depthai_ros_msgs__rosidl_typesupport_c.dir/rosidl_typesupport_c/depthai_ros_msgs/msg/tracked_features__type_support.cpp.o[0m
[21.066s] [ 55%] [32mBuilding CXX object CMakeFiles/depthai_ros_msgs__rosidl_typesupport_c.dir/rosidl_typesupport_c/depthai_ros_msgs/msg/spatial_detection__type_support.cpp.o[0m
[21.120s] [ 55%] [32mBuilding CXX object CMakeFiles/depthai_ros_msgs__rosidl_typesupport_c.dir/rosidl_typesupport_c/depthai_ros_msgs/msg/spatial_detection_array__type_support.cpp.o[0m
[21.175s] [ 56%] [32mBuilding CXX object CMakeFiles/depthai_ros_msgs__rosidl_typesupport_c.dir/rosidl_typesupport_c/depthai_ros_msgs/msg/track_detection2_d__type_support.cpp.o[0m
[21.234s] [ 57%] [32mBuilding CXX object CMakeFiles/depthai_ros_msgs__rosidl_typesupport_c.dir/rosidl_typesupport_c/depthai_ros_msgs/msg/track_detection2_d_array__type_support.cpp.o[0m
[21.285s] [ 58%] [32mBuilding CXX object CMakeFiles/depthai_ros_msgs__rosidl_typesupport_c.dir/rosidl_typesupport_c/depthai_ros_msgs/srv/trigger_named__type_support.cpp.o[0m
[21.343s] [ 59%] [32mBuilding CXX object CMakeFiles/depthai_ros_msgs__rosidl_typesupport_c.dir/rosidl_typesupport_c/depthai_ros_msgs/srv/normalized_image_crop__type_support.cpp.o[0m
[21.392s] [ 60%] [32m[1mLinking CXX shared library libdepthai_ros_msgs__rosidl_typesupport_c.so[0m
[21.476s] [ 60%] Built target depthai_ros_msgs__rosidl_typesupport_c
[21.494s] [ 61%] [34m[1mGenerating C introspection for ROS interfaces[0m
[22.752s] [ 62%] [32mBuilding C object CMakeFiles/depthai_ros_msgs__rosidl_typesupport_introspection_c.dir/rosidl_typesupport_introspection_c/depthai_ros_msgs/msg/detail/auto_focus_ctrl__type_support.c.o[0m
[22.797s] [ 63%] [32mBuilding C object CMakeFiles/depthai_ros_msgs__rosidl_typesupport_introspection_c.dir/rosidl_typesupport_introspection_c/depthai_ros_msgs/msg/detail/hand_landmark_array__type_support.c.o[0m
[22.867s] [ 63%] [32mBuilding C object CMakeFiles/depthai_ros_msgs__rosidl_typesupport_introspection_c.dir/rosidl_typesupport_introspection_c/depthai_ros_msgs/msg/detail/imu_with_magnetic_field__type_support.c.o[0m
[22.933s] [ 64%] [32mBuilding C object CMakeFiles/depthai_ros_msgs__rosidl_typesupport_introspection_c.dir/rosidl_typesupport_introspection_c/depthai_ros_msgs/msg/detail/tracked_feature__type_support.c.o[0m
[22.999s] [ 65%] [32mBuilding C object CMakeFiles/depthai_ros_msgs__rosidl_typesupport_introspection_c.dir/rosidl_typesupport_introspection_c/depthai_ros_msgs/msg/detail/tracked_features__type_support.c.o[0m
[23.062s] [ 66%] [32mBuilding C object CMakeFiles/depthai_ros_msgs__rosidl_typesupport_introspection_c.dir/rosidl_typesupport_introspection_c/depthai_ros_msgs/msg/detail/spatial_detection__type_support.c.o[0m
[23.140s] [ 67%] [32mBuilding C object CMakeFiles/depthai_ros_msgs__rosidl_typesupport_introspection_c.dir/rosidl_typesupport_introspection_c/depthai_ros_msgs/msg/detail/spatial_detection_array__type_support.c.o[0m
[23.207s] [ 68%] [32mBuilding C object CMakeFiles/depthai_ros_msgs__rosidl_typesupport_introspection_c.dir/rosidl_typesupport_introspection_c/depthai_ros_msgs/msg/detail/track_detection2_d__type_support.c.o[0m
[23.275s] [ 69%] [32mBuilding C object CMakeFiles/depthai_ros_msgs__rosidl_typesupport_introspection_c.dir/rosidl_typesupport_introspection_c/depthai_ros_msgs/msg/detail/track_detection2_d_array__type_support.c.o[0m
[23.344s] [ 69%] [32mBuilding C object CMakeFiles/depthai_ros_msgs__rosidl_typesupport_introspection_c.dir/rosidl_typesupport_introspection_c/depthai_ros_msgs/srv/detail/trigger_named__type_support.c.o[0m
[23.412s] [ 70%] [32mBuilding C object CMakeFiles/depthai_ros_msgs__rosidl_typesupport_introspection_c.dir/rosidl_typesupport_introspection_c/depthai_ros_msgs/srv/detail/normalized_image_crop__type_support.c.o[0m
[23.476s] [ 71%] [32mBuilding C object CMakeFiles/depthai_ros_msgs__rosidl_typesupport_introspection_c.dir/rosidl_typesupport_introspection_c/depthai_ros_msgs/msg/detail/hand_landmark__type_support.c.o[0m
[23.539s] [ 72%] [32m[1mLinking C shared library libdepthai_ros_msgs__rosidl_typesupport_introspection_c.so[0m
[23.582s] [ 72%] Built target depthai_ros_msgs__rosidl_typesupport_introspection_c
[23.595s] [ 72%] [34m[1mGenerating C++ type support for eProsima Fast-RTPS[0m
[24.992s] [ 73%] [32mBuilding CXX object CMakeFiles/depthai_ros_msgs__rosidl_typesupport_fastrtps_cpp.dir/rosidl_typesupport_fastrtps_cpp/depthai_ros_msgs/msg/detail/dds_fastrtps/auto_focus_ctrl__type_support.cpp.o[0m
[25.565s] [ 74%] [32mBuilding CXX object CMakeFiles/depthai_ros_msgs__rosidl_typesupport_fastrtps_cpp.dir/rosidl_typesupport_fastrtps_cpp/depthai_ros_msgs/msg/detail/dds_fastrtps/imu_with_magnetic_field__type_support.cpp.o[0m
[26.070s] [ 75%] [32mBuilding CXX object CMakeFiles/depthai_ros_msgs__rosidl_typesupport_fastrtps_cpp.dir/rosidl_typesupport_fastrtps_cpp/depthai_ros_msgs/msg/detail/dds_fastrtps/tracked_feature__type_support.cpp.o[0m
[26.619s] [ 75%] [32mBuilding CXX object CMakeFiles/depthai_ros_msgs__rosidl_typesupport_fastrtps_cpp.dir/rosidl_typesupport_fastrtps_cpp/depthai_ros_msgs/msg/detail/dds_fastrtps/tracked_features__type_support.cpp.o[0m
[27.215s] [ 76%] [32mBuilding CXX object CMakeFiles/depthai_ros_msgs__rosidl_typesupport_fastrtps_cpp.dir/rosidl_typesupport_fastrtps_cpp/depthai_ros_msgs/msg/detail/dds_fastrtps/spatial_detection__type_support.cpp.o[0m
[27.765s] [ 77%] [32mBuilding CXX object CMakeFiles/depthai_ros_msgs__rosidl_typesupport_fastrtps_cpp.dir/rosidl_typesupport_fastrtps_cpp/depthai_ros_msgs/msg/detail/dds_fastrtps/spatial_detection_array__type_support.cpp.o[0m
[28.439s] [ 78%] [32mBuilding CXX object CMakeFiles/depthai_ros_msgs__rosidl_typesupport_fastrtps_cpp.dir/rosidl_typesupport_fastrtps_cpp/depthai_ros_msgs/msg/detail/dds_fastrtps/track_detection2_d__type_support.cpp.o[0m
[29.019s] [ 79%] [32mBuilding CXX object CMakeFiles/depthai_ros_msgs__rosidl_typesupport_fastrtps_cpp.dir/rosidl_typesupport_fastrtps_cpp/depthai_ros_msgs/msg/detail/dds_fastrtps/track_detection2_d_array__type_support.cpp.o[0m
[29.657s] [ 80%] [32mBuilding CXX object CMakeFiles/depthai_ros_msgs__rosidl_typesupport_fastrtps_cpp.dir/rosidl_typesupport_fastrtps_cpp/depthai_ros_msgs/srv/detail/dds_fastrtps/trigger_named__type_support.cpp.o[0m
[30.222s] [ 80%] [32mBuilding CXX object CMakeFiles/depthai_ros_msgs__rosidl_typesupport_fastrtps_cpp.dir/rosidl_typesupport_fastrtps_cpp/depthai_ros_msgs/srv/detail/dds_fastrtps/normalized_image_crop__type_support.cpp.o[0m
[30.735s] [ 81%] [32mBuilding CXX object CMakeFiles/depthai_ros_msgs__rosidl_typesupport_fastrtps_cpp.dir/rosidl_typesupport_fastrtps_cpp/depthai_ros_msgs/msg/detail/dds_fastrtps/hand_landmark_array__type_support.cpp.o[0m
[31.386s] [ 82%] [32mBuilding CXX object CMakeFiles/depthai_ros_msgs__rosidl_typesupport_fastrtps_cpp.dir/rosidl_typesupport_fastrtps_cpp/depthai_ros_msgs/msg/detail/dds_fastrtps/hand_landmark__type_support.cpp.o[0m
[31.924s] [ 83%] [32m[1mLinking CXX shared library libdepthai_ros_msgs__rosidl_typesupport_fastrtps_cpp.so[0m
[32.143s] [ 83%] Built target depthai_ros_msgs__rosidl_typesupport_fastrtps_cpp
[32.185s] [ 83%] Built target depthai_ros_msgs
[32.226s] [ 84%] [34m[1mGenerating Python code for ROS interfaces[0m
[34.723s] [ 84%] Built target depthai_ros_msgs__py
[34.747s] [ 86%] [32mBuilding C object CMakeFiles/depthai_ros_msgs__rosidl_generator_py.dir/rosidl_generator_py/depthai_ros_msgs/msg/_auto_focus_ctrl_s.c.o[0m
[34.747s] [ 86%] [32mBuilding C object CMakeFiles/depthai_ros_msgs__rosidl_generator_py.dir/rosidl_generator_py/depthai_ros_msgs/msg/_hand_landmark_s.c.o[0m
[34.930s] [ 87%] [32mBuilding C object CMakeFiles/depthai_ros_msgs__rosidl_generator_py.dir/rosidl_generator_py/depthai_ros_msgs/msg/_imu_with_magnetic_field_s.c.o[0m
[34.944s] [ 88%] [32mBuilding C object CMakeFiles/depthai_ros_msgs__rosidl_generator_py.dir/rosidl_generator_py/depthai_ros_msgs/msg/_tracked_feature_s.c.o[0m
[35.107s] [ 89%] [32mBuilding C object CMakeFiles/depthai_ros_msgs__rosidl_generator_py.dir/rosidl_generator_py/depthai_ros_msgs/msg/_tracked_features_s.c.o[0m
[35.116s] [ 90%] [32mBuilding C object CMakeFiles/depthai_ros_msgs__rosidl_generator_py.dir/rosidl_generator_py/depthai_ros_msgs/msg/_spatial_detection_s.c.o[0m
[35.283s] [ 91%] [32mBuilding C object CMakeFiles/depthai_ros_msgs__rosidl_generator_py.dir/rosidl_generator_py/depthai_ros_msgs/msg/_spatial_detection_array_s.c.o[0m
[35.309s] [ 92%] [32mBuilding C object CMakeFiles/depthai_ros_msgs__rosidl_generator_py.dir/rosidl_generator_py/depthai_ros_msgs/msg/_track_detection2_d_s.c.o[0m
[35.465s] [ 92%] [32mBuilding C object CMakeFiles/depthai_ros_msgs__rosidl_generator_py.dir/rosidl_generator_py/depthai_ros_msgs/msg/_track_detection2_d_array_s.c.o[0m
[35.509s] [ 93%] [32mBuilding C object CMakeFiles/depthai_ros_msgs__rosidl_generator_py.dir/rosidl_generator_py/depthai_ros_msgs/srv/_trigger_named_s.c.o[0m
[35.616s] [ 94%] [32mBuilding C object CMakeFiles/depthai_ros_msgs__rosidl_generator_py.dir/rosidl_generator_py/depthai_ros_msgs/srv/_normalized_image_crop_s.c.o[0m
[35.638s] [ 94%] [32mBuilding C object CMakeFiles/depthai_ros_msgs__rosidl_generator_py.dir/rosidl_generator_py/depthai_ros_msgs/msg/_hand_landmark_array_s.c.o[0m
[35.763s] [ 95%] [32m[1mLinking C shared library rosidl_generator_py/depthai_ros_msgs/libdepthai_ros_msgs__rosidl_generator_py.so[0m
[35.817s] [ 95%] Built target depthai_ros_msgs__rosidl_generator_py
[35.850s] [ 96%] [32mBuilding C object CMakeFiles/depthai_ros_msgs__rosidl_typesupport_fastrtps_c__pyext.dir/rosidl_generator_py/depthai_ros_msgs/_depthai_ros_msgs_s.ep.rosidl_typesupport_fastrtps_c.c.o[0m
[35.850s] [ 97%] [32mBuilding C object CMakeFiles/depthai_ros_msgs__rosidl_typesupport_introspection_c__pyext.dir/rosidl_generator_py/depthai_ros_msgs/_depthai_ros_msgs_s.ep.rosidl_typesupport_introspection_c.c.o[0m
[36.092s] [ 99%] [32m[1mLinking C shared library rosidl_generator_py/depthai_ros_msgs/depthai_ros_msgs_s__rosidl_typesupport_fastrtps_c.cpython-310-x86_64-linux-gnu.so[0m
[36.092s] [ 99%] [32m[1mLinking C shared library rosidl_generator_py/depthai_ros_msgs/depthai_ros_msgs_s__rosidl_typesupport_introspection_c.cpython-310-x86_64-linux-gnu.so[0m
[36.184s] [ 99%] Built target depthai_ros_msgs__rosidl_typesupport_fastrtps_c__pyext
[36.187s] [ 99%] Built target depthai_ros_msgs__rosidl_typesupport_introspection_c__pyext
[36.225s] [ 99%] [32mBuilding C object CMakeFiles/depthai_ros_msgs__rosidl_typesupport_c__pyext.dir/rosidl_generator_py/depthai_ros_msgs/_depthai_ros_msgs_s.ep.rosidl_typesupport_c.c.o[0m
[36.443s] [100%] [32m[1mLinking C shared library rosidl_generator_py/depthai_ros_msgs/depthai_ros_msgs_s__rosidl_typesupport_c.cpython-310-x86_64-linux-gnu.so[0m
[36.529s] [100%] Built target depthai_ros_msgs__rosidl_typesupport_c__pyext
[36.546s] Invoked command in '/home/konrad/TrailblazerML/src/build/depthai_ros_msgs' returned '0': CMAKE_PREFIX_PATH=${CMAKE_PREFIX_PATH}:/home/konrad/TrailblazerML/install/trailblazerml:/home/konrad/TrailblazerML/install/rover_teleop_twist_joy:/home/konrad/TrailblazerML/install/gazebo_viz:/opt/ros/humble /usr/bin/cmake --build /home/konrad/TrailblazerML/src/build/depthai_ros_msgs -- -j4 -l4
[36.548s] Invoking command in '/home/konrad/TrailblazerML/src/build/depthai_ros_msgs': CMAKE_PREFIX_PATH=${CMAKE_PREFIX_PATH}:/home/konrad/TrailblazerML/install/trailblazerml:/home/konrad/TrailblazerML/install/rover_teleop_twist_joy:/home/konrad/TrailblazerML/install/gazebo_viz:/opt/ros/humble /usr/bin/cmake --install /home/konrad/TrailblazerML/src/build/depthai_ros_msgs
[36.557s] -- Install configuration: ""
[36.557s] -- Installing: /home/konrad/TrailblazerML/src/install/depthai_ros_msgs/share/ament_index/resource_index/rosidl_interfaces/depthai_ros_msgs
[36.557s] -- Installing: /home/konrad/TrailblazerML/src/install/depthai_ros_msgs/include/depthai_ros_msgs/depthai_ros_msgs
[36.557s] -- Installing: /home/konrad/TrailblazerML/src/install/depthai_ros_msgs/include/depthai_ros_msgs/depthai_ros_msgs/srv
[36.558s] -- Installing: /home/konrad/TrailblazerML/src/install/depthai_ros_msgs/include/depthai_ros_msgs/depthai_ros_msgs/srv/detail
[36.558s] -- Installing: /home/konrad/TrailblazerML/src/install/depthai_ros_msgs/include/depthai_ros_msgs/depthai_ros_msgs/srv/detail/trigger_named__struct.h
[36.558s] -- Installing: /home/konrad/TrailblazerML/src/install/depthai_ros_msgs/include/depthai_ros_msgs/depthai_ros_msgs/srv/detail/normalized_image_crop__type_support.h
[36.558s] -- Installing: /home/konrad/TrailblazerML/src/install/depthai_ros_msgs/include/depthai_ros_msgs/depthai_ros_msgs/srv/detail/normalized_image_crop__functions.h
[36.558s] -- Installing: /home/konrad/TrailblazerML/src/install/depthai_ros_msgs/include/depthai_ros_msgs/depthai_ros_msgs/srv/detail/normalized_image_crop__functions.c
[36.558s] -- Installing: /home/konrad/TrailblazerML/src/install/depthai_ros_msgs/include/depthai_ros_msgs/depthai_ros_msgs/srv/detail/trigger_named__functions.h
[36.558s] -- Installing: /home/konrad/TrailblazerML/src/install/depthai_ros_msgs/include/depthai_ros_msgs/depthai_ros_msgs/srv/detail/trigger_named__functions.c
[36.558s] -- Installing: /home/konrad/TrailblazerML/src/install/depthai_ros_msgs/include/depthai_ros_msgs/depthai_ros_msgs/srv/detail/trigger_named__type_support.h
[36.558s] -- Installing: /home/konrad/TrailblazerML/src/install/depthai_ros_msgs/include/depthai_ros_msgs/depthai_ros_msgs/srv/detail/normalized_image_crop__struct.h
[36.561s] -- Installing: /home/konrad/TrailblazerML/src/install/depthai_ros_msgs/include/depthai_ros_msgs/depthai_ros_msgs/srv/trigger_named.h
[36.561s] -- Installing: /home/konrad/TrailblazerML/src/install/depthai_ros_msgs/include/depthai_ros_msgs/depthai_ros_msgs/srv/normalized_image_crop.h
[36.561s] -- Installing: /home/konrad/TrailblazerML/src/install/depthai_ros_msgs/include/depthai_ros_msgs/depthai_ros_msgs/msg
[36.561s] -- Installing: /home/konrad/TrailblazerML/src/install/depthai_ros_msgs/include/depthai_ros_msgs/depthai_ros_msgs/msg/auto_focus_ctrl.h
[36.561s] -- Installing: /home/konrad/TrailblazerML/src/install/depthai_ros_msgs/include/depthai_ros_msgs/depthai_ros_msgs/msg/rosidl_generator_c__visibility_control.h
[36.561s] -- Installing: /home/konrad/TrailblazerML/src/install/depthai_ros_msgs/include/depthai_ros_msgs/depthai_ros_msgs/msg/spatial_detection_array.h
[36.561s] -- Installing: /home/konrad/TrailblazerML/src/install/depthai_ros_msgs/include/depthai_ros_msgs/depthai_ros_msgs/msg/tracked_feature.h
[36.561s] -- Installing: /home/konrad/TrailblazerML/src/install/depthai_ros_msgs/include/depthai_ros_msgs/depthai_ros_msgs/msg/imu_with_magnetic_field.h
[36.561s] -- Installing: /home/konrad/TrailblazerML/src/install/depthai_ros_msgs/include/depthai_ros_msgs/depthai_ros_msgs/msg/detail
[36.561s] -- Installing: /home/konrad/TrailblazerML/src/install/depthai_ros_msgs/include/depthai_ros_msgs/depthai_ros_msgs/msg/detail/spatial_detection__struct.h
[36.562s] -- Installing: /home/konrad/TrailblazerML/src/install/depthai_ros_msgs/include/depthai_ros_msgs/depthai_ros_msgs/msg/detail/tracked_features__struct.h
[36.562s] -- Installing: /home/konrad/TrailblazerML/src/install/depthai_ros_msgs/include/depthai_ros_msgs/depthai_ros_msgs/msg/detail/tracked_feature__type_support.h
[36.562s] -- Installing: /home/konrad/TrailblazerML/src/install/depthai_ros_msgs/include/depthai_ros_msgs/depthai_ros_msgs/msg/detail/tracked_features__functions.c
[36.562s] -- Installing: /home/konrad/TrailblazerML/src/install/depthai_ros_msgs/include/depthai_ros_msgs/depthai_ros_msgs/msg/detail/track_detection2_d_array__functions.c
[36.562s] -- Installing: /home/konrad/TrailblazerML/src/install/depthai_ros_msgs/include/depthai_ros_msgs/depthai_ros_msgs/msg/detail/tracked_feature__functions.c
[36.562s] -- Installing: /home/konrad/TrailblazerML/src/install/depthai_ros_msgs/include/depthai_ros_msgs/depthai_ros_msgs/msg/detail/tracked_features__type_support.h
[36.562s] -- Installing: /home/konrad/TrailblazerML/src/install/depthai_ros_msgs/include/depthai_ros_msgs/depthai_ros_msgs/msg/detail/track_detection2_d_array__functions.h
[36.562s] -- Installing: /home/konrad/TrailblazerML/src/install/depthai_ros_msgs/include/depthai_ros_msgs/depthai_ros_msgs/msg/detail/track_detection2_d__type_support.h
[36.562s] -- Installing: /home/konrad/TrailblazerML/src/install/depthai_ros_msgs/include/depthai_ros_msgs/depthai_ros_msgs/msg/detail/imu_with_magnetic_field__type_support.h
[36.562s] -- Installing: /home/konrad/TrailblazerML/src/install/depthai_ros_msgs/include/depthai_ros_msgs/depthai_ros_msgs/msg/detail/hand_landmark__struct.h
[36.562s] -- Installing: /home/konrad/TrailblazerML/src/install/depthai_ros_msgs/include/depthai_ros_msgs/depthai_ros_msgs/msg/detail/hand_landmark_array__functions.h
[36.562s] -- Installing: /home/konrad/TrailblazerML/src/install/depthai_ros_msgs/include/depthai_ros_msgs/depthai_ros_msgs/msg/detail/spatial_detection_array__struct.h
[36.562s] -- Installing: /home/konrad/TrailblazerML/src/install/depthai_ros_msgs/include/depthai_ros_msgs/depthai_ros_msgs/msg/detail/track_detection2_d__functions.h
[36.562s] -- Installing: /home/konrad/TrailblazerML/src/install/depthai_ros_msgs/include/depthai_ros_msgs/depthai_ros_msgs/msg/detail/hand_landmark_array__functions.c
[36.563s] -- Installing: /home/konrad/TrailblazerML/src/install/depthai_ros_msgs/include/depthai_ros_msgs/depthai_ros_msgs/msg/detail/track_detection2_d_array__struct.h
[36.563s] -- Installing: /home/konrad/TrailblazerML/src/install/depthai_ros_msgs/include/depthai_ros_msgs/depthai_ros_msgs/msg/detail/spatial_detection__functions.c
[36.563s] -- Installing: /home/konrad/TrailblazerML/src/install/depthai_ros_msgs/include/depthai_ros_msgs/depthai_ros_msgs/msg/detail/track_detection2_d__functions.c
[36.563s] -- Installing: /home/konrad/TrailblazerML/src/install/depthai_ros_msgs/include/depthai_ros_msgs/depthai_ros_msgs/msg/detail/auto_focus_ctrl__functions.c
[36.563s] -- Installing: /home/konrad/TrailblazerML/src/install/depthai_ros_msgs/include/depthai_ros_msgs/depthai_ros_msgs/msg/detail/tracked_feature__functions.h
[36.563s] -- Installing: /home/konrad/TrailblazerML/src/install/depthai_ros_msgs/include/depthai_ros_msgs/depthai_ros_msgs/msg/detail/imu_with_magnetic_field__functions.c
[36.563s] -- Installing: /home/konrad/TrailblazerML/src/install/depthai_ros_msgs/include/depthai_ros_msgs/depthai_ros_msgs/msg/detail/track_detection2_d__struct.h
[36.563s] -- Installing: /home/konrad/TrailblazerML/src/install/depthai_ros_msgs/include/depthai_ros_msgs/depthai_ros_msgs/msg/detail/tracked_features__functions.h
[36.563s] -- Installing: /home/konrad/TrailblazerML/src/install/depthai_ros_msgs/include/depthai_ros_msgs/depthai_ros_msgs/msg/detail/hand_landmark__type_support.h
[36.563s] -- Installing: /home/konrad/TrailblazerML/src/install/depthai_ros_msgs/include/depthai_ros_msgs/depthai_ros_msgs/msg/detail/spatial_detection_array__functions.c
[36.563s] -- Installing: /home/konrad/TrailblazerML/src/install/depthai_ros_msgs/include/depthai_ros_msgs/depthai_ros_msgs/msg/detail/hand_landmark_array__struct.h
[36.563s] -- Installing: /home/konrad/TrailblazerML/src/install/depthai_ros_msgs/include/depthai_ros_msgs/depthai_ros_msgs/msg/detail/auto_focus_ctrl__functions.h
[36.564s] -- Installing: /home/konrad/TrailblazerML/src/install/depthai_ros_msgs/include/depthai_ros_msgs/depthai_ros_msgs/msg/detail/spatial_detection_array__functions.h
[36.564s] -- Installing: /home/konrad/TrailblazerML/src/install/depthai_ros_msgs/include/depthai_ros_msgs/depthai_ros_msgs/msg/detail/spatial_detection_array__type_support.h
[36.564s] -- Installing: /home/konrad/TrailblazerML/src/install/depthai_ros_msgs/include/depthai_ros_msgs/depthai_ros_msgs/msg/detail/spatial_detection__functions.h
[36.564s] -- Installing: /home/konrad/TrailblazerML/src/install/depthai_ros_msgs/include/depthai_ros_msgs/depthai_ros_msgs/msg/detail/tracked_feature__struct.h
[36.564s] -- Installing: /home/konrad/TrailblazerML/src/install/depthai_ros_msgs/include/depthai_ros_msgs/depthai_ros_msgs/msg/detail/hand_landmark_array__type_support.h
[36.564s] -- Installing: /home/konrad/TrailblazerML/src/install/depthai_ros_msgs/include/depthai_ros_msgs/depthai_ros_msgs/msg/detail/auto_focus_ctrl__struct.h
[36.564s] -- Installing: /home/konrad/TrailblazerML/src/install/depthai_ros_msgs/include/depthai_ros_msgs/depthai_ros_msgs/msg/detail/spatial_detection__type_support.h
[36.564s] -- Installing: /home/konrad/TrailblazerML/src/install/depthai_ros_msgs/include/depthai_ros_msgs/depthai_ros_msgs/msg/detail/track_detection2_d_array__type_support.h
[36.565s] -- Installing: /home/konrad/TrailblazerML/src/install/depthai_ros_msgs/include/depthai_ros_msgs/depthai_ros_msgs/msg/detail/imu_with_magnetic_field__struct.h
[36.565s] -- Installing: /home/konrad/TrailblazerML/src/install/depthai_ros_msgs/include/depthai_ros_msgs/depthai_ros_msgs/msg/detail/imu_with_magnetic_field__functions.h
[36.565s] -- Installing: /home/konrad/TrailblazerML/src/install/depthai_ros_msgs/include/depthai_ros_msgs/depthai_ros_msgs/msg/detail/hand_landmark__functions.c
[36.565s] -- Installing: /home/konrad/TrailblazerML/src/install/depthai_ros_msgs/include/depthai_ros_msgs/depthai_ros_msgs/msg/detail/hand_landmark__functions.h
[36.565s] -- Installing: /home/konrad/TrailblazerML/src/install/depthai_ros_msgs/include/depthai_ros_msgs/depthai_ros_msgs/msg/detail/auto_focus_ctrl__type_support.h
[36.565s] -- Installing: /home/konrad/TrailblazerML/src/install/depthai_ros_msgs/include/depthai_ros_msgs/depthai_ros_msgs/msg/spatial_detection.h
[36.565s] -- Installing: /home/konrad/TrailblazerML/src/install/depthai_ros_msgs/include/depthai_ros_msgs/depthai_ros_msgs/msg/hand_landmark.h
[36.565s] -- Installing: /home/konrad/TrailblazerML/src/install/depthai_ros_msgs/include/depthai_ros_msgs/depthai_ros_msgs/msg/hand_landmark_array.h
[36.566s] -- Installing: /home/konrad/TrailblazerML/src/install/depthai_ros_msgs/include/depthai_ros_msgs/depthai_ros_msgs/msg/track_detection2_d.h
[36.566s] -- Installing: /home/konrad/TrailblazerML/src/install/depthai_ros_msgs/include/depthai_ros_msgs/depthai_ros_msgs/msg/tracked_features.h
[36.566s] -- Installing: /home/konrad/TrailblazerML/src/install/depthai_ros_msgs/include/depthai_ros_msgs/depthai_ros_msgs/msg/track_detection2_d_array.h
[36.566s] -- Installing: /home/konrad/TrailblazerML/src/install/depthai_ros_msgs/share/depthai_ros_msgs/environment/library_path.sh
[36.566s] -- Installing: /home/konrad/TrailblazerML/src/install/depthai_ros_msgs/share/depthai_ros_msgs/environment/library_path.dsv
[36.566s] -- Installing: /home/konrad/TrailblazerML/src/install/depthai_ros_msgs/lib/libdepthai_ros_msgs__rosidl_generator_c.so
[36.567s] -- Set runtime path of "/home/konrad/TrailblazerML/src/install/depthai_ros_msgs/lib/libdepthai_ros_msgs__rosidl_generator_c.so" to ""
[36.567s] -- Up-to-date: /home/konrad/TrailblazerML/src/install/depthai_ros_msgs/include/depthai_ros_msgs/depthai_ros_msgs
[36.568s] -- Up-to-date: /home/konrad/TrailblazerML/src/install/depthai_ros_msgs/include/depthai_ros_msgs/depthai_ros_msgs/srv
[36.568s] -- Up-to-date: /home/konrad/TrailblazerML/src/install/depthai_ros_msgs/include/depthai_ros_msgs/depthai_ros_msgs/srv/detail
[36.568s] -- Installing: /home/konrad/TrailblazerML/src/install/depthai_ros_msgs/include/depthai_ros_msgs/depthai_ros_msgs/srv/detail/trigger_named__rosidl_typesupport_fastrtps_c.h
[36.568s] -- Installing: /home/konrad/TrailblazerML/src/install/depthai_ros_msgs/include/depthai_ros_msgs/depthai_ros_msgs/srv/detail/normalized_image_crop__rosidl_typesupport_fastrtps_c.h
[36.568s] -- Up-to-date: /home/konrad/TrailblazerML/src/install/depthai_ros_msgs/include/depthai_ros_msgs/depthai_ros_msgs/msg
[36.568s] -- Up-to-date: /home/konrad/TrailblazerML/src/install/depthai_ros_msgs/include/depthai_ros_msgs/depthai_ros_msgs/msg/detail
[36.568s] -- Installing: /home/konrad/TrailblazerML/src/install/depthai_ros_msgs/include/depthai_ros_msgs/depthai_ros_msgs/msg/detail/imu_with_magnetic_field__rosidl_typesupport_fastrtps_c.h
[36.569s] -- Installing: /home/konrad/TrailblazerML/src/install/depthai_ros_msgs/include/depthai_ros_msgs/depthai_ros_msgs/msg/detail/tracked_features__rosidl_typesupport_fastrtps_c.h
[36.569s] -- Installing: /home/konrad/TrailblazerML/src/install/depthai_ros_msgs/include/depthai_ros_msgs/depthai_ros_msgs/msg/detail/auto_focus_ctrl__rosidl_typesupport_fastrtps_c.h
[36.570s] -- Installing: /home/konrad/TrailblazerML/src/install/depthai_ros_msgs/include/depthai_ros_msgs/depthai_ros_msgs/msg/detail/track_detection2_d_array__rosidl_typesupport_fastrtps_c.h
[36.570s] -- Installing: /home/konrad/TrailblazerML/src/install/depthai_ros_msgs/include/depthai_ros_msgs/depthai_ros_msgs/msg/detail/track_detection2_d__rosidl_typesupport_fastrtps_c.h
[36.570s] -- Installing: /home/konrad/TrailblazerML/src/install/depthai_ros_msgs/include/depthai_ros_msgs/depthai_ros_msgs/msg/detail/hand_landmark_array__rosidl_typesupport_fastrtps_c.h
[36.570s] -- Installing: /home/konrad/TrailblazerML/src/install/depthai_ros_msgs/include/depthai_ros_msgs/depthai_ros_msgs/msg/detail/spatial_detection__rosidl_typesupport_fastrtps_c.h
[36.570s] -- Installing: /home/konrad/TrailblazerML/src/install/depthai_ros_msgs/include/depthai_ros_msgs/depthai_ros_msgs/msg/detail/hand_landmark__rosidl_typesupport_fastrtps_c.h
[36.570s] -- Installing: /home/konrad/TrailblazerML/src/install/depthai_ros_msgs/include/depthai_ros_msgs/depthai_ros_msgs/msg/detail/spatial_detection_array__rosidl_typesupport_fastrtps_c.h
[36.570s] -- Installing: /home/konrad/TrailblazerML/src/install/depthai_ros_msgs/include/depthai_ros_msgs/depthai_ros_msgs/msg/detail/tracked_feature__rosidl_typesupport_fastrtps_c.h
[36.570s] -- Installing: /home/konrad/TrailblazerML/src/install/depthai_ros_msgs/include/depthai_ros_msgs/depthai_ros_msgs/msg/rosidl_typesupport_fastrtps_c__visibility_control.h
[36.570s] -- Installing: /home/konrad/TrailblazerML/src/install/depthai_ros_msgs/lib/libdepthai_ros_msgs__rosidl_typesupport_fastrtps_c.so
[36.570s] -- Set runtime path of "/home/konrad/TrailblazerML/src/install/depthai_ros_msgs/lib/libdepthai_ros_msgs__rosidl_typesupport_fastrtps_c.so" to ""
[36.570s] -- Up-to-date: /home/konrad/TrailblazerML/src/install/depthai_ros_msgs/include/depthai_ros_msgs/depthai_ros_msgs
[36.570s] -- Up-to-date: /home/konrad/TrailblazerML/src/install/depthai_ros_msgs/include/depthai_ros_msgs/depthai_ros_msgs/srv
[36.571s] -- Up-to-date: /home/konrad/TrailblazerML/src/install/depthai_ros_msgs/include/depthai_ros_msgs/depthai_ros_msgs/srv/detail
[36.571s] -- Installing: /home/konrad/TrailblazerML/src/install/depthai_ros_msgs/include/depthai_ros_msgs/depthai_ros_msgs/srv/detail/trigger_named__struct.hpp
[36.571s] -- Installing: /home/konrad/TrailblazerML/src/install/depthai_ros_msgs/include/depthai_ros_msgs/depthai_ros_msgs/srv/detail/normalized_image_crop__traits.hpp
[36.571s] -- Installing: /home/konrad/TrailblazerML/src/install/depthai_ros_msgs/include/depthai_ros_msgs/depthai_ros_msgs/srv/detail/normalized_image_crop__builder.hpp
[36.571s] -- Installing: /home/konrad/TrailblazerML/src/install/depthai_ros_msgs/include/depthai_ros_msgs/depthai_ros_msgs/srv/detail/normalized_image_crop__type_support.hpp
[36.571s] -- Installing: /home/konrad/TrailblazerML/src/install/depthai_ros_msgs/include/depthai_ros_msgs/depthai_ros_msgs/srv/detail/trigger_named__type_support.hpp
[36.572s] -- Installing: /home/konrad/TrailblazerML/src/install/depthai_ros_msgs/include/depthai_ros_msgs/depthai_ros_msgs/srv/detail/normalized_image_crop__struct.hpp
[36.572s] -- Installing: /home/konrad/TrailblazerML/src/install/depthai_ros_msgs/include/depthai_ros_msgs/depthai_ros_msgs/srv/detail/trigger_named__builder.hpp
[36.572s] -- Installing: /home/konrad/TrailblazerML/src/install/depthai_ros_msgs/include/depthai_ros_msgs/depthai_ros_msgs/srv/detail/trigger_named__traits.hpp
[36.572s] -- Installing: /home/konrad/TrailblazerML/src/install/depthai_ros_msgs/include/depthai_ros_msgs/depthai_ros_msgs/srv/normalized_image_crop.hpp
[36.572s] -- Installing: /home/konrad/TrailblazerML/src/install/depthai_ros_msgs/include/depthai_ros_msgs/depthai_ros_msgs/srv/trigger_named.hpp
[36.572s] -- Up-to-date: /home/konrad/TrailblazerML/src/install/depthai_ros_msgs/include/depthai_ros_msgs/depthai_ros_msgs/msg
[36.572s] -- Installing: /home/konrad/TrailblazerML/src/install/depthai_ros_msgs/include/depthai_ros_msgs/depthai_ros_msgs/msg/rosidl_generator_cpp__visibility_control.hpp
[36.572s] -- Installing: /home/konrad/TrailblazerML/src/install/depthai_ros_msgs/include/depthai_ros_msgs/depthai_ros_msgs/msg/spatial_detection_array.hpp
[36.572s] -- Installing: /home/konrad/TrailblazerML/src/install/depthai_ros_msgs/include/depthai_ros_msgs/depthai_ros_msgs/msg/spatial_detection.hpp
[36.572s] -- Installing: /home/konrad/TrailblazerML/src/install/depthai_ros_msgs/include/depthai_ros_msgs/depthai_ros_msgs/msg/tracked_features.hpp
[36.572s] -- Installing: /home/konrad/TrailblazerML/src/install/depthai_ros_msgs/include/depthai_ros_msgs/depthai_ros_msgs/msg/imu_with_magnetic_field.hpp
[36.572s] -- Up-to-date: /home/konrad/TrailblazerML/src/install/depthai_ros_msgs/include/depthai_ros_msgs/depthai_ros_msgs/msg/detail
[36.572s] -- Installing: /home/konrad/TrailblazerML/src/install/depthai_ros_msgs/include/depthai_ros_msgs/depthai_ros_msgs/msg/detail/imu_with_magnetic_field__builder.hpp
[36.572s] -- Installing: /home/konrad/TrailblazerML/src/install/depthai_ros_msgs/include/depthai_ros_msgs/depthai_ros_msgs/msg/detail/tracked_features__builder.hpp
[36.573s] -- Installing: /home/konrad/TrailblazerML/src/install/depthai_ros_msgs/include/depthai_ros_msgs/depthai_ros_msgs/msg/detail/track_detection2_d__struct.hpp
[36.573s] -- Installing: /home/konrad/TrailblazerML/src/install/depthai_ros_msgs/include/depthai_ros_msgs/depthai_ros_msgs/msg/detail/hand_landmark_array__builder.hpp
[36.573s] -- Installing: /home/konrad/TrailblazerML/src/install/depthai_ros_msgs/include/depthai_ros_msgs/depthai_ros_msgs/msg/detail/tracked_features__type_support.hpp
[36.573s] -- Installing: /home/konrad/TrailblazerML/src/install/depthai_ros_msgs/include/depthai_ros_msgs/depthai_ros_msgs/msg/detail/spatial_detection_array__struct.hpp
[36.573s] -- Installing: /home/konrad/TrailblazerML/src/install/depthai_ros_msgs/include/depthai_ros_msgs/depthai_ros_msgs/msg/detail/spatial_detection_array__traits.hpp
[36.573s] -- Installing: /home/konrad/TrailblazerML/src/install/depthai_ros_msgs/include/depthai_ros_msgs/depthai_ros_msgs/msg/detail/hand_landmark__traits.hpp
[36.573s] -- Installing: /home/konrad/TrailblazerML/src/install/depthai_ros_msgs/include/depthai_ros_msgs/depthai_ros_msgs/msg/detail/tracked_feature__type_support.hpp
[36.573s] -- Installing: /home/konrad/TrailblazerML/src/install/depthai_ros_msgs/include/depthai_ros_msgs/depthai_ros_msgs/msg/detail/track_detection2_d_array__struct.hpp
[36.573s] -- Installing: /home/konrad/TrailblazerML/src/install/depthai_ros_msgs/include/depthai_ros_msgs/depthai_ros_msgs/msg/detail/tracked_feature__struct.hpp
[36.573s] -- Installing: /home/konrad/TrailblazerML/src/install/depthai_ros_msgs/include/depthai_ros_msgs/depthai_ros_msgs/msg/detail/track_detection2_d__traits.hpp
[36.574s] -- Installing: /home/konrad/TrailblazerML/src/install/depthai_ros_msgs/include/depthai_ros_msgs/depthai_ros_msgs/msg/detail/hand_landmark_array__type_support.hpp
[36.574s] -- Installing: /home/konrad/TrailblazerML/src/install/depthai_ros_msgs/include/depthai_ros_msgs/depthai_ros_msgs/msg/detail/track_detection2_d__builder.hpp
[36.574s] -- Installing: /home/konrad/TrailblazerML/src/install/depthai_ros_msgs/include/depthai_ros_msgs/depthai_ros_msgs/msg/detail/spatial_detection__traits.hpp
[36.574s] -- Installing: /home/konrad/TrailblazerML/src/install/depthai_ros_msgs/include/depthai_ros_msgs/depthai_ros_msgs/msg/detail/auto_focus_ctrl__builder.hpp
[36.574s] -- Installing: /home/konrad/TrailblazerML/src/install/depthai_ros_msgs/include/depthai_ros_msgs/depthai_ros_msgs/msg/detail/spatial_detection__struct.hpp
[36.574s] -- Installing: /home/konrad/TrailblazerML/src/install/depthai_ros_msgs/include/depthai_ros_msgs/depthai_ros_msgs/msg/detail/hand_landmark_array__traits.hpp
[36.574s] -- Installing: /home/konrad/TrailblazerML/src/install/depthai_ros_msgs/include/depthai_ros_msgs/depthai_ros_msgs/msg/detail/hand_landmark_array__struct.hpp
[36.575s] -- Installing: /home/konrad/TrailblazerML/src/install/depthai_ros_msgs/include/depthai_ros_msgs/depthai_ros_msgs/msg/detail/spatial_detection__type_support.hpp
[36.575s] -- Installing: /home/konrad/TrailblazerML/src/install/depthai_ros_msgs/include/depthai_ros_msgs/depthai_ros_msgs/msg/detail/tracked_feature__traits.hpp
[36.575s] -- Installing: /home/konrad/TrailblazerML/src/install/depthai_ros_msgs/include/depthai_ros_msgs/depthai_ros_msgs/msg/detail/track_detection2_d_array__builder.hpp
[36.575s] -- Installing: /home/konrad/TrailblazerML/src/install/depthai_ros_msgs/include/depthai_ros_msgs/depthai_ros_msgs/msg/detail/spatial_detection_array__type_support.hpp
[36.575s] -- Installing: /home/konrad/TrailblazerML/src/install/depthai_ros_msgs/include/depthai_ros_msgs/depthai_ros_msgs/msg/detail/imu_with_magnetic_field__struct.hpp
[36.575s] -- Installing: /home/konrad/TrailblazerML/src/install/depthai_ros_msgs/include/depthai_ros_msgs/depthai_ros_msgs/msg/detail/hand_landmark__builder.hpp
[36.575s] -- Installing: /home/konrad/TrailblazerML/src/install/depthai_ros_msgs/include/depthai_ros_msgs/depthai_ros_msgs/msg/detail/spatial_detection__builder.hpp
[36.576s] -- Installing: /home/konrad/TrailblazerML/src/install/depthai_ros_msgs/include/depthai_ros_msgs/depthai_ros_msgs/msg/detail/auto_focus_ctrl__struct.hpp
[36.576s] -- Installing: /home/konrad/TrailblazerML/src/install/depthai_ros_msgs/include/depthai_ros_msgs/depthai_ros_msgs/msg/detail/tracked_features__struct.hpp
[36.576s] -- Installing: /home/konrad/TrailblazerML/src/install/depthai_ros_msgs/include/depthai_ros_msgs/depthai_ros_msgs/msg/detail/auto_focus_ctrl__type_support.hpp
[36.576s] -- Installing: /home/konrad/TrailblazerML/src/install/depthai_ros_msgs/include/depthai_ros_msgs/depthai_ros_msgs/msg/detail/imu_with_magnetic_field__traits.hpp
[36.576s] -- Installing: /home/konrad/TrailblazerML/src/install/depthai_ros_msgs/include/depthai_ros_msgs/depthai_ros_msgs/msg/detail/hand_landmark__type_support.hpp
[36.576s] -- Installing: /home/konrad/TrailblazerML/src/install/depthai_ros_msgs/include/depthai_ros_msgs/depthai_ros_msgs/msg/detail/spatial_detection_array__builder.hpp
[36.576s] -- Installing: /home/konrad/TrailblazerML/src/install/depthai_ros_msgs/include/depthai_ros_msgs/depthai_ros_msgs/msg/detail/tracked_features__traits.hpp
[36.576s] -- Installing: /home/konrad/TrailblazerML/src/install/depthai_ros_msgs/include/depthai_ros_msgs/depthai_ros_msgs/msg/detail/auto_focus_ctrl__traits.hpp
[36.576s] -- Installing: /home/konrad/TrailblazerML/src/install/depthai_ros_msgs/include/depthai_ros_msgs/depthai_ros_msgs/msg/detail/track_detection2_d__type_support.hpp
[36.577s] -- Installing: /home/konrad/TrailblazerML/src/install/depthai_ros_msgs/include/depthai_ros_msgs/depthai_ros_msgs/msg/detail/track_detection2_d_array__traits.hpp
[36.577s] -- Installing: /home/konrad/TrailblazerML/src/install/depthai_ros_msgs/include/depthai_ros_msgs/depthai_ros_msgs/msg/detail/imu_with_magnetic_field__type_support.hpp
[36.577s] -- Installing: /home/konrad/TrailblazerML/src/install/depthai_ros_msgs/include/depthai_ros_msgs/depthai_ros_msgs/msg/detail/tracked_feature__builder.hpp
[36.577s] -- Installing: /home/konrad/TrailblazerML/src/install/depthai_ros_msgs/include/depthai_ros_msgs/depthai_ros_msgs/msg/detail/track_detection2_d_array__type_support.hpp
[36.577s] -- Installing: /home/konrad/TrailblazerML/src/install/depthai_ros_msgs/include/depthai_ros_msgs/depthai_ros_msgs/msg/detail/hand_landmark__struct.hpp
[36.577s] -- Installing: /home/konrad/TrailblazerML/src/install/depthai_ros_msgs/include/depthai_ros_msgs/depthai_ros_msgs/msg/track_detection2_d.hpp
[36.577s] -- Installing: /home/konrad/TrailblazerML/src/install/depthai_ros_msgs/include/depthai_ros_msgs/depthai_ros_msgs/msg/auto_focus_ctrl.hpp
[36.578s] -- Installing: /home/konrad/TrailblazerML/src/install/depthai_ros_msgs/include/depthai_ros_msgs/depthai_ros_msgs/msg/tracked_feature.hpp
[36.578s] -- Installing: /home/konrad/TrailblazerML/src/install/depthai_ros_msgs/include/depthai_ros_msgs/depthai_ros_msgs/msg/track_detection2_d_array.hpp
[36.578s] -- Installing: /home/konrad/TrailblazerML/src/install/depthai_ros_msgs/include/depthai_ros_msgs/depthai_ros_msgs/msg/hand_landmark_array.hpp
[36.578s] -- Installing: /home/konrad/TrailblazerML/src/install/depthai_ros_msgs/include/depthai_ros_msgs/depthai_ros_msgs/msg/hand_landmark.hpp
[36.578s] -- Up-to-date: /home/konrad/TrailblazerML/src/install/depthai_ros_msgs/include/depthai_ros_msgs/depthai_ros_msgs
[36.578s] -- Up-to-date: /home/konrad/TrailblazerML/src/install/depthai_ros_msgs/include/depthai_ros_msgs/depthai_ros_msgs/srv
[36.578s] -- Up-to-date: /home/konrad/TrailblazerML/src/install/depthai_ros_msgs/include/depthai_ros_msgs/depthai_ros_msgs/srv/detail
[36.578s] -- Installing: /home/konrad/TrailblazerML/src/install/depthai_ros_msgs/include/depthai_ros_msgs/depthai_ros_msgs/srv/detail/trigger_named__rosidl_typesupport_fastrtps_cpp.hpp
[36.578s] -- Installing: /home/konrad/TrailblazerML/src/install/depthai_ros_msgs/include/depthai_ros_msgs/depthai_ros_msgs/srv/detail/dds_fastrtps
[36.578s] -- Installing: /home/konrad/TrailblazerML/src/install/depthai_ros_msgs/include/depthai_ros_msgs/depthai_ros_msgs/srv/detail/normalized_image_crop__rosidl_typesupport_fastrtps_cpp.hpp
[36.579s] -- Up-to-date: /home/konrad/TrailblazerML/src/install/depthai_ros_msgs/include/depthai_ros_msgs/depthai_ros_msgs/msg
[36.579s] -- Installing: /home/konrad/TrailblazerML/src/install/depthai_ros_msgs/include/depthai_ros_msgs/depthai_ros_msgs/msg/rosidl_typesupport_fastrtps_cpp__visibility_control.h
[36.579s] -- Up-to-date: /home/konrad/TrailblazerML/src/install/depthai_ros_msgs/include/depthai_ros_msgs/depthai_ros_msgs/msg/detail
[36.579s] -- Installing: /home/konrad/TrailblazerML/src/install/depthai_ros_msgs/include/depthai_ros_msgs/depthai_ros_msgs/msg/detail/tracked_feature__rosidl_typesupport_fastrtps_cpp.hpp
[36.579s] -- Installing: /home/konrad/TrailblazerML/src/install/depthai_ros_msgs/include/depthai_ros_msgs/depthai_ros_msgs/msg/detail/spatial_detection__rosidl_typesupport_fastrtps_cpp.hpp
[36.579s] -- Installing: /home/konrad/TrailblazerML/src/install/depthai_ros_msgs/include/depthai_ros_msgs/depthai_ros_msgs/msg/detail/track_detection2_d__rosidl_typesupport_fastrtps_cpp.hpp
[36.579s] -- Installing: /home/konrad/TrailblazerML/src/install/depthai_ros_msgs/include/depthai_ros_msgs/depthai_ros_msgs/msg/detail/spatial_detection_array__rosidl_typesupport_fastrtps_cpp.hpp
[36.579s] -- Installing: /home/konrad/TrailblazerML/src/install/depthai_ros_msgs/include/depthai_ros_msgs/depthai_ros_msgs/msg/detail/auto_focus_ctrl__rosidl_typesupport_fastrtps_cpp.hpp
[36.579s] -- Installing: /home/konrad/TrailblazerML/src/install/depthai_ros_msgs/include/depthai_ros_msgs/depthai_ros_msgs/msg/detail/track_detection2_d_array__rosidl_typesupport_fastrtps_cpp.hpp
[36.580s] -- Installing: /home/konrad/TrailblazerML/src/install/depthai_ros_msgs/include/depthai_ros_msgs/depthai_ros_msgs/msg/detail/imu_with_magnetic_field__rosidl_typesupport_fastrtps_cpp.hpp
[36.580s] -- Installing: /home/konrad/TrailblazerML/src/install/depthai_ros_msgs/include/depthai_ros_msgs/depthai_ros_msgs/msg/detail/hand_landmark_array__rosidl_typesupport_fastrtps_cpp.hpp
[36.580s] -- Installing: /home/konrad/TrailblazerML/src/install/depthai_ros_msgs/include/depthai_ros_msgs/depthai_ros_msgs/msg/detail/hand_landmark__rosidl_typesupport_fastrtps_cpp.hpp
[36.580s] -- Installing: /home/konrad/TrailblazerML/src/install/depthai_ros_msgs/include/depthai_ros_msgs/depthai_ros_msgs/msg/detail/dds_fastrtps
[36.580s] -- Installing: /home/konrad/TrailblazerML/src/install/depthai_ros_msgs/include/depthai_ros_msgs/depthai_ros_msgs/msg/detail/tracked_features__rosidl_typesupport_fastrtps_cpp.hpp
[36.580s] -- Installing: /home/konrad/TrailblazerML/src/install/depthai_ros_msgs/lib/libdepthai_ros_msgs__rosidl_typesupport_fastrtps_cpp.so
[36.581s] -- Set runtime path of "/home/konrad/TrailblazerML/src/install/depthai_ros_msgs/lib/libdepthai_ros_msgs__rosidl_typesupport_fastrtps_cpp.so" to ""
[36.581s] -- Up-to-date: /home/konrad/TrailblazerML/src/install/depthai_ros_msgs/include/depthai_ros_msgs/depthai_ros_msgs
[36.582s] -- Up-to-date: /home/konrad/TrailblazerML/src/install/depthai_ros_msgs/include/depthai_ros_msgs/depthai_ros_msgs/srv
[36.582s] -- Up-to-date: /home/konrad/TrailblazerML/src/install/depthai_ros_msgs/include/depthai_ros_msgs/depthai_ros_msgs/srv/detail
[36.582s] -- Installing: /home/konrad/TrailblazerML/src/install/depthai_ros_msgs/include/depthai_ros_msgs/depthai_ros_msgs/srv/detail/normalized_image_crop__type_support.c
[36.582s] -- Installing: /home/konrad/TrailblazerML/src/install/depthai_ros_msgs/include/depthai_ros_msgs/depthai_ros_msgs/srv/detail/normalized_image_crop__rosidl_typesupport_introspection_c.h
[36.582s] -- Installing: /home/konrad/TrailblazerML/src/install/depthai_ros_msgs/include/depthai_ros_msgs/depthai_ros_msgs/srv/detail/trigger_named__rosidl_typesupport_introspection_c.h
[36.582s] -- Installing: /home/konrad/TrailblazerML/src/install/depthai_ros_msgs/include/depthai_ros_msgs/depthai_ros_msgs/srv/detail/trigger_named__type_support.c
[36.582s] -- Up-to-date: /home/konrad/TrailblazerML/src/install/depthai_ros_msgs/include/depthai_ros_msgs/depthai_ros_msgs/msg
[36.582s] -- Installing: /home/konrad/TrailblazerML/src/install/depthai_ros_msgs/include/depthai_ros_msgs/depthai_ros_msgs/msg/rosidl_typesupport_introspection_c__visibility_control.h
[36.582s] -- Up-to-date: /home/konrad/TrailblazerML/src/install/depthai_ros_msgs/include/depthai_ros_msgs/depthai_ros_msgs/msg/detail
[36.582s] -- Installing: /home/konrad/TrailblazerML/src/install/depthai_ros_msgs/include/depthai_ros_msgs/depthai_ros_msgs/msg/detail/imu_with_magnetic_field__rosidl_typesupport_introspection_c.h
[36.582s] -- Installing: /home/konrad/TrailblazerML/src/install/depthai_ros_msgs/include/depthai_ros_msgs/depthai_ros_msgs/msg/detail/tracked_features__type_support.c
[36.582s] -- Installing: /home/konrad/TrailblazerML/src/install/depthai_ros_msgs/include/depthai_ros_msgs/depthai_ros_msgs/msg/detail/spatial_detection__rosidl_typesupport_introspection_c.h
[36.582s] -- Installing: /home/konrad/TrailblazerML/src/install/depthai_ros_msgs/include/depthai_ros_msgs/depthai_ros_msgs/msg/detail/auto_focus_ctrl__rosidl_typesupport_introspection_c.h
[36.583s] -- Installing: /home/konrad/TrailblazerML/src/install/depthai_ros_msgs/include/depthai_ros_msgs/depthai_ros_msgs/msg/detail/track_detection2_d_array__rosidl_typesupport_introspection_c.h
[36.583s] -- Installing: /home/konrad/TrailblazerML/src/install/depthai_ros_msgs/include/depthai_ros_msgs/depthai_ros_msgs/msg/detail/spatial_detection__type_support.c
[36.583s] -- Installing: /home/konrad/TrailblazerML/src/install/depthai_ros_msgs/include/depthai_ros_msgs/depthai_ros_msgs/msg/detail/track_detection2_d__type_support.c
[36.583s] -- Installing: /home/konrad/TrailblazerML/src/install/depthai_ros_msgs/include/depthai_ros_msgs/depthai_ros_msgs/msg/detail/track_detection2_d__rosidl_typesupport_introspection_c.h
[36.583s] -- Installing: /home/konrad/TrailblazerML/src/install/depthai_ros_msgs/include/depthai_ros_msgs/depthai_ros_msgs/msg/detail/imu_with_magnetic_field__type_support.c
[36.583s] -- Installing: /home/konrad/TrailblazerML/src/install/depthai_ros_msgs/include/depthai_ros_msgs/depthai_ros_msgs/msg/detail/tracked_features__rosidl_typesupport_introspection_c.h
[36.583s] -- Installing: /home/konrad/TrailblazerML/src/install/depthai_ros_msgs/include/depthai_ros_msgs/depthai_ros_msgs/msg/detail/spatial_detection_array__type_support.c
[36.584s] -- Installing: /home/konrad/TrailblazerML/src/install/depthai_ros_msgs/include/depthai_ros_msgs/depthai_ros_msgs/msg/detail/tracked_feature__type_support.c
[36.584s] -- Installing: /home/konrad/TrailblazerML/src/install/depthai_ros_msgs/include/depthai_ros_msgs/depthai_ros_msgs/msg/detail/auto_focus_ctrl__type_support.c
[36.584s] -- Installing: /home/konrad/TrailblazerML/src/install/depthai_ros_msgs/include/depthai_ros_msgs/depthai_ros_msgs/msg/detail/hand_landmark_array__rosidl_typesupport_introspection_c.h
[36.584s] -- Installing: /home/konrad/TrailblazerML/src/install/depthai_ros_msgs/include/depthai_ros_msgs/depthai_ros_msgs/msg/detail/hand_landmark__rosidl_typesupport_introspection_c.h
[36.584s] -- Installing: /home/konrad/TrailblazerML/src/install/depthai_ros_msgs/include/depthai_ros_msgs/depthai_ros_msgs/msg/detail/track_detection2_d_array__type_support.c
[36.584s] -- Installing: /home/konrad/TrailblazerML/src/install/depthai_ros_msgs/include/depthai_ros_msgs/depthai_ros_msgs/msg/detail/spatial_detection_array__rosidl_typesupport_introspection_c.h
[36.584s] -- Installing: /home/konrad/TrailblazerML/src/install/depthai_ros_msgs/include/depthai_ros_msgs/depthai_ros_msgs/msg/detail/hand_landmark__type_support.c
[36.584s] -- Installing: /home/konrad/TrailblazerML/src/install/depthai_ros_msgs/include/depthai_ros_msgs/depthai_ros_msgs/msg/detail/hand_landmark_array__type_support.c
[36.585s] -- Installing: /home/konrad/TrailblazerML/src/install/depthai_ros_msgs/include/depthai_ros_msgs/depthai_ros_msgs/msg/detail/tracked_feature__rosidl_typesupport_introspection_c.h
[36.585s] -- Installing: /home/konrad/TrailblazerML/src/install/depthai_ros_msgs/lib/libdepthai_ros_msgs__rosidl_typesupport_introspection_c.so
[36.585s] -- Set runtime path of "/home/konrad/TrailblazerML/src/install/depthai_ros_msgs/lib/libdepthai_ros_msgs__rosidl_typesupport_introspection_c.so" to ""
[36.585s] -- Installing: /home/konrad/TrailblazerML/src/install/depthai_ros_msgs/lib/libdepthai_ros_msgs__rosidl_typesupport_c.so
[36.586s] -- Set runtime path of "/home/konrad/TrailblazerML/src/install/depthai_ros_msgs/lib/libdepthai_ros_msgs__rosidl_typesupport_c.so" to ""
[36.586s] -- Up-to-date: /home/konrad/TrailblazerML/src/install/depthai_ros_msgs/include/depthai_ros_msgs/depthai_ros_msgs
[36.586s] -- Up-to-date: /home/konrad/TrailblazerML/src/install/depthai_ros_msgs/include/depthai_ros_msgs/depthai_ros_msgs/srv
[36.586s] -- Up-to-date: /home/konrad/TrailblazerML/src/install/depthai_ros_msgs/include/depthai_ros_msgs/depthai_ros_msgs/srv/detail
[36.586s] -- Installing: /home/konrad/TrailblazerML/src/install/depthai_ros_msgs/include/depthai_ros_msgs/depthai_ros_msgs/srv/detail/trigger_named__rosidl_typesupport_introspection_cpp.hpp
[36.586s] -- Installing: /home/konrad/TrailblazerML/src/install/depthai_ros_msgs/include/depthai_ros_msgs/depthai_ros_msgs/srv/detail/normalized_image_crop__rosidl_typesupport_introspection_cpp.hpp
[36.586s] -- Installing: /home/konrad/TrailblazerML/src/install/depthai_ros_msgs/include/depthai_ros_msgs/depthai_ros_msgs/srv/detail/normalized_image_crop__type_support.cpp
[36.586s] -- Installing: /home/konrad/TrailblazerML/src/install/depthai_ros_msgs/include/depthai_ros_msgs/depthai_ros_msgs/srv/detail/trigger_named__type_support.cpp
[36.587s] -- Up-to-date: /home/konrad/TrailblazerML/src/install/depthai_ros_msgs/include/depthai_ros_msgs/depthai_ros_msgs/msg
[36.587s] -- Up-to-date: /home/konrad/TrailblazerML/src/install/depthai_ros_msgs/include/depthai_ros_msgs/depthai_ros_msgs/msg/detail
[36.587s] -- Installing: /home/konrad/TrailblazerML/src/install/depthai_ros_msgs/include/depthai_ros_msgs/depthai_ros_msgs/msg/detail/hand_landmark__type_support.cpp
[36.587s] -- Installing: /home/konrad/TrailblazerML/src/install/depthai_ros_msgs/include/depthai_ros_msgs/depthai_ros_msgs/msg/detail/track_detection2_d_array__rosidl_typesupport_introspection_cpp.hpp
[36.587s] -- Installing: /home/konrad/TrailblazerML/src/install/depthai_ros_msgs/include/depthai_ros_msgs/depthai_ros_msgs/msg/detail/tracked_feature__rosidl_typesupport_introspection_cpp.hpp
[36.587s] -- Installing: /home/konrad/TrailblazerML/src/install/depthai_ros_msgs/include/depthai_ros_msgs/depthai_ros_msgs/msg/detail/track_detection2_d__rosidl_typesupport_introspection_cpp.hpp
[36.587s] -- Installing: /home/konrad/TrailblazerML/src/install/depthai_ros_msgs/include/depthai_ros_msgs/depthai_ros_msgs/msg/detail/tracked_features__type_support.cpp
[36.587s] -- Installing: /home/konrad/TrailblazerML/src/install/depthai_ros_msgs/include/depthai_ros_msgs/depthai_ros_msgs/msg/detail/track_detection2_d_array__type_support.cpp
[36.587s] -- Installing: /home/konrad/TrailblazerML/src/install/depthai_ros_msgs/include/depthai_ros_msgs/depthai_ros_msgs/msg/detail/auto_focus_ctrl__rosidl_typesupport_introspection_cpp.hpp
[36.588s] -- Installing: /home/konrad/TrailblazerML/src/install/depthai_ros_msgs/include/depthai_ros_msgs/depthai_ros_msgs/msg/detail/spatial_detection_array__type_support.cpp
[36.588s] -- Installing: /home/konrad/TrailblazerML/src/install/depthai_ros_msgs/include/depthai_ros_msgs/depthai_ros_msgs/msg/detail/track_detection2_d__type_support.cpp
[36.588s] -- Installing: /home/konrad/TrailblazerML/src/install/depthai_ros_msgs/include/depthai_ros_msgs/depthai_ros_msgs/msg/detail/hand_landmark_array__rosidl_typesupport_introspection_cpp.hpp
[36.588s] -- Installing: /home/konrad/TrailblazerML/src/install/depthai_ros_msgs/include/depthai_ros_msgs/depthai_ros_msgs/msg/detail/imu_with_magnetic_field__type_support.cpp
[36.588s] -- Installing: /home/konrad/TrailblazerML/src/install/depthai_ros_msgs/include/depthai_ros_msgs/depthai_ros_msgs/msg/detail/auto_focus_ctrl__type_support.cpp
[36.588s] -- Installing: /home/konrad/TrailblazerML/src/install/depthai_ros_msgs/include/depthai_ros_msgs/depthai_ros_msgs/msg/detail/spatial_detection__type_support.cpp
[36.588s] -- Installing: /home/konrad/TrailblazerML/src/install/depthai_ros_msgs/include/depthai_ros_msgs/depthai_ros_msgs/msg/detail/hand_landmark__rosidl_typesupport_introspection_cpp.hpp
[36.588s] -- Installing: /home/konrad/TrailblazerML/src/install/depthai_ros_msgs/include/depthai_ros_msgs/depthai_ros_msgs/msg/detail/spatial_detection_array__rosidl_typesupport_introspection_cpp.hpp
[36.589s] -- Installing: /home/konrad/TrailblazerML/src/install/depthai_ros_msgs/include/depthai_ros_msgs/depthai_ros_msgs/msg/detail/tracked_feature__type_support.cpp
[36.589s] -- Installing: /home/konrad/TrailblazerML/src/install/depthai_ros_msgs/include/depthai_ros_msgs/depthai_ros_msgs/msg/detail/imu_with_magnetic_field__rosidl_typesupport_introspection_cpp.hpp
[36.589s] -- Installing: /home/konrad/TrailblazerML/src/install/depthai_ros_msgs/include/depthai_ros_msgs/depthai_ros_msgs/msg/detail/tracked_features__rosidl_typesupport_introspection_cpp.hpp
[36.589s] -- Installing: /home/konrad/TrailblazerML/src/install/depthai_ros_msgs/include/depthai_ros_msgs/depthai_ros_msgs/msg/detail/hand_landmark_array__type_support.cpp
[36.589s] -- Installing: /home/konrad/TrailblazerML/src/install/depthai_ros_msgs/include/depthai_ros_msgs/depthai_ros_msgs/msg/detail/spatial_detection__rosidl_typesupport_introspection_cpp.hpp
[36.589s] -- Installing: /home/konrad/TrailblazerML/src/install/depthai_ros_msgs/lib/libdepthai_ros_msgs__rosidl_typesupport_introspection_cpp.so
[36.591s] -- Set runtime path of "/home/konrad/TrailblazerML/src/install/depthai_ros_msgs/lib/libdepthai_ros_msgs__rosidl_typesupport_introspection_cpp.so" to ""
[36.591s] -- Installing: /home/konrad/TrailblazerML/src/install/depthai_ros_msgs/lib/libdepthai_ros_msgs__rosidl_typesupport_cpp.so
[36.592s] -- Set runtime path of "/home/konrad/TrailblazerML/src/install/depthai_ros_msgs/lib/libdepthai_ros_msgs__rosidl_typesupport_cpp.so" to ""
[36.592s] -- Installing: /home/konrad/TrailblazerML/src/install/depthai_ros_msgs/share/depthai_ros_msgs/environment/pythonpath.sh
[36.592s] -- Installing: /home/konrad/TrailblazerML/src/install/depthai_ros_msgs/share/depthai_ros_msgs/environment/pythonpath.dsv
[36.592s] -- Installing: /home/konrad/TrailblazerML/src/install/depthai_ros_msgs/local/lib/python3.10/dist-packages/depthai_ros_msgs-2.10.5-py3.10.egg-info
[36.593s] -- Installing: /home/konrad/TrailblazerML/src/install/depthai_ros_msgs/local/lib/python3.10/dist-packages/depthai_ros_msgs-2.10.5-py3.10.egg-info/dependency_links.txt
[36.593s] -- Installing: /home/konrad/TrailblazerML/src/install/depthai_ros_msgs/local/lib/python3.10/dist-packages/depthai_ros_msgs-2.10.5-py3.10.egg-info/PKG-INFO
[36.593s] -- Installing: /home/konrad/TrailblazerML/src/install/depthai_ros_msgs/local/lib/python3.10/dist-packages/depthai_ros_msgs-2.10.5-py3.10.egg-info/top_level.txt
[36.593s] -- Installing: /home/konrad/TrailblazerML/src/install/depthai_ros_msgs/local/lib/python3.10/dist-packages/depthai_ros_msgs-2.10.5-py3.10.egg-info/SOURCES.txt
[36.594s] -- Installing: /home/konrad/TrailblazerML/src/install/depthai_ros_msgs/local/lib/python3.10/dist-packages/depthai_ros_msgs
[36.594s] -- Installing: /home/konrad/TrailblazerML/src/install/depthai_ros_msgs/local/lib/python3.10/dist-packages/depthai_ros_msgs/__init__.py
[36.594s] -- Installing: /home/konrad/TrailblazerML/src/install/depthai_ros_msgs/local/lib/python3.10/dist-packages/depthai_ros_msgs/srv
[36.594s] -- Installing: /home/konrad/TrailblazerML/src/install/depthai_ros_msgs/local/lib/python3.10/dist-packages/depthai_ros_msgs/srv/__init__.py
[36.594s] -- Installing: /home/konrad/TrailblazerML/src/install/depthai_ros_msgs/local/lib/python3.10/dist-packages/depthai_ros_msgs/srv/_normalized_image_crop_s.c
[36.594s] -- Installing: /home/konrad/TrailblazerML/src/install/depthai_ros_msgs/local/lib/python3.10/dist-packages/depthai_ros_msgs/srv/_normalized_image_crop.py
[36.594s] -- Installing: /home/konrad/TrailblazerML/src/install/depthai_ros_msgs/local/lib/python3.10/dist-packages/depthai_ros_msgs/srv/_trigger_named.py
[36.594s] -- Installing: /home/konrad/TrailblazerML/src/install/depthai_ros_msgs/local/lib/python3.10/dist-packages/depthai_ros_msgs/srv/_trigger_named_s.c
[36.594s] -- Installing: /home/konrad/TrailblazerML/src/install/depthai_ros_msgs/local/lib/python3.10/dist-packages/depthai_ros_msgs/_depthai_ros_msgs_s.ep.rosidl_typesupport_fastrtps_c.c
[36.595s] -- Installing: /home/konrad/TrailblazerML/src/install/depthai_ros_msgs/local/lib/python3.10/dist-packages/depthai_ros_msgs/_depthai_ros_msgs_s.ep.rosidl_typesupport_c.c
[36.595s] -- Installing: /home/konrad/TrailblazerML/src/install/depthai_ros_msgs/local/lib/python3.10/dist-packages/depthai_ros_msgs/depthai_ros_msgs_s__rosidl_typesupport_introspection_c.cpython-310-x86_64-linux-gnu.so
[36.595s] -- Installing: /home/konrad/TrailblazerML/src/install/depthai_ros_msgs/local/lib/python3.10/dist-packages/depthai_ros_msgs/_depthai_ros_msgs_s.ep.rosidl_typesupport_introspection_c.c
[36.595s] -- Installing: /home/konrad/TrailblazerML/src/install/depthai_ros_msgs/local/lib/python3.10/dist-packages/depthai_ros_msgs/depthai_ros_msgs_s__rosidl_typesupport_c.cpython-310-x86_64-linux-gnu.so
[36.595s] -- Installing: /home/konrad/TrailblazerML/src/install/depthai_ros_msgs/local/lib/python3.10/dist-packages/depthai_ros_msgs/libdepthai_ros_msgs__rosidl_generator_py.so
[36.595s] -- Installing: /home/konrad/TrailblazerML/src/install/depthai_ros_msgs/local/lib/python3.10/dist-packages/depthai_ros_msgs/depthai_ros_msgs_s__rosidl_typesupport_fastrtps_c.cpython-310-x86_64-linux-gnu.so
[36.596s] -- Installing: /home/konrad/TrailblazerML/src/install/depthai_ros_msgs/local/lib/python3.10/dist-packages/depthai_ros_msgs/msg
[36.596s] -- Installing: /home/konrad/TrailblazerML/src/install/depthai_ros_msgs/local/lib/python3.10/dist-packages/depthai_ros_msgs/msg/__init__.py
[36.596s] -- Installing: /home/konrad/TrailblazerML/src/install/depthai_ros_msgs/local/lib/python3.10/dist-packages/depthai_ros_msgs/msg/_imu_with_magnetic_field_s.c
[36.596s] -- Installing: /home/konrad/TrailblazerML/src/install/depthai_ros_msgs/local/lib/python3.10/dist-packages/depthai_ros_msgs/msg/_track_detection2_d_array_s.c
[36.596s] -- Installing: /home/konrad/TrailblazerML/src/install/depthai_ros_msgs/local/lib/python3.10/dist-packages/depthai_ros_msgs/msg/_spatial_detection_array.py
[36.596s] -- Installing: /home/konrad/TrailblazerML/src/install/depthai_ros_msgs/local/lib/python3.10/dist-packages/depthai_ros_msgs/msg/_auto_focus_ctrl_s.c
[36.596s] -- Installing: /home/konrad/TrailblazerML/src/install/depthai_ros_msgs/local/lib/python3.10/dist-packages/depthai_ros_msgs/msg/_tracked_features.py
[36.596s] -- Installing: /home/konrad/TrailblazerML/src/install/depthai_ros_msgs/local/lib/python3.10/dist-packages/depthai_ros_msgs/msg/_auto_focus_ctrl.py
[36.596s] -- Installing: /home/konrad/TrailblazerML/src/install/depthai_ros_msgs/local/lib/python3.10/dist-packages/depthai_ros_msgs/msg/_spatial_detection.py
[36.596s] -- Installing: /home/konrad/TrailblazerML/src/install/depthai_ros_msgs/local/lib/python3.10/dist-packages/depthai_ros_msgs/msg/_track_detection2_d_s.c
[36.596s] -- Installing: /home/konrad/TrailblazerML/src/install/depthai_ros_msgs/local/lib/python3.10/dist-packages/depthai_ros_msgs/msg/_track_detection2_d.py
[36.596s] -- Installing: /home/konrad/TrailblazerML/src/install/depthai_ros_msgs/local/lib/python3.10/dist-packages/depthai_ros_msgs/msg/_spatial_detection_array_s.c
[36.596s] -- Installing: /home/konrad/TrailblazerML/src/install/depthai_ros_msgs/local/lib/python3.10/dist-packages/depthai_ros_msgs/msg/_hand_landmark_array.py
[36.596s] -- Installing: /home/konrad/TrailblazerML/src/install/depthai_ros_msgs/local/lib/python3.10/dist-packages/depthai_ros_msgs/msg/_tracked_feature_s.c
[36.596s] -- Installing: /home/konrad/TrailblazerML/src/install/depthai_ros_msgs/local/lib/python3.10/dist-packages/depthai_ros_msgs/msg/_tracked_feature.py
[36.597s] -- Installing: /home/konrad/TrailblazerML/src/install/depthai_ros_msgs/local/lib/python3.10/dist-packages/depthai_ros_msgs/msg/_hand_landmark.py
[36.597s] -- Installing: /home/konrad/TrailblazerML/src/install/depthai_ros_msgs/local/lib/python3.10/dist-packages/depthai_ros_msgs/msg/_hand_landmark_s.c
[36.597s] -- Installing: /home/konrad/TrailblazerML/src/install/depthai_ros_msgs/local/lib/python3.10/dist-packages/depthai_ros_msgs/msg/_imu_with_magnetic_field.py
[36.597s] -- Installing: /home/konrad/TrailblazerML/src/install/depthai_ros_msgs/local/lib/python3.10/dist-packages/depthai_ros_msgs/msg/_spatial_detection_s.c
[36.597s] -- Installing: /home/konrad/TrailblazerML/src/install/depthai_ros_msgs/local/lib/python3.10/dist-packages/depthai_ros_msgs/msg/_tracked_features_s.c
[36.597s] -- Installing: /home/konrad/TrailblazerML/src/install/depthai_ros_msgs/local/lib/python3.10/dist-packages/depthai_ros_msgs/msg/_track_detection2_d_array.py
[36.597s] -- Installing: /home/konrad/TrailblazerML/src/install/depthai_ros_msgs/local/lib/python3.10/dist-packages/depthai_ros_msgs/msg/_hand_landmark_array_s.c
[36.653s] Listing '/home/konrad/TrailblazerML/src/install/depthai_ros_msgs/local/lib/python3.10/dist-packages/depthai_ros_msgs'...
[36.653s] Compiling '/home/konrad/TrailblazerML/src/install/depthai_ros_msgs/local/lib/python3.10/dist-packages/depthai_ros_msgs/__init__.py'...
[36.653s] Listing '/home/konrad/TrailblazerML/src/install/depthai_ros_msgs/local/lib/python3.10/dist-packages/depthai_ros_msgs/msg'...
[36.654s] Compiling '/home/konrad/TrailblazerML/src/install/depthai_ros_msgs/local/lib/python3.10/dist-packages/depthai_ros_msgs/msg/__init__.py'...
[36.654s] Compiling '/home/konrad/TrailblazerML/src/install/depthai_ros_msgs/local/lib/python3.10/dist-packages/depthai_ros_msgs/msg/_auto_focus_ctrl.py'...
[36.654s] Compiling '/home/konrad/TrailblazerML/src/install/depthai_ros_msgs/local/lib/python3.10/dist-packages/depthai_ros_msgs/msg/_hand_landmark.py'...
[36.654s] Compiling '/home/konrad/TrailblazerML/src/install/depthai_ros_msgs/local/lib/python3.10/dist-packages/depthai_ros_msgs/msg/_hand_landmark_array.py'...
[36.654s] Compiling '/home/konrad/TrailblazerML/src/install/depthai_ros_msgs/local/lib/python3.10/dist-packages/depthai_ros_msgs/msg/_imu_with_magnetic_field.py'...
[36.654s] Compiling '/home/konrad/TrailblazerML/src/install/depthai_ros_msgs/local/lib/python3.10/dist-packages/depthai_ros_msgs/msg/_spatial_detection.py'...
[36.654s] Compiling '/home/konrad/TrailblazerML/src/install/depthai_ros_msgs/local/lib/python3.10/dist-packages/depthai_ros_msgs/msg/_spatial_detection_array.py'...
[36.654s] Compiling '/home/konrad/TrailblazerML/src/install/depthai_ros_msgs/local/lib/python3.10/dist-packages/depthai_ros_msgs/msg/_track_detection2_d.py'...
[36.654s] Compiling '/home/konrad/TrailblazerML/src/install/depthai_ros_msgs/local/lib/python3.10/dist-packages/depthai_ros_msgs/msg/_track_detection2_d_array.py'...
[36.654s] Compiling '/home/konrad/TrailblazerML/src/install/depthai_ros_msgs/local/lib/python3.10/dist-packages/depthai_ros_msgs/msg/_tracked_feature.py'...
[36.654s] Compiling '/home/konrad/TrailblazerML/src/install/depthai_ros_msgs/local/lib/python3.10/dist-packages/depthai_ros_msgs/msg/_tracked_features.py'...
[36.654s] Listing '/home/konrad/TrailblazerML/src/install/depthai_ros_msgs/local/lib/python3.10/dist-packages/depthai_ros_msgs/srv'...
[36.654s] Compiling '/home/konrad/TrailblazerML/src/install/depthai_ros_msgs/local/lib/python3.10/dist-packages/depthai_ros_msgs/srv/__init__.py'...
[36.654s] Compiling '/home/konrad/TrailblazerML/src/install/depthai_ros_msgs/local/lib/python3.10/dist-packages/depthai_ros_msgs/srv/_normalized_image_crop.py'...
[36.654s] Compiling '/home/konrad/TrailblazerML/src/install/depthai_ros_msgs/local/lib/python3.10/dist-packages/depthai_ros_msgs/srv/_trigger_named.py'...
[36.661s] -- Installing: /home/konrad/TrailblazerML/src/install/depthai_ros_msgs/local/lib/python3.10/dist-packages/depthai_ros_msgs/depthai_ros_msgs_s__rosidl_typesupport_fastrtps_c.cpython-310-x86_64-linux-gnu.so
[36.661s] -- Set runtime path of "/home/konrad/TrailblazerML/src/install/depthai_ros_msgs/local/lib/python3.10/dist-packages/depthai_ros_msgs/depthai_ros_msgs_s__rosidl_typesupport_fastrtps_c.cpython-310-x86_64-linux-gnu.so" to ""
[36.662s] -- Installing: /home/konrad/TrailblazerML/src/install/depthai_ros_msgs/local/lib/python3.10/dist-packages/depthai_ros_msgs/depthai_ros_msgs_s__rosidl_typesupport_introspection_c.cpython-310-x86_64-linux-gnu.so
[36.663s] -- Set runtime path of "/home/konrad/TrailblazerML/src/install/depthai_ros_msgs/local/lib/python3.10/dist-packages/depthai_ros_msgs/depthai_ros_msgs_s__rosidl_typesupport_introspection_c.cpython-310-x86_64-linux-gnu.so" to ""
[36.663s] -- Installing: /home/konrad/TrailblazerML/src/install/depthai_ros_msgs/local/lib/python3.10/dist-packages/depthai_ros_msgs/depthai_ros_msgs_s__rosidl_typesupport_c.cpython-310-x86_64-linux-gnu.so
[36.663s] -- Set runtime path of "/home/konrad/TrailblazerML/src/install/depthai_ros_msgs/local/lib/python3.10/dist-packages/depthai_ros_msgs/depthai_ros_msgs_s__rosidl_typesupport_c.cpython-310-x86_64-linux-gnu.so" to ""
[36.663s] -- Installing: /home/konrad/TrailblazerML/src/install/depthai_ros_msgs/lib/libdepthai_ros_msgs__rosidl_generator_py.so
[36.663s] -- Set runtime path of "/home/konrad/TrailblazerML/src/install/depthai_ros_msgs/lib/libdepthai_ros_msgs__rosidl_generator_py.so" to ""
[36.664s] -- Installing: /home/konrad/TrailblazerML/src/install/depthai_ros_msgs/share/depthai_ros_msgs/msg/AutoFocusCtrl.idl
[36.664s] -- Installing: /home/konrad/TrailblazerML/src/install/depthai_ros_msgs/share/depthai_ros_msgs/msg/HandLandmark.idl
[36.664s] -- Installing: /home/konrad/TrailblazerML/src/install/depthai_ros_msgs/share/depthai_ros_msgs/msg/HandLandmarkArray.idl
[36.664s] -- Installing: /home/konrad/TrailblazerML/src/install/depthai_ros_msgs/share/depthai_ros_msgs/msg/ImuWithMagneticField.idl
[36.664s] -- Installing: /home/konrad/TrailblazerML/src/install/depthai_ros_msgs/share/depthai_ros_msgs/msg/TrackedFeature.idl
[36.664s] -- Installing: /home/konrad/TrailblazerML/src/install/depthai_ros_msgs/share/depthai_ros_msgs/msg/TrackedFeatures.idl
[36.665s] -- Installing: /home/konrad/TrailblazerML/src/install/depthai_ros_msgs/share/depthai_ros_msgs/msg/SpatialDetection.idl
[36.665s] -- Installing: /home/konrad/TrailblazerML/src/install/depthai_ros_msgs/share/depthai_ros_msgs/msg/SpatialDetectionArray.idl
[36.665s] -- Installing: /home/konrad/TrailblazerML/src/install/depthai_ros_msgs/share/depthai_ros_msgs/msg/TrackDetection2D.idl
[36.665s] -- Installing: /home/konrad/TrailblazerML/src/install/depthai_ros_msgs/share/depthai_ros_msgs/msg/TrackDetection2DArray.idl
[36.665s] -- Installing: /home/konrad/TrailblazerML/src/install/depthai_ros_msgs/share/depthai_ros_msgs/srv/TriggerNamed.idl
[36.665s] -- Installing: /home/konrad/TrailblazerML/src/install/depthai_ros_msgs/share/depthai_ros_msgs/srv/NormalizedImageCrop.idl
[36.666s] -- Installing: /home/konrad/TrailblazerML/src/install/depthai_ros_msgs/share/depthai_ros_msgs/msg/AutoFocusCtrl.msg
[36.666s] -- Installing: /home/konrad/TrailblazerML/src/install/depthai_ros_msgs/share/depthai_ros_msgs/msg/HandLandmark.msg
[36.666s] -- Installing: /home/konrad/TrailblazerML/src/install/depthai_ros_msgs/share/depthai_ros_msgs/msg/HandLandmarkArray.msg
[36.666s] -- Installing: /home/konrad/TrailblazerML/src/install/depthai_ros_msgs/share/depthai_ros_msgs/msg/ImuWithMagneticField.msg
[36.666s] -- Installing: /home/konrad/TrailblazerML/src/install/depthai_ros_msgs/share/depthai_ros_msgs/msg/TrackedFeature.msg
[36.667s] -- Installing: /home/konrad/TrailblazerML/src/install/depthai_ros_msgs/share/depthai_ros_msgs/msg/TrackedFeatures.msg
[36.667s] -- Installing: /home/konrad/TrailblazerML/src/install/depthai_ros_msgs/share/depthai_ros_msgs/msg/SpatialDetection.msg
[36.667s] -- Installing: /home/konrad/TrailblazerML/src/install/depthai_ros_msgs/share/depthai_ros_msgs/msg/SpatialDetectionArray.msg
[36.667s] -- Installing: /home/konrad/TrailblazerML/src/install/depthai_ros_msgs/share/depthai_ros_msgs/msg/TrackDetection2D.msg
[36.667s] -- Installing: /home/konrad/TrailblazerML/src/install/depthai_ros_msgs/share/depthai_ros_msgs/msg/TrackDetection2DArray.msg
[36.667s] -- Installing: /home/konrad/TrailblazerML/src/install/depthai_ros_msgs/share/depthai_ros_msgs/srv/TriggerNamed.srv
[36.668s] -- Installing: /home/konrad/TrailblazerML/src/install/depthai_ros_msgs/share/depthai_ros_msgs/srv/TriggerNamed_Request.msg
[36.668s] -- Installing: /home/konrad/TrailblazerML/src/install/depthai_ros_msgs/share/depthai_ros_msgs/srv/TriggerNamed_Response.msg
[36.668s] -- Installing: /home/konrad/TrailblazerML/src/install/depthai_ros_msgs/share/depthai_ros_msgs/srv/NormalizedImageCrop.srv
[36.668s] -- Installing: /home/konrad/TrailblazerML/src/install/depthai_ros_msgs/share/depthai_ros_msgs/srv/NormalizedImageCrop_Request.msg
[36.668s] -- Installing: /home/konrad/TrailblazerML/src/install/depthai_ros_msgs/share/depthai_ros_msgs/srv/NormalizedImageCrop_Response.msg
[36.669s] -- Installing: /home/konrad/TrailblazerML/src/install/depthai_ros_msgs/share/ament_index/resource_index/package_run_dependencies/depthai_ros_msgs
[36.669s] -- Installing: /home/konrad/TrailblazerML/src/install/depthai_ros_msgs/share/ament_index/resource_index/parent_prefix_path/depthai_ros_msgs
[36.669s] -- Installing: /home/konrad/TrailblazerML/src/install/depthai_ros_msgs/share/depthai_ros_msgs/environment/ament_prefix_path.sh
[36.669s] -- Installing: /home/konrad/TrailblazerML/src/install/depthai_ros_msgs/share/depthai_ros_msgs/environment/ament_prefix_path.dsv
[36.669s] -- Installing: /home/konrad/TrailblazerML/src/install/depthai_ros_msgs/share/depthai_ros_msgs/environment/path.sh
[36.669s] -- Installing: /home/konrad/TrailblazerML/src/install/depthai_ros_msgs/share/depthai_ros_msgs/environment/path.dsv
[36.670s] -- Installing: /home/konrad/TrailblazerML/src/install/depthai_ros_msgs/share/depthai_ros_msgs/local_setup.bash
[36.670s] -- Installing: /home/konrad/TrailblazerML/src/install/depthai_ros_msgs/share/depthai_ros_msgs/local_setup.sh
[36.670s] -- Installing: /home/konrad/TrailblazerML/src/install/depthai_ros_msgs/share/depthai_ros_msgs/local_setup.zsh
[36.670s] -- Installing: /home/konrad/TrailblazerML/src/install/depthai_ros_msgs/share/depthai_ros_msgs/local_setup.dsv
[36.670s] -- Installing: /home/konrad/TrailblazerML/src/install/depthai_ros_msgs/share/depthai_ros_msgs/package.dsv
[36.670s] -- Installing: /home/konrad/TrailblazerML/src/install/depthai_ros_msgs/share/ament_index/resource_index/packages/depthai_ros_msgs
[36.671s] -- Installing: /home/konrad/TrailblazerML/src/install/depthai_ros_msgs/share/depthai_ros_msgs/cmake/export_depthai_ros_msgs__rosidl_generator_cExport.cmake
[36.671s] -- Installing: /home/konrad/TrailblazerML/src/install/depthai_ros_msgs/share/depthai_ros_msgs/cmake/export_depthai_ros_msgs__rosidl_generator_cExport-noconfig.cmake
[36.671s] -- Installing: /home/konrad/TrailblazerML/src/install/depthai_ros_msgs/share/depthai_ros_msgs/cmake/export_depthai_ros_msgs__rosidl_typesupport_fastrtps_cExport.cmake
[36.671s] -- Installing: /home/konrad/TrailblazerML/src/install/depthai_ros_msgs/share/depthai_ros_msgs/cmake/export_depthai_ros_msgs__rosidl_typesupport_fastrtps_cExport-noconfig.cmake
[36.672s] -- Installing: /home/konrad/TrailblazerML/src/install/depthai_ros_msgs/share/depthai_ros_msgs/cmake/export_depthai_ros_msgs__rosidl_generator_cppExport.cmake
[36.672s] -- Installing: /home/konrad/TrailblazerML/src/install/depthai_ros_msgs/share/depthai_ros_msgs/cmake/export_depthai_ros_msgs__rosidl_typesupport_fastrtps_cppExport.cmake
[36.672s] -- Installing: /home/konrad/TrailblazerML/src/install/depthai_ros_msgs/share/depthai_ros_msgs/cmake/export_depthai_ros_msgs__rosidl_typesupport_fastrtps_cppExport-noconfig.cmake
[36.672s] -- Installing: /home/konrad/TrailblazerML/src/install/depthai_ros_msgs/share/depthai_ros_msgs/cmake/depthai_ros_msgs__rosidl_typesupport_introspection_cExport.cmake
[36.672s] -- Installing: /home/konrad/TrailblazerML/src/install/depthai_ros_msgs/share/depthai_ros_msgs/cmake/depthai_ros_msgs__rosidl_typesupport_introspection_cExport-noconfig.cmake
[36.673s] -- Installing: /home/konrad/TrailblazerML/src/install/depthai_ros_msgs/share/depthai_ros_msgs/cmake/depthai_ros_msgs__rosidl_typesupport_cExport.cmake
[36.673s] -- Installing: /home/konrad/TrailblazerML/src/install/depthai_ros_msgs/share/depthai_ros_msgs/cmake/depthai_ros_msgs__rosidl_typesupport_cExport-noconfig.cmake
[36.673s] -- Installing: /home/konrad/TrailblazerML/src/install/depthai_ros_msgs/share/depthai_ros_msgs/cmake/depthai_ros_msgs__rosidl_typesupport_introspection_cppExport.cmake
[36.673s] -- Installing: /home/konrad/TrailblazerML/src/install/depthai_ros_msgs/share/depthai_ros_msgs/cmake/depthai_ros_msgs__rosidl_typesupport_introspection_cppExport-noconfig.cmake
[36.673s] -- Installing: /home/konrad/TrailblazerML/src/install/depthai_ros_msgs/share/depthai_ros_msgs/cmake/depthai_ros_msgs__rosidl_typesupport_cppExport.cmake
[36.673s] -- Installing: /home/konrad/TrailblazerML/src/install/depthai_ros_msgs/share/depthai_ros_msgs/cmake/depthai_ros_msgs__rosidl_typesupport_cppExport-noconfig.cmake
[36.674s] -- Installing: /home/konrad/TrailblazerML/src/install/depthai_ros_msgs/share/depthai_ros_msgs/cmake/export_depthai_ros_msgs__rosidl_generator_pyExport.cmake
[36.674s] -- Installing: /home/konrad/TrailblazerML/src/install/depthai_ros_msgs/share/depthai_ros_msgs/cmake/export_depthai_ros_msgs__rosidl_generator_pyExport-noconfig.cmake
[36.674s] -- Installing: /home/konrad/TrailblazerML/src/install/depthai_ros_msgs/share/depthai_ros_msgs/cmake/rosidl_cmake-extras.cmake
[36.674s] -- Installing: /home/konrad/TrailblazerML/src/install/depthai_ros_msgs/share/depthai_ros_msgs/cmake/ament_cmake_export_dependencies-extras.cmake
[36.674s] -- Installing: /home/konrad/TrailblazerML/src/install/depthai_ros_msgs/share/depthai_ros_msgs/cmake/ament_cmake_export_include_directories-extras.cmake
[36.675s] -- Installing: /home/konrad/TrailblazerML/src/install/depthai_ros_msgs/share/depthai_ros_msgs/cmake/ament_cmake_export_libraries-extras.cmake
[36.675s] -- Installing: /home/konrad/TrailblazerML/src/install/depthai_ros_msgs/share/depthai_ros_msgs/cmake/ament_cmake_export_targets-extras.cmake
[36.675s] -- Installing: /home/konrad/TrailblazerML/src/install/depthai_ros_msgs/share/depthai_ros_msgs/cmake/rosidl_cmake_export_typesupport_targets-extras.cmake
[36.675s] -- Installing: /home/konrad/TrailblazerML/src/install/depthai_ros_msgs/share/depthai_ros_msgs/cmake/rosidl_cmake_export_typesupport_libraries-extras.cmake
[36.675s] -- Installing: /home/konrad/TrailblazerML/src/install/depthai_ros_msgs/share/depthai_ros_msgs/cmake/depthai_ros_msgsConfig.cmake
[36.675s] -- Installing: /home/konrad/TrailblazerML/src/install/depthai_ros_msgs/share/depthai_ros_msgs/cmake/depthai_ros_msgsConfig-version.cmake
[36.676s] -- Installing: /home/konrad/TrailblazerML/src/install/depthai_ros_msgs/share/depthai_ros_msgs/package.xml
[36.679s] Invoked command in '/home/konrad/TrailblazerML/src/build/depthai_ros_msgs' returned '0': CMAKE_PREFIX_PATH=${CMAKE_PREFIX_PATH}:/home/konrad/TrailblazerML/install/trailblazerml:/home/konrad/TrailblazerML/install/rover_teleop_twist_joy:/home/konrad/TrailblazerML/install/gazebo_viz:/opt/ros/humble /usr/bin/cmake --install /home/konrad/TrailblazerML/src/build/depthai_ros_msgs
