running egg_info
creating ../build/gazebo_viz/gazebo_viz.egg-info
writing ../build/gazebo_viz/gazebo_viz.egg-info/PKG-INFO
writing dependency_links to ../build/gazebo_viz/gazebo_viz.egg-info/dependency_links.txt
writing entry points to ../build/gazebo_viz/gazebo_viz.egg-info/entry_points.txt
writing requirements to ../build/gazebo_viz/gazebo_viz.egg-info/requires.txt
writing top-level names to ../build/gazebo_viz/gazebo_viz.egg-info/top_level.txt
writing manifest file '../build/gazebo_viz/gazebo_viz.egg-info/SOURCES.txt'
reading manifest file '../build/gazebo_viz/gazebo_viz.egg-info/SOURCES.txt'
writing manifest file '../build/gazebo_viz/gazebo_viz.egg-info/SOURCES.txt'
running build
running build_py
creating /home/konrad/TrailblazerML/src/build/gazebo_viz/build
creating /home/konrad/TrailblazerML/src/build/gazebo_viz/build/lib
creating /home/konrad/TrailblazerML/src/build/gazebo_viz/build/lib/gazebo_viz
copying gazebo_viz/__init__.py -> /home/konrad/TrailblazerML/src/build/gazebo_viz/build/lib/gazebo_viz
running install
running install_lib
creating /home/konrad/TrailblazerML/src/install/gazebo_viz/lib/python3.10/site-packages/gazebo_viz
copying /home/konrad/TrailblazerML/src/build/gazebo_viz/build/lib/gazebo_viz/__init__.py -> /home/konrad/TrailblazerML/src/install/gazebo_viz/lib/python3.10/site-packages/gazebo_viz
byte-compiling /home/konrad/TrailblazerML/src/install/gazebo_viz/lib/python3.10/site-packages/gazebo_viz/__init__.py to __init__.cpython-310.pyc
running install_data
creating /home/konrad/TrailblazerML/src/install/gazebo_viz/share/ament_index
creating /home/konrad/TrailblazerML/src/install/gazebo_viz/share/ament_index/resource_index
creating /home/konrad/TrailblazerML/src/install/gazebo_viz/share/ament_index/resource_index/packages
copying resource/gazebo_viz -> /home/konrad/TrailblazerML/src/install/gazebo_viz/share/ament_index/resource_index/packages
copying package.xml -> /home/konrad/TrailblazerML/src/install/gazebo_viz/share/gazebo_viz
creating /home/konrad/TrailblazerML/src/install/gazebo_viz/share/gazebo_viz/launch
copying launch/localization_launch.py -> /home/konrad/TrailblazerML/src/install/gazebo_viz/share/gazebo_viz/launch
copying launch/online_async_launch.py -> /home/konrad/TrailblazerML/src/install/gazebo_viz/share/gazebo_viz/launch
copying launch/camera.launch.py -> /home/konrad/TrailblazerML/src/install/gazebo_viz/share/gazebo_viz/launch
copying launch/navigation_launch.py -> /home/konrad/TrailblazerML/src/install/gazebo_viz/share/gazebo_viz/launch
copying launch/teleop_twist_keyboard.launch.py -> /home/konrad/TrailblazerML/src/install/gazebo_viz/share/gazebo_viz/launch
copying launch/launch_robot.launch.py -> /home/konrad/TrailblazerML/src/install/gazebo_viz/share/gazebo_viz/launch
copying launch/rsp.launch.py -> /home/konrad/TrailblazerML/src/install/gazebo_viz/share/gazebo_viz/launch
copying launch/ball_tracker.launch.py -> /home/konrad/TrailblazerML/src/install/gazebo_viz/share/gazebo_viz/launch
copying launch/launch_sim.launch.py -> /home/konrad/TrailblazerML/src/install/gazebo_viz/share/gazebo_viz/launch
copying launch/joystick.launch.py -> /home/konrad/TrailblazerML/src/install/gazebo_viz/share/gazebo_viz/launch
copying launch/rplidar.launch.py -> /home/konrad/TrailblazerML/src/install/gazebo_viz/share/gazebo_viz/launch
creating /home/konrad/TrailblazerML/src/install/gazebo_viz/share/gazebo_viz/worlds
copying worlds/obstacles.world -> /home/konrad/TrailblazerML/src/install/gazebo_viz/share/gazebo_viz/worlds
copying worlds/empty.world -> /home/konrad/TrailblazerML/src/install/gazebo_viz/share/gazebo_viz/worlds
creating /home/konrad/TrailblazerML/src/install/gazebo_viz/share/gazebo_viz/description
copying description/gazebo_control.xacro -> /home/konrad/TrailblazerML/src/install/gazebo_viz/share/gazebo_viz/description
copying description/face.xacro -> /home/konrad/TrailblazerML/src/install/gazebo_viz/share/gazebo_viz/description
copying description/robot.urdf.xacro -> /home/konrad/TrailblazerML/src/install/gazebo_viz/share/gazebo_viz/description
copying description/camera.xacro -> /home/konrad/TrailblazerML/src/install/gazebo_viz/share/gazebo_viz/description
copying description/depth_camera.xacro -> /home/konrad/TrailblazerML/src/install/gazebo_viz/share/gazebo_viz/description
copying description/inertial_macros.xacro -> /home/konrad/TrailblazerML/src/install/gazebo_viz/share/gazebo_viz/description
copying description/lidar.xacro -> /home/konrad/TrailblazerML/src/install/gazebo_viz/share/gazebo_viz/description
copying description/robot_core.xacro -> /home/konrad/TrailblazerML/src/install/gazebo_viz/share/gazebo_viz/description
copying description/ros2_control.xacro -> /home/konrad/TrailblazerML/src/install/gazebo_viz/share/gazebo_viz/description
creating /home/konrad/TrailblazerML/src/install/gazebo_viz/share/gazebo_viz/config
copying config/gaz_ros2_ctl_use_sim.yaml -> /home/konrad/TrailblazerML/src/install/gazebo_viz/share/gazebo_viz/config
copying config/twist_mux.yaml -> /home/konrad/TrailblazerML/src/install/gazebo_viz/share/gazebo_viz/config
copying config/joystick.yaml -> /home/konrad/TrailblazerML/src/install/gazebo_viz/share/gazebo_viz/config
copying config/mapper_params_online_async.yaml -> /home/konrad/TrailblazerML/src/install/gazebo_viz/share/gazebo_viz/config
copying config/ball_tracker_params_robot.yaml -> /home/konrad/TrailblazerML/src/install/gazebo_viz/share/gazebo_viz/config
copying config/my_controllers_right.yaml -> /home/konrad/TrailblazerML/src/install/gazebo_viz/share/gazebo_viz/config
copying config/ball_tracker_params_sim.yaml -> /home/konrad/TrailblazerML/src/install/gazebo_viz/share/gazebo_viz/config
copying config/my_controllers.yaml -> /home/konrad/TrailblazerML/src/install/gazebo_viz/share/gazebo_viz/config
copying config/my_controllers_left.yaml -> /home/konrad/TrailblazerML/src/install/gazebo_viz/share/gazebo_viz/config
copying config/gazebo_params.yaml -> /home/konrad/TrailblazerML/src/install/gazebo_viz/share/gazebo_viz/config
copying config/empty.yaml -> /home/konrad/TrailblazerML/src/install/gazebo_viz/share/gazebo_viz/config
copying config/nav2_params.yaml -> /home/konrad/TrailblazerML/src/install/gazebo_viz/share/gazebo_viz/config
creating /home/konrad/TrailblazerML/src/install/gazebo_viz/share/gazebo_viz/meshes
running install_egg_info
Copying ../build/gazebo_viz/gazebo_viz.egg-info to /home/konrad/TrailblazerML/src/install/gazebo_viz/lib/python3.10/site-packages/gazebo_viz-0.0.0-py3.10.egg-info
running install_scripts
writing list of installed files to '/home/konrad/TrailblazerML/src/build/gazebo_viz/install.log'
