[1.586s] Invoking command in '/home/konrad/TrailblazerML/src/gazebo_viz': PYTHONPATH=/home/konrad/TrailblazerML/src/build/gazebo_viz/prefix_override:/usr/lib/python3/dist-packages/colcon_core/task/python/colcon_distutils_commands:/home/konrad/TrailblazerML/src/install/gazebo_viz/lib/python3.10/site-packages:${PYTHONPATH} /usr/bin/python3 -W ignore:setup.py install is deprecated -W ignore:easy_install command is deprecated setup.py egg_info --egg-base ../build/gazebo_viz build --build-base /home/konrad/TrailblazerML/src/build/gazebo_viz/build install --record /home/konrad/TrailblazerML/src/build/gazebo_viz/install.log --single-version-externally-managed install_data
[2.037s] running egg_info
[2.042s] creating ../build/gazebo_viz/gazebo_viz.egg-info
[2.046s] writing ../build/gazebo_viz/gazebo_viz.egg-info/PKG-INFO
[2.046s] writing dependency_links to ../build/gazebo_viz/gazebo_viz.egg-info/dependency_links.txt
[2.047s] writing entry points to ../build/gazebo_viz/gazebo_viz.egg-info/entry_points.txt
[2.047s] writing requirements to ../build/gazebo_viz/gazebo_viz.egg-info/requires.txt
[2.047s] writing top-level names to ../build/gazebo_viz/gazebo_viz.egg-info/top_level.txt
[2.047s] writing manifest file '../build/gazebo_viz/gazebo_viz.egg-info/SOURCES.txt'
[2.049s] reading manifest file '../build/gazebo_viz/gazebo_viz.egg-info/SOURCES.txt'
[2.063s] writing manifest file '../build/gazebo_viz/gazebo_viz.egg-info/SOURCES.txt'
[2.063s] running build
[2.064s] running build_py
[2.064s] creating /home/konrad/TrailblazerML/src/build/gazebo_viz/build
[2.064s] creating /home/konrad/TrailblazerML/src/build/gazebo_viz/build/lib
[2.064s] creating /home/konrad/TrailblazerML/src/build/gazebo_viz/build/lib/gazebo_viz
[2.066s] copying gazebo_viz/__init__.py -> /home/konrad/TrailblazerML/src/build/gazebo_viz/build/lib/gazebo_viz
[2.067s] running install
[2.067s] running install_lib
[2.067s] creating /home/konrad/TrailblazerML/src/install/gazebo_viz/lib/python3.10/site-packages/gazebo_viz
[2.067s] copying /home/konrad/TrailblazerML/src/build/gazebo_viz/build/lib/gazebo_viz/__init__.py -> /home/konrad/TrailblazerML/src/install/gazebo_viz/lib/python3.10/site-packages/gazebo_viz
[2.067s] byte-compiling /home/konrad/TrailblazerML/src/install/gazebo_viz/lib/python3.10/site-packages/gazebo_viz/__init__.py to __init__.cpython-310.pyc
[2.067s] running install_data
[2.068s] creating /home/konrad/TrailblazerML/src/install/gazebo_viz/share/ament_index
[2.068s] creating /home/konrad/TrailblazerML/src/install/gazebo_viz/share/ament_index/resource_index
[2.068s] creating /home/konrad/TrailblazerML/src/install/gazebo_viz/share/ament_index/resource_index/packages
[2.069s] copying resource/gazebo_viz -> /home/konrad/TrailblazerML/src/install/gazebo_viz/share/ament_index/resource_index/packages
[2.069s] copying package.xml -> /home/konrad/TrailblazerML/src/install/gazebo_viz/share/gazebo_viz
[2.069s] creating /home/konrad/TrailblazerML/src/install/gazebo_viz/share/gazebo_viz/launch
[2.069s] copying launch/localization_launch.py -> /home/konrad/TrailblazerML/src/install/gazebo_viz/share/gazebo_viz/launch
[2.069s] copying launch/online_async_launch.py -> /home/konrad/TrailblazerML/src/install/gazebo_viz/share/gazebo_viz/launch
[2.069s] copying launch/camera.launch.py -> /home/konrad/TrailblazerML/src/install/gazebo_viz/share/gazebo_viz/launch
[2.069s] copying launch/navigation_launch.py -> /home/konrad/TrailblazerML/src/install/gazebo_viz/share/gazebo_viz/launch
[2.069s] copying launch/teleop_twist_keyboard.launch.py -> /home/konrad/TrailblazerML/src/install/gazebo_viz/share/gazebo_viz/launch
[2.069s] copying launch/launch_robot.launch.py -> /home/konrad/TrailblazerML/src/install/gazebo_viz/share/gazebo_viz/launch
[2.069s] copying launch/rsp.launch.py -> /home/konrad/TrailblazerML/src/install/gazebo_viz/share/gazebo_viz/launch
[2.070s] copying launch/ball_tracker.launch.py -> /home/konrad/TrailblazerML/src/install/gazebo_viz/share/gazebo_viz/launch
[2.071s] copying launch/launch_sim.launch.py -> /home/konrad/TrailblazerML/src/install/gazebo_viz/share/gazebo_viz/launch
[2.071s] copying launch/joystick.launch.py -> /home/konrad/TrailblazerML/src/install/gazebo_viz/share/gazebo_viz/launch
[2.071s] copying launch/rplidar.launch.py -> /home/konrad/TrailblazerML/src/install/gazebo_viz/share/gazebo_viz/launch
[2.071s] creating /home/konrad/TrailblazerML/src/install/gazebo_viz/share/gazebo_viz/worlds
[2.071s] copying worlds/obstacles.world -> /home/konrad/TrailblazerML/src/install/gazebo_viz/share/gazebo_viz/worlds
[2.072s] copying worlds/empty.world -> /home/konrad/TrailblazerML/src/install/gazebo_viz/share/gazebo_viz/worlds
[2.072s] creating /home/konrad/TrailblazerML/src/install/gazebo_viz/share/gazebo_viz/description
[2.072s] copying description/gazebo_control.xacro -> /home/konrad/TrailblazerML/src/install/gazebo_viz/share/gazebo_viz/description
[2.072s] copying description/face.xacro -> /home/konrad/TrailblazerML/src/install/gazebo_viz/share/gazebo_viz/description
[2.073s] copying description/robot.urdf.xacro -> /home/konrad/TrailblazerML/src/install/gazebo_viz/share/gazebo_viz/description
[2.073s] copying description/camera.xacro -> /home/konrad/TrailblazerML/src/install/gazebo_viz/share/gazebo_viz/description
[2.073s] copying description/depth_camera.xacro -> /home/konrad/TrailblazerML/src/install/gazebo_viz/share/gazebo_viz/description
[2.073s] copying description/inertial_macros.xacro -> /home/konrad/TrailblazerML/src/install/gazebo_viz/share/gazebo_viz/description
[2.074s] copying description/lidar.xacro -> /home/konrad/TrailblazerML/src/install/gazebo_viz/share/gazebo_viz/description
[2.074s] copying description/robot_core.xacro -> /home/konrad/TrailblazerML/src/install/gazebo_viz/share/gazebo_viz/description
[2.075s] copying description/ros2_control.xacro -> /home/konrad/TrailblazerML/src/install/gazebo_viz/share/gazebo_viz/description
[2.079s] creating /home/konrad/TrailblazerML/src/install/gazebo_viz/share/gazebo_viz/config
[2.079s] copying config/gaz_ros2_ctl_use_sim.yaml -> /home/konrad/TrailblazerML/src/install/gazebo_viz/share/gazebo_viz/config
[2.079s] copying config/twist_mux.yaml -> /home/konrad/TrailblazerML/src/install/gazebo_viz/share/gazebo_viz/config
[2.082s] copying config/joystick.yaml -> /home/konrad/TrailblazerML/src/install/gazebo_viz/share/gazebo_viz/config
[2.082s] copying config/mapper_params_online_async.yaml -> /home/konrad/TrailblazerML/src/install/gazebo_viz/share/gazebo_viz/config
[2.082s] copying config/ball_tracker_params_robot.yaml -> /home/konrad/TrailblazerML/src/install/gazebo_viz/share/gazebo_viz/config
[2.086s] copying config/my_controllers_right.yaml -> /home/konrad/TrailblazerML/src/install/gazebo_viz/share/gazebo_viz/config
[2.086s] copying config/ball_tracker_params_sim.yaml -> /home/konrad/TrailblazerML/src/install/gazebo_viz/share/gazebo_viz/config
[2.086s] copying config/my_controllers.yaml -> /home/konrad/TrailblazerML/src/install/gazebo_viz/share/gazebo_viz/config
[2.086s] copying config/my_controllers_left.yaml -> /home/konrad/TrailblazerML/src/install/gazebo_viz/share/gazebo_viz/config
[2.087s] copying config/gazebo_params.yaml -> /home/konrad/TrailblazerML/src/install/gazebo_viz/share/gazebo_viz/config
[2.088s] copying config/empty.yaml -> /home/konrad/TrailblazerML/src/install/gazebo_viz/share/gazebo_viz/config
[2.089s] copying config/nav2_params.yaml -> /home/konrad/TrailblazerML/src/install/gazebo_viz/share/gazebo_viz/config
[2.090s] creating /home/konrad/TrailblazerML/src/install/gazebo_viz/share/gazebo_viz/meshes
[2.091s] running install_egg_info
[2.100s] Copying ../build/gazebo_viz/gazebo_viz.egg-info to /home/konrad/TrailblazerML/src/install/gazebo_viz/lib/python3.10/site-packages/gazebo_viz-0.0.0-py3.10.egg-info
[2.107s] running install_scripts
[2.174s] writing list of installed files to '/home/konrad/TrailblazerML/src/build/gazebo_viz/install.log'
[2.470s] Invoked command in '/home/konrad/TrailblazerML/src/gazebo_viz' returned '0': PYTHONPATH=/home/konrad/TrailblazerML/src/build/gazebo_viz/prefix_override:/usr/lib/python3/dist-packages/colcon_core/task/python/colcon_distutils_commands:/home/konrad/TrailblazerML/src/install/gazebo_viz/lib/python3.10/site-packages:${PYTHONPATH} /usr/bin/python3 -W ignore:setup.py install is deprecated -W ignore:easy_install command is deprecated setup.py egg_info --egg-base ../build/gazebo_viz build --build-base /home/konrad/TrailblazerML/src/build/gazebo_viz/build install --record /home/konrad/TrailblazerML/src/build/gazebo_viz/install.log --single-version-externally-managed install_data
